Preprocessing took 0.01 seconds.
   Loading /home/tyler/anaconda3/envs/dw/data/marmousi/deepwave_example/shots16/vp_init.pt...torch.Size([600, 250])
   Loading /home/tyler/anaconda3/envs/dw/data/marmousi/deepwave_example/shots16/src_amp_y.pt...torch.Size([16, 1, 300])
   Loading /home/tyler/anaconda3/envs/dw/data/marmousi/deepwave_example/shots16/obs_data.pt...torch.Size([16, 100, 300])
   Loading /home/tyler/anaconda3/envs/dw/data/marmousi/deepwave_example/shots16/src_loc_y.pt...torch.Size([16, 1, 2])
   Loading /home/tyler/anaconda3/envs/dw/data/marmousi/deepwave_example/shots16/rec_loc_y.pt...torch.Size([16, 100, 2])
Preprocess time rank 0: 1.07 seconds.
iter=0, loss=5.78e-03, mse=5.78e-03, tik=9.36e-07, reg_strength=1.00e-06, training.loss: 5.78e+03, lr: 1.000e+00, obs_data.norm: 4.05e+01, out.norm: 3.99e+01, rank: 0
iter=1, loss=2.81e-03, mse=2.48e-03, tik=3.27e-04, reg_strength=9.60e-07, training.loss: 2.81e+03, lr: 1.000e+00, obs_data.norm: 4.05e+01, out.norm: 2.97e+01, rank: 0
iter=2, loss=2.02e-03, mse=1.74e-03, tik=2.77e-04, reg_strength=9.20e-07, training.loss: 2.02e+03, lr: 1.000e+00, obs_data.norm: 4.05e+01, out.norm: 3.42e+01, rank: 0
iter=3, loss=9.03e-04, mse=7.44e-04, tik=1.60e-04, reg_strength=8.80e-07, training.loss: 9.03e+02, lr: 1.000e+00, obs_data.norm: 4.05e+01, out.norm: 3.89e+01, rank: 0
iter=4, loss=3.55e-04, mse=2.68e-04, tik=8.67e-05, reg_strength=8.40e-07, training.loss: 3.55e+02, lr: 1.000e+00, obs_data.norm: 4.05e+01, out.norm: 3.94e+01, rank: 0
iter=5, loss=1.73e-04, mse=1.27e-04, tik=4.63e-05, reg_strength=8.00e-07, training.loss: 1.73e+02, lr: 1.000e+00, obs_data.norm: 4.05e+01, out.norm: 4.00e+01, rank: 0
iter=6, loss=9.11e-05, mse=7.07e-05, tik=2.04e-05, reg_strength=7.60e-07, training.loss: 9.11e+01, lr: 1.000e+00, obs_data.norm: 4.05e+01, out.norm: 4.03e+01, rank: 0
iter=7, loss=5.65e-05, mse=4.58e-05, tik=1.06e-05, reg_strength=7.20e-07, training.loss: 5.65e+01, lr: 1.000e+00, obs_data.norm: 4.05e+01, out.norm: 4.04e+01, rank: 0
iter=8, loss=3.91e-05, mse=2.94e-05, tik=9.72e-06, reg_strength=6.80e-07, training.loss: 3.91e+01, lr: 1.000e+00, obs_data.norm: 4.05e+01, out.norm: 4.05e+01, rank: 0
iter=9, loss=3.05e-05, mse=2.15e-05, tik=9.08e-06, reg_strength=6.40e-07, training.loss: 3.05e+01, lr: 1.000e+00, obs_data.norm: 4.05e+01, out.norm: 4.06e+01, rank: 0
iter=10, loss=2.57e-05, mse=1.75e-05, tik=8.28e-06, reg_strength=6.00e-07, training.loss: 2.57e+01, lr: 1.000e+00, obs_data.norm: 4.05e+01, out.norm: 4.06e+01, rank: 0
iter=11, loss=2.33e-05, mse=1.57e-05, tik=7.55e-06, reg_strength=5.60e-07, training.loss: 2.33e+01, lr: 1.000e+00, obs_data.norm: 4.05e+01, out.norm: 4.06e+01, rank: 0
iter=12, loss=2.16e-05, mse=1.45e-05, tik=7.08e-06, reg_strength=5.20e-07, training.loss: 2.16e+01, lr: 1.000e+00, obs_data.norm: 4.05e+01, out.norm: 4.06e+01, rank: 0
iter=13, loss=1.97e-05, mse=1.30e-05, tik=6.71e-06, reg_strength=4.80e-07, training.loss: 1.97e+01, lr: 1.000e+00, obs_data.norm: 4.05e+01, out.norm: 4.06e+01, rank: 0
iter=14, loss=1.82e-05, mse=1.18e-05, tik=6.42e-06, reg_strength=4.40e-07, training.loss: 1.82e+01, lr: 1.000e+00, obs_data.norm: 4.05e+01, out.norm: 4.06e+01, rank: 0
iter=15, loss=1.71e-05, mse=1.10e-05, tik=6.04e-06, reg_strength=4.00e-07, training.loss: 1.71e+01, lr: 1.000e+00, obs_data.norm: 4.05e+01, out.norm: 4.06e+01, rank: 0
iter=16, loss=1.61e-05, mse=1.03e-05, tik=5.74e-06, reg_strength=3.60e-07, training.loss: 1.61e+01, lr: 1.000e+00, obs_data.norm: 4.05e+01, out.norm: 4.06e+01, rank: 0
iter=17, loss=1.51e-05, mse=9.77e-06, tik=5.35e-06, reg_strength=3.20e-07, training.loss: 1.51e+01, lr: 1.000e+00, obs_data.norm: 4.05e+01, out.norm: 4.06e+01, rank: 0
iter=18, loss=1.41e-05, mse=9.18e-06, tik=4.87e-06, reg_strength=2.80e-07, training.loss: 1.41e+01, lr: 1.000e+00, obs_data.norm: 4.05e+01, out.norm: 4.06e+01, rank: 0
iter=19, loss=1.29e-05, mse=8.59e-06, tik=4.34e-06, reg_strength=2.40e-07, training.loss: 1.29e+01, lr: 1.000e+00, obs_data.norm: 4.05e+01, out.norm: 4.06e+01, rank: 0
iter=20, loss=1.20e-05, mse=8.24e-06, tik=3.74e-06, reg_strength=2.00e-07, training.loss: 1.20e+01, lr: 1.000e+00, obs_data.norm: 4.05e+01, out.norm: 4.06e+01, rank: 0
iter=21, loss=1.11e-05, mse=7.93e-06, tik=3.13e-06, reg_strength=1.60e-07, training.loss: 1.11e+01, lr: 1.000e+00, obs_data.norm: 4.05e+01, out.norm: 4.06e+01, rank: 0
iter=22, loss=1.02e-05, mse=7.70e-06, tik=2.47e-06, reg_strength=1.20e-07, training.loss: 1.02e+01, lr: 1.000e+00, obs_data.norm: 4.05e+01, out.norm: 4.06e+01, rank: 0
iter=23, loss=9.65e-06, mse=7.48e-06, tik=2.17e-06, reg_strength=1.00e-07, training.loss: 9.65e+00, lr: 1.000e+00, obs_data.norm: 4.05e+01, out.norm: 4.06e+01, rank: 0
iter=24, loss=9.58e-06, mse=7.33e-06, tik=2.25e-06, reg_strength=1.00e-07, training.loss: 9.58e+00, lr: 1.000e+00, obs_data.norm: 4.05e+01, out.norm: 4.06e+01, rank: 0
Presaving loss on rank 0
Presaving vp on rank 0
Presaving out on rank 0
Presaving loss on rank 0
Presaving vp on rank 0
Presaving out on rank 0
yo
destroyed
Train time rank 0: 106.20 seconds.
