Preprocessing took 0.01 seconds.
   Loading /home/tyler/anaconda3/envs/dw/data/marmousi/deepwave_example/shots16/vp_init.pt...torch.Size([600, 250])
   Loading /home/tyler/anaconda3/envs/dw/data/marmousi/deepwave_example/shots16/src_amp_y.pt...torch.Size([16, 1, 300])
   Loading /home/tyler/anaconda3/envs/dw/data/marmousi/deepwave_example/shots16/obs_data.pt...torch.Size([16, 100, 300])
   Loading /home/tyler/anaconda3/envs/dw/data/marmousi/deepwave_example/shots16/src_loc_y.pt...torch.Size([16, 1, 2])
   Loading /home/tyler/anaconda3/envs/dw/data/marmousi/deepwave_example/shots16/rec_loc_y.pt...torch.Size([16, 100, 2])
Preprocess time rank 1: 1.06 seconds.
iter=0, loss=7.53e-03, mse=7.53e-03, tik=9.36e-07, reg_strength=1.00e-06, training.loss: 7.53e+03, lr: 1.000e+00, obs_data.norm: 4.18e+01, out.norm: 4.01e+01, rank: 1
iter=1, loss=3.77e-03, mse=3.44e-03, tik=3.27e-04, reg_strength=9.60e-07, training.loss: 3.77e+03, lr: 1.000e+00, obs_data.norm: 4.18e+01, out.norm: 2.56e+01, rank: 1
iter=2, loss=2.58e-03, mse=2.30e-03, tik=2.77e-04, reg_strength=9.20e-07, training.loss: 2.58e+03, lr: 1.000e+00, obs_data.norm: 4.18e+01, out.norm: 3.31e+01, rank: 1
iter=3, loss=1.15e-03, mse=9.93e-04, tik=1.60e-04, reg_strength=8.80e-07, training.loss: 1.15e+03, lr: 1.000e+00, obs_data.norm: 4.18e+01, out.norm: 3.98e+01, rank: 1
iter=4, loss=4.43e-04, mse=3.57e-04, tik=8.67e-05, reg_strength=8.40e-07, training.loss: 4.43e+02, lr: 1.000e+00, obs_data.norm: 4.18e+01, out.norm: 4.00e+01, rank: 1
iter=5, loss=2.16e-04, mse=1.70e-04, tik=4.63e-05, reg_strength=8.00e-07, training.loss: 2.16e+02, lr: 1.000e+00, obs_data.norm: 4.18e+01, out.norm: 4.10e+01, rank: 1
iter=6, loss=1.14e-04, mse=9.36e-05, tik=2.04e-05, reg_strength=7.60e-07, training.loss: 1.14e+02, lr: 1.000e+00, obs_data.norm: 4.18e+01, out.norm: 4.13e+01, rank: 1
iter=7, loss=6.72e-05, mse=5.66e-05, tik=1.06e-05, reg_strength=7.20e-07, training.loss: 6.72e+01, lr: 1.000e+00, obs_data.norm: 4.18e+01, out.norm: 4.16e+01, rank: 1
iter=8, loss=4.39e-05, mse=3.42e-05, tik=9.72e-06, reg_strength=6.80e-07, training.loss: 4.39e+01, lr: 1.000e+00, obs_data.norm: 4.18e+01, out.norm: 4.16e+01, rank: 1
iter=9, loss=3.24e-05, mse=2.33e-05, tik=9.08e-06, reg_strength=6.40e-07, training.loss: 3.24e+01, lr: 1.000e+00, obs_data.norm: 4.18e+01, out.norm: 4.17e+01, rank: 1
iter=10, loss=2.71e-05, mse=1.88e-05, tik=8.28e-06, reg_strength=6.00e-07, training.loss: 2.71e+01, lr: 1.000e+00, obs_data.norm: 4.18e+01, out.norm: 4.17e+01, rank: 1
iter=11, loss=2.42e-05, mse=1.66e-05, tik=7.55e-06, reg_strength=5.60e-07, training.loss: 2.42e+01, lr: 1.000e+00, obs_data.norm: 4.18e+01, out.norm: 4.17e+01, rank: 1
iter=12, loss=2.25e-05, mse=1.54e-05, tik=7.08e-06, reg_strength=5.20e-07, training.loss: 2.25e+01, lr: 1.000e+00, obs_data.norm: 4.18e+01, out.norm: 4.17e+01, rank: 1
iter=13, loss=2.11e-05, mse=1.44e-05, tik=6.71e-06, reg_strength=4.80e-07, training.loss: 2.11e+01, lr: 1.000e+00, obs_data.norm: 4.18e+01, out.norm: 4.18e+01, rank: 1
iter=14, loss=1.97e-05, mse=1.33e-05, tik=6.42e-06, reg_strength=4.40e-07, training.loss: 1.97e+01, lr: 1.000e+00, obs_data.norm: 4.18e+01, out.norm: 4.18e+01, rank: 1
iter=15, loss=1.82e-05, mse=1.21e-05, tik=6.04e-06, reg_strength=4.00e-07, training.loss: 1.82e+01, lr: 1.000e+00, obs_data.norm: 4.18e+01, out.norm: 4.18e+01, rank: 1
iter=16, loss=1.68e-05, mse=1.11e-05, tik=5.74e-06, reg_strength=3.60e-07, training.loss: 1.68e+01, lr: 1.000e+00, obs_data.norm: 4.18e+01, out.norm: 4.18e+01, rank: 1
iter=17, loss=1.53e-05, mse=9.94e-06, tik=5.35e-06, reg_strength=3.20e-07, training.loss: 1.53e+01, lr: 1.000e+00, obs_data.norm: 4.18e+01, out.norm: 4.18e+01, rank: 1
iter=18, loss=1.37e-05, mse=8.78e-06, tik=4.87e-06, reg_strength=2.80e-07, training.loss: 1.37e+01, lr: 1.000e+00, obs_data.norm: 4.18e+01, out.norm: 4.18e+01, rank: 1
iter=19, loss=1.23e-05, mse=7.98e-06, tik=4.34e-06, reg_strength=2.40e-07, training.loss: 1.23e+01, lr: 1.000e+00, obs_data.norm: 4.18e+01, out.norm: 4.18e+01, rank: 1
iter=20, loss=1.11e-05, mse=7.32e-06, tik=3.74e-06, reg_strength=2.00e-07, training.loss: 1.11e+01, lr: 1.000e+00, obs_data.norm: 4.18e+01, out.norm: 4.18e+01, rank: 1
iter=21, loss=1.00e-05, mse=6.87e-06, tik=3.13e-06, reg_strength=1.60e-07, training.loss: 1.00e+01, lr: 1.000e+00, obs_data.norm: 4.18e+01, out.norm: 4.18e+01, rank: 1
iter=22, loss=9.02e-06, mse=6.54e-06, tik=2.47e-06, reg_strength=1.20e-07, training.loss: 9.02e+00, lr: 1.000e+00, obs_data.norm: 4.18e+01, out.norm: 4.18e+01, rank: 1
iter=23, loss=8.48e-06, mse=6.31e-06, tik=2.17e-06, reg_strength=1.00e-07, training.loss: 8.48e+00, lr: 1.000e+00, obs_data.norm: 4.18e+01, out.norm: 4.18e+01, rank: 1
iter=24, loss=8.34e-06, mse=6.09e-06, tik=2.25e-06, reg_strength=1.00e-07, training.loss: 8.34e+00, lr: 1.000e+00, obs_data.norm: 4.18e+01, out.norm: 4.18e+01, rank: 1
Presaving loss on rank 1
Presaving vp on rank 1
Presaving out on rank 1
Presaving loss on rank 1
Presaving vp on rank 1
Presaving out on rank 1
yo
destroyed
Train time rank 1: 106.20 seconds.
