Preprocessing took 0.00 seconds.
   Loading /home/tyler/anaconda3/envs/dw/data/marmousi/deepwave_example/shots16/vp_init.pt...torch.Size([600, 250])
   Loading /home/tyler/anaconda3/envs/dw/data/marmousi/deepwave_example/shots16/src_amp_y.pt...torch.Size([16, 1, 300])
   Loading /home/tyler/anaconda3/envs/dw/data/marmousi/deepwave_example/shots16/obs_data.pt...torch.Size([16, 100, 300])
   Loading /home/tyler/anaconda3/envs/dw/data/marmousi/deepwave_example/shots16/src_loc_y.pt...torch.Size([16, 1, 2])
   Loading /home/tyler/anaconda3/envs/dw/data/marmousi/deepwave_example/shots16/rec_loc_y.pt...torch.Size([16, 100, 2])
Preprocess time rank 0: 0.38 seconds.
rank: 0, iter: 1, loss: 4.18e+05, training.loss: 4.18e+05, lr: 1.000e+00, obs_data.norm: 4.05e+01, out.norm: 4.02e+01, rank: 0
rank: 0, iter: 2, loss: 1.82e+05, training.loss: 1.82e+05, lr: 1.000e+00, obs_data.norm: 4.05e+01, out.norm: 4.01e+01, rank: 0
rank: 0, iter: 3, loss: 9.35e+04, training.loss: 9.35e+04, lr: 1.000e+00, obs_data.norm: 4.05e+01, out.norm: 4.05e+01, rank: 0
rank: 0, iter: 4, loss: 3.31e+04, training.loss: 3.31e+04, lr: 1.000e+00, obs_data.norm: 4.05e+01, out.norm: 4.05e+01, rank: 0
rank: 0, iter: 5, loss: 6.69e+03, training.loss: 6.69e+03, lr: 1.000e+00, obs_data.norm: 4.05e+01, out.norm: 4.05e+01, rank: 0
rank: 0, iter: 6, loss: 1.75e+02, training.loss: 1.75e+02, lr: 1.000e+00, obs_data.norm: 4.05e+01, out.norm: 4.07e+01, rank: 0
rank: 0, iter: 7, loss: 4.48e+01, training.loss: 4.48e+01, lr: 1.000e+00, obs_data.norm: 4.05e+01, out.norm: 4.07e+01, rank: 0
rank: 0, iter: 8, loss: 3.63e+01, training.loss: 3.63e+01, lr: 1.000e+00, obs_data.norm: 4.05e+01, out.norm: 4.06e+01, rank: 0
rank: 0, iter: 9, loss: 3.36e+01, training.loss: 3.36e+01, lr: 1.000e+00, obs_data.norm: 4.05e+01, out.norm: 4.06e+01, rank: 0
rank: 0, iter: 10, loss: 3.22e+01, training.loss: 3.22e+01, lr: 1.000e+00, obs_data.norm: 4.05e+01, out.norm: 4.06e+01, rank: 0
rank: 0, iter: 11, loss: 3.15e+01, training.loss: 3.15e+01, lr: 1.000e+00, obs_data.norm: 4.05e+01, out.norm: 4.06e+01, rank: 0
rank: 0, iter: 12, loss: 3.10e+01, training.loss: 3.10e+01, lr: 1.000e+00, obs_data.norm: 4.05e+01, out.norm: 4.06e+01, rank: 0
rank: 0, iter: 13, loss: 3.06e+01, training.loss: 3.06e+01, lr: 1.000e+00, obs_data.norm: 4.05e+01, out.norm: 4.06e+01, rank: 0
rank: 0, iter: 14, loss: 3.01e+01, training.loss: 3.01e+01, lr: 1.000e+00, obs_data.norm: 4.05e+01, out.norm: 4.06e+01, rank: 0
rank: 0, iter: 15, loss: 2.98e+01, training.loss: 2.98e+01, lr: 1.000e+00, obs_data.norm: 4.05e+01, out.norm: 4.06e+01, rank: 0
rank: 0, iter: 16, loss: 2.95e+01, training.loss: 2.95e+01, lr: 1.000e+00, obs_data.norm: 4.05e+01, out.norm: 4.06e+01, rank: 0
rank: 0, iter: 17, loss: 2.92e+01, training.loss: 2.92e+01, lr: 1.000e+00, obs_data.norm: 4.05e+01, out.norm: 4.06e+01, rank: 0
rank: 0, iter: 18, loss: 2.89e+01, training.loss: 2.89e+01, lr: 1.000e+00, obs_data.norm: 4.05e+01, out.norm: 4.06e+01, rank: 0
rank: 0, iter: 19, loss: 2.85e+01, training.loss: 2.85e+01, lr: 1.000e+00, obs_data.norm: 4.05e+01, out.norm: 4.06e+01, rank: 0
rank: 0, iter: 20, loss: 2.82e+01, training.loss: 2.82e+01, lr: 1.000e+00, obs_data.norm: 4.05e+01, out.norm: 4.06e+01, rank: 0
rank: 0, iter: 21, loss: 2.78e+01, training.loss: 2.78e+01, lr: 1.000e+00, obs_data.norm: 4.05e+01, out.norm: 4.06e+01, rank: 0
rank: 0, iter: 22, loss: 2.73e+01, training.loss: 2.73e+01, lr: 1.000e+00, obs_data.norm: 4.05e+01, out.norm: 4.06e+01, rank: 0
rank: 0, iter: 23, loss: 2.68e+01, training.loss: 2.68e+01, lr: 1.000e+00, obs_data.norm: 4.05e+01, out.norm: 4.06e+01, rank: 0
rank: 0, iter: 24, loss: 2.61e+01, training.loss: 2.61e+01, lr: 1.000e+00, obs_data.norm: 4.05e+01, out.norm: 4.06e+01, rank: 0
rank: 0, iter: 25, loss: 2.54e+01, training.loss: 2.54e+01, lr: 1.000e+00, obs_data.norm: 4.05e+01, out.norm: 4.06e+01, rank: 0
rank: 0, iter: 26, loss: 2.47e+01, training.loss: 2.47e+01, lr: 1.000e+00, obs_data.norm: 4.05e+01, out.norm: 4.06e+01, rank: 0
rank: 0, iter: 27, loss: 2.41e+01, training.loss: 2.41e+01, lr: 1.000e+00, obs_data.norm: 4.05e+01, out.norm: 4.06e+01, rank: 0
rank: 0, iter: 28, loss: 2.35e+01, training.loss: 2.35e+01, lr: 1.000e+00, obs_data.norm: 4.05e+01, out.norm: 4.06e+01, rank: 0
rank: 0, iter: 29, loss: 2.29e+01, training.loss: 2.29e+01, lr: 1.000e+00, obs_data.norm: 4.05e+01, out.norm: 4.05e+01, rank: 0
rank: 0, iter: 30, loss: 2.24e+01, training.loss: 2.24e+01, lr: 1.000e+00, obs_data.norm: 4.05e+01, out.norm: 4.05e+01, rank: 0
rank: 0, iter: 31, loss: 2.18e+01, training.loss: 2.18e+01, lr: 1.000e+00, obs_data.norm: 4.05e+01, out.norm: 4.05e+01, rank: 0
rank: 0, iter: 32, loss: 2.11e+01, training.loss: 2.11e+01, lr: 1.000e+00, obs_data.norm: 4.05e+01, out.norm: 4.05e+01, rank: 0
rank: 0, iter: 33, loss: 2.04e+01, training.loss: 2.04e+01, lr: 1.000e+00, obs_data.norm: 4.05e+01, out.norm: 4.05e+01, rank: 0
rank: 0, iter: 34, loss: 1.98e+01, training.loss: 1.98e+01, lr: 1.000e+00, obs_data.norm: 4.05e+01, out.norm: 4.05e+01, rank: 0
rank: 0, iter: 35, loss: 1.92e+01, training.loss: 1.92e+01, lr: 1.000e+00, obs_data.norm: 4.05e+01, out.norm: 4.05e+01, rank: 0
rank: 0, iter: 36, loss: 1.86e+01, training.loss: 1.86e+01, lr: 1.000e+00, obs_data.norm: 4.05e+01, out.norm: 4.05e+01, rank: 0
rank: 0, iter: 37, loss: 1.81e+01, training.loss: 1.81e+01, lr: 1.000e+00, obs_data.norm: 4.05e+01, out.norm: 4.05e+01, rank: 0
rank: 0, iter: 38, loss: 1.76e+01, training.loss: 1.76e+01, lr: 1.000e+00, obs_data.norm: 4.05e+01, out.norm: 4.05e+01, rank: 0
rank: 0, iter: 39, loss: 1.72e+01, training.loss: 1.72e+01, lr: 1.000e+00, obs_data.norm: 4.05e+01, out.norm: 4.05e+01, rank: 0
rank: 0, iter: 40, loss: 1.68e+01, training.loss: 1.68e+01, lr: 1.000e+00, obs_data.norm: 4.05e+01, out.norm: 4.05e+01, rank: 0
rank: 0, iter: 41, loss: 1.64e+01, training.loss: 1.64e+01, lr: 1.000e+00, obs_data.norm: 4.05e+01, out.norm: 4.05e+01, rank: 0
rank: 0, iter: 42, loss: 1.60e+01, training.loss: 1.60e+01, lr: 1.000e+00, obs_data.norm: 4.05e+01, out.norm: 4.05e+01, rank: 0
rank: 0, iter: 43, loss: 1.57e+01, training.loss: 1.57e+01, lr: 1.000e+00, obs_data.norm: 4.05e+01, out.norm: 4.05e+01, rank: 0
rank: 0, iter: 44, loss: 1.54e+01, training.loss: 1.54e+01, lr: 1.000e+00, obs_data.norm: 4.05e+01, out.norm: 4.05e+01, rank: 0
rank: 0, iter: 45, loss: 1.51e+01, training.loss: 1.51e+01, lr: 1.000e+00, obs_data.norm: 4.05e+01, out.norm: 4.05e+01, rank: 0
rank: 0, iter: 46, loss: 1.48e+01, training.loss: 1.48e+01, lr: 1.000e+00, obs_data.norm: 4.05e+01, out.norm: 4.05e+01, rank: 0
rank: 0, iter: 47, loss: 1.46e+01, training.loss: 1.46e+01, lr: 1.000e+00, obs_data.norm: 4.05e+01, out.norm: 4.05e+01, rank: 0
rank: 0, iter: 48, loss: 1.43e+01, training.loss: 1.43e+01, lr: 1.000e+00, obs_data.norm: 4.05e+01, out.norm: 4.05e+01, rank: 0
rank: 0, iter: 49, loss: 1.41e+01, training.loss: 1.41e+01, lr: 1.000e+00, obs_data.norm: 4.05e+01, out.norm: 4.05e+01, rank: 0
rank: 0, iter: 50, loss: 1.39e+01, training.loss: 1.39e+01, lr: 1.000e+00, obs_data.norm: 4.05e+01, out.norm: 4.05e+01, rank: 0
rank: 0, iter: 51, loss: 1.37e+01, training.loss: 1.37e+01, lr: 1.000e+00, obs_data.norm: 4.05e+01, out.norm: 4.05e+01, rank: 0
rank: 0, iter: 52, loss: 1.35e+01, training.loss: 1.35e+01, lr: 1.000e+00, obs_data.norm: 4.05e+01, out.norm: 4.05e+01, rank: 0
rank: 0, iter: 53, loss: 1.33e+01, training.loss: 1.33e+01, lr: 1.000e+00, obs_data.norm: 4.05e+01, out.norm: 4.05e+01, rank: 0
rank: 0, iter: 54, loss: 1.32e+01, training.loss: 1.32e+01, lr: 1.000e+00, obs_data.norm: 4.05e+01, out.norm: 4.05e+01, rank: 0
rank: 0, iter: 55, loss: 1.30e+01, training.loss: 1.30e+01, lr: 1.000e+00, obs_data.norm: 4.05e+01, out.norm: 4.05e+01, rank: 0
rank: 0, iter: 56, loss: 1.29e+01, training.loss: 1.29e+01, lr: 1.000e+00, obs_data.norm: 4.05e+01, out.norm: 4.05e+01, rank: 0
rank: 0, iter: 57, loss: 1.28e+01, training.loss: 1.28e+01, lr: 1.000e+00, obs_data.norm: 4.05e+01, out.norm: 4.05e+01, rank: 0
rank: 0, iter: 58, loss: 1.27e+01, training.loss: 1.27e+01, lr: 1.000e+00, obs_data.norm: 4.05e+01, out.norm: 4.05e+01, rank: 0
rank: 0, iter: 59, loss: 1.26e+01, training.loss: 1.26e+01, lr: 1.000e+00, obs_data.norm: 4.05e+01, out.norm: 4.05e+01, rank: 0
rank: 0, iter: 60, loss: 1.24e+01, training.loss: 1.24e+01, lr: 1.000e+00, obs_data.norm: 4.05e+01, out.norm: 4.05e+01, rank: 0
rank: 0, iter: 61, loss: 1.23e+01, training.loss: 1.23e+01, lr: 1.000e+00, obs_data.norm: 4.05e+01, out.norm: 4.05e+01, rank: 0
rank: 0, iter: 62, loss: 1.22e+01, training.loss: 1.22e+01, lr: 1.000e+00, obs_data.norm: 4.05e+01, out.norm: 4.05e+01, rank: 0
rank: 0, iter: 63, loss: 1.21e+01, training.loss: 1.21e+01, lr: 1.000e+00, obs_data.norm: 4.05e+01, out.norm: 4.05e+01, rank: 0
rank: 0, iter: 64, loss: 1.20e+01, training.loss: 1.20e+01, lr: 1.000e+00, obs_data.norm: 4.05e+01, out.norm: 4.05e+01, rank: 0
rank: 0, iter: 65, loss: 1.19e+01, training.loss: 1.19e+01, lr: 1.000e+00, obs_data.norm: 4.05e+01, out.norm: 4.05e+01, rank: 0
rank: 0, iter: 66, loss: 1.18e+01, training.loss: 1.18e+01, lr: 1.000e+00, obs_data.norm: 4.05e+01, out.norm: 4.05e+01, rank: 0
rank: 0, iter: 67, loss: 1.16e+01, training.loss: 1.16e+01, lr: 1.000e+00, obs_data.norm: 4.05e+01, out.norm: 4.05e+01, rank: 0
rank: 0, iter: 68, loss: 1.16e+01, training.loss: 1.16e+01, lr: 1.000e+00, obs_data.norm: 4.05e+01, out.norm: 4.05e+01, rank: 0
rank: 0, iter: 69, loss: 1.15e+01, training.loss: 1.15e+01, lr: 1.000e+00, obs_data.norm: 4.05e+01, out.norm: 4.05e+01, rank: 0
rank: 0, iter: 70, loss: 1.14e+01, training.loss: 1.14e+01, lr: 1.000e+00, obs_data.norm: 4.05e+01, out.norm: 4.05e+01, rank: 0
rank: 0, iter: 71, loss: 1.13e+01, training.loss: 1.13e+01, lr: 1.000e+00, obs_data.norm: 4.05e+01, out.norm: 4.05e+01, rank: 0
rank: 0, iter: 72, loss: 1.12e+01, training.loss: 1.12e+01, lr: 1.000e+00, obs_data.norm: 4.05e+01, out.norm: 4.05e+01, rank: 0
rank: 0, iter: 73, loss: 1.11e+01, training.loss: 1.11e+01, lr: 1.000e+00, obs_data.norm: 4.05e+01, out.norm: 4.05e+01, rank: 0
rank: 0, iter: 74, loss: 1.10e+01, training.loss: 1.10e+01, lr: 1.000e+00, obs_data.norm: 4.05e+01, out.norm: 4.05e+01, rank: 0
rank: 0, iter: 75, loss: 1.10e+01, training.loss: 1.10e+01, lr: 1.000e+00, obs_data.norm: 4.05e+01, out.norm: 4.05e+01, rank: 0
rank: 0, iter: 76, loss: 1.09e+01, training.loss: 1.09e+01, lr: 1.000e+00, obs_data.norm: 4.05e+01, out.norm: 4.05e+01, rank: 0
rank: 0, iter: 77, loss: 1.08e+01, training.loss: 1.08e+01, lr: 1.000e+00, obs_data.norm: 4.05e+01, out.norm: 4.05e+01, rank: 0
rank: 0, iter: 78, loss: 1.07e+01, training.loss: 1.07e+01, lr: 1.000e+00, obs_data.norm: 4.05e+01, out.norm: 4.05e+01, rank: 0
rank: 0, iter: 79, loss: 1.07e+01, training.loss: 1.07e+01, lr: 1.000e+00, obs_data.norm: 4.05e+01, out.norm: 4.05e+01, rank: 0
rank: 0, iter: 80, loss: 1.06e+01, training.loss: 1.06e+01, lr: 1.000e+00, obs_data.norm: 4.05e+01, out.norm: 4.05e+01, rank: 0
rank: 0, iter: 81, loss: 1.06e+01, training.loss: 1.06e+01, lr: 1.000e+00, obs_data.norm: 4.05e+01, out.norm: 4.05e+01, rank: 0
rank: 0, iter: 82, loss: 1.05e+01, training.loss: 1.05e+01, lr: 1.000e+00, obs_data.norm: 4.05e+01, out.norm: 4.05e+01, rank: 0
rank: 0, iter: 83, loss: 1.05e+01, training.loss: 1.05e+01, lr: 1.000e+00, obs_data.norm: 4.05e+01, out.norm: 4.05e+01, rank: 0
rank: 0, iter: 84, loss: 1.04e+01, training.loss: 1.04e+01, lr: 1.000e+00, obs_data.norm: 4.05e+01, out.norm: 4.05e+01, rank: 0
rank: 0, iter: 85, loss: 1.04e+01, training.loss: 1.04e+01, lr: 1.000e+00, obs_data.norm: 4.05e+01, out.norm: 4.05e+01, rank: 0
rank: 0, iter: 86, loss: 1.03e+01, training.loss: 1.03e+01, lr: 1.000e+00, obs_data.norm: 4.05e+01, out.norm: 4.05e+01, rank: 0
rank: 0, iter: 87, loss: 1.03e+01, training.loss: 1.03e+01, lr: 1.000e+00, obs_data.norm: 4.05e+01, out.norm: 4.05e+01, rank: 0
rank: 0, iter: 88, loss: 1.02e+01, training.loss: 1.02e+01, lr: 1.000e+00, obs_data.norm: 4.05e+01, out.norm: 4.05e+01, rank: 0
rank: 0, iter: 89, loss: 1.02e+01, training.loss: 1.02e+01, lr: 1.000e+00, obs_data.norm: 4.05e+01, out.norm: 4.05e+01, rank: 0
rank: 0, iter: 90, loss: 1.01e+01, training.loss: 1.01e+01, lr: 1.000e+00, obs_data.norm: 4.05e+01, out.norm: 4.05e+01, rank: 0
rank: 0, iter: 91, loss: 1.01e+01, training.loss: 1.01e+01, lr: 1.000e+00, obs_data.norm: 4.05e+01, out.norm: 4.05e+01, rank: 0
rank: 0, iter: 92, loss: 1.00e+01, training.loss: 1.00e+01, lr: 1.000e+00, obs_data.norm: 4.05e+01, out.norm: 4.05e+01, rank: 0
rank: 0, iter: 93, loss: 1.00e+01, training.loss: 1.00e+01, lr: 1.000e+00, obs_data.norm: 4.05e+01, out.norm: 4.05e+01, rank: 0
rank: 0, iter: 94, loss: 9.96e+00, training.loss: 9.96e+00, lr: 1.000e+00, obs_data.norm: 4.05e+01, out.norm: 4.05e+01, rank: 0
rank: 0, iter: 95, loss: 9.93e+00, training.loss: 9.93e+00, lr: 1.000e+00, obs_data.norm: 4.05e+01, out.norm: 4.05e+01, rank: 0
rank: 0, iter: 96, loss: 9.89e+00, training.loss: 9.89e+00, lr: 1.000e+00, obs_data.norm: 4.05e+01, out.norm: 4.05e+01, rank: 0
rank: 0, iter: 97, loss: 9.86e+00, training.loss: 9.86e+00, lr: 1.000e+00, obs_data.norm: 4.05e+01, out.norm: 4.05e+01, rank: 0
rank: 0, iter: 98, loss: 9.82e+00, training.loss: 9.82e+00, lr: 1.000e+00, obs_data.norm: 4.05e+01, out.norm: 4.05e+01, rank: 0
rank: 0, iter: 99, loss: 9.79e+00, training.loss: 9.79e+00, lr: 1.000e+00, obs_data.norm: 4.05e+01, out.norm: 4.05e+01, rank: 0
rank: 0, iter: 100, loss: 9.76e+00, training.loss: 9.76e+00, lr: 1.000e+00, obs_data.norm: 4.05e+01, out.norm: 4.05e+01, rank: 0
Presaving loss
Presaving vp
Presaving out
Train time rank 0: 482.48 seconds.
