Preprocessing took 0.00 seconds.
   Loading /home/tyler/anaconda3/envs/dw/data/marmousi/deepwave_example/shots16/twolayer/vp_init.pt...torch.Size([600, 250])
   Loading /home/tyler/anaconda3/envs/dw/data/marmousi/deepwave_example/shots16/twolayer/src_amp_y.pt...torch.Size([16, 1, 300])
   Loading /home/tyler/anaconda3/envs/dw/data/marmousi/deepwave_example/shots16/twolayer/obs_data.pt...torch.Size([16, 100, 300])
   Loading /home/tyler/anaconda3/envs/dw/data/marmousi/deepwave_example/shots16/twolayer/src_loc_y.pt...torch.Size([16, 1, 2])
   Loading /home/tyler/anaconda3/envs/dw/data/marmousi/deepwave_example/shots16/twolayer/rec_loc_y.pt...torch.Size([16, 100, 2])
Preprocess time rank 0: 0.41 seconds.
iter=0, loss=3.13e-03, mse=3.13e-03, tik=0.00e+00, reg_strength=1.00e-04, training.loss: 3.13e+03, lr: 1.000e+00, obs_data.norm: 3.94e+01, out.norm: 4.04e+01, rank: 0
iter=1, loss=1.01e-03, mse=4.05e-04, tik=6.06e-04, reg_strength=9.60e-05, training.loss: 1.01e+03, lr: 1.000e+00, obs_data.norm: 3.94e+01, out.norm: 3.71e+01, rank: 0
iter=2, loss=2.25e-04, mse=5.12e-05, tik=1.74e-04, reg_strength=9.20e-05, training.loss: 2.25e+02, lr: 1.000e+00, obs_data.norm: 3.94e+01, out.norm: 4.01e+01, rank: 0
iter=3, loss=1.71e-04, mse=2.48e-05, tik=1.47e-04, reg_strength=8.80e-05, training.loss: 1.71e+02, lr: 1.000e+00, obs_data.norm: 3.94e+01, out.norm: 3.99e+01, rank: 0
iter=4, loss=1.44e-04, mse=1.49e-05, tik=1.30e-04, reg_strength=8.40e-05, training.loss: 1.44e+02, lr: 1.000e+00, obs_data.norm: 3.94e+01, out.norm: 3.99e+01, rank: 0
iter=5, loss=1.22e-04, mse=1.09e-05, tik=1.11e-04, reg_strength=8.00e-05, training.loss: 1.22e+02, lr: 1.000e+00, obs_data.norm: 3.94e+01, out.norm: 3.98e+01, rank: 0
iter=6, loss=1.07e-04, mse=1.00e-05, tik=9.68e-05, reg_strength=7.60e-05, training.loss: 1.07e+02, lr: 1.000e+00, obs_data.norm: 3.94e+01, out.norm: 3.98e+01, rank: 0
iter=7, loss=9.54e-05, mse=8.87e-06, tik=8.65e-05, reg_strength=7.20e-05, training.loss: 9.54e+01, lr: 1.000e+00, obs_data.norm: 3.94e+01, out.norm: 3.98e+01, rank: 0
iter=8, loss=8.63e-05, mse=8.64e-06, tik=7.77e-05, reg_strength=6.80e-05, training.loss: 8.63e+01, lr: 1.000e+00, obs_data.norm: 3.94e+01, out.norm: 3.98e+01, rank: 0
iter=9, loss=7.87e-05, mse=7.95e-06, tik=7.08e-05, reg_strength=6.40e-05, training.loss: 7.87e+01, lr: 1.000e+00, obs_data.norm: 3.94e+01, out.norm: 3.98e+01, rank: 0
iter=10, loss=7.21e-05, mse=7.83e-06, tik=6.42e-05, reg_strength=6.00e-05, training.loss: 7.21e+01, lr: 1.000e+00, obs_data.norm: 3.94e+01, out.norm: 3.97e+01, rank: 0
iter=11, loss=6.59e-05, mse=7.51e-06, tik=5.84e-05, reg_strength=5.60e-05, training.loss: 6.59e+01, lr: 1.000e+00, obs_data.norm: 3.94e+01, out.norm: 3.97e+01, rank: 0
iter=12, loss=6.05e-05, mse=7.28e-06, tik=5.32e-05, reg_strength=5.20e-05, training.loss: 6.05e+01, lr: 1.000e+00, obs_data.norm: 3.94e+01, out.norm: 3.97e+01, rank: 0
iter=13, loss=5.54e-05, mse=7.12e-06, tik=4.83e-05, reg_strength=4.80e-05, training.loss: 5.54e+01, lr: 1.000e+00, obs_data.norm: 3.94e+01, out.norm: 3.97e+01, rank: 0
iter=14, loss=5.07e-05, mse=6.95e-06, tik=4.37e-05, reg_strength=4.40e-05, training.loss: 5.07e+01, lr: 1.000e+00, obs_data.norm: 3.94e+01, out.norm: 3.97e+01, rank: 0
iter=15, loss=4.62e-05, mse=6.78e-06, tik=3.94e-05, reg_strength=4.00e-05, training.loss: 4.62e+01, lr: 1.000e+00, obs_data.norm: 3.94e+01, out.norm: 3.97e+01, rank: 0
iter=16, loss=4.18e-05, mse=6.63e-06, tik=3.52e-05, reg_strength=3.60e-05, training.loss: 4.18e+01, lr: 1.000e+00, obs_data.norm: 3.94e+01, out.norm: 3.97e+01, rank: 0
iter=17, loss=3.77e-05, mse=6.47e-06, tik=3.12e-05, reg_strength=3.20e-05, training.loss: 3.77e+01, lr: 1.000e+00, obs_data.norm: 3.94e+01, out.norm: 3.97e+01, rank: 0
iter=18, loss=3.36e-05, mse=6.29e-06, tik=2.74e-05, reg_strength=2.80e-05, training.loss: 3.36e+01, lr: 1.000e+00, obs_data.norm: 3.94e+01, out.norm: 3.97e+01, rank: 0
iter=19, loss=2.97e-05, mse=6.13e-06, tik=2.35e-05, reg_strength=2.40e-05, training.loss: 2.97e+01, lr: 1.000e+00, obs_data.norm: 3.94e+01, out.norm: 3.97e+01, rank: 0
iter=20, loss=2.57e-05, mse=5.93e-06, tik=1.98e-05, reg_strength=2.00e-05, training.loss: 2.57e+01, lr: 1.000e+00, obs_data.norm: 3.94e+01, out.norm: 3.96e+01, rank: 0
iter=21, loss=2.19e-05, mse=5.73e-06, tik=1.61e-05, reg_strength=1.60e-05, training.loss: 2.19e+01, lr: 1.000e+00, obs_data.norm: 3.94e+01, out.norm: 3.96e+01, rank: 0
iter=22, loss=1.80e-05, mse=5.44e-06, tik=1.25e-05, reg_strength=1.20e-05, training.loss: 1.80e+01, lr: 1.000e+00, obs_data.norm: 3.94e+01, out.norm: 3.96e+01, rank: 0
iter=23, loss=1.39e-05, mse=5.07e-06, tik=8.86e-06, reg_strength=8.00e-06, training.loss: 1.39e+01, lr: 1.000e+00, obs_data.norm: 3.94e+01, out.norm: 3.96e+01, rank: 0
iter=24, loss=9.59e-06, mse=4.52e-06, tik=5.07e-06, reg_strength=4.00e-06, training.loss: 9.59e+00, lr: 1.000e+00, obs_data.norm: 3.94e+01, out.norm: 3.96e+01, rank: 0
Presaving loss
Presaving vp
Presaving out
Train time rank 0: 120.58 seconds.
