Preprocessing took 0.00 seconds.
   Loading /home/tyler/anaconda3/envs/dw/data/marmousi/deepwave_example/shots16/twolayer/vp_init.pt...torch.Size([600, 250])
   Loading /home/tyler/anaconda3/envs/dw/data/marmousi/deepwave_example/shots16/twolayer/src_amp_y.pt...torch.Size([16, 1, 300])
   Loading /home/tyler/anaconda3/envs/dw/data/marmousi/deepwave_example/shots16/twolayer/obs_data.pt...torch.Size([16, 100, 300])
   Loading /home/tyler/anaconda3/envs/dw/data/marmousi/deepwave_example/shots16/twolayer/src_loc_y.pt...torch.Size([16, 1, 2])
   Loading /home/tyler/anaconda3/envs/dw/data/marmousi/deepwave_example/shots16/twolayer/rec_loc_y.pt...torch.Size([16, 100, 2])
Preprocess time rank 1: 0.27 seconds.
iter=0, loss=3.66e-03, mse=3.66e-03, tik=0.00e+00, reg_strength=1.00e-04, training.loss: 3.66e+03, lr: 1.000e+00, obs_data.norm: 3.98e+01, out.norm: 4.07e+01, rank: 1
iter=1, loss=1.08e-03, mse=4.78e-04, tik=6.06e-04, reg_strength=9.60e-05, training.loss: 1.08e+03, lr: 1.000e+00, obs_data.norm: 3.98e+01, out.norm: 3.72e+01, rank: 1
iter=2, loss=3.29e-04, mse=1.55e-04, tik=1.74e-04, reg_strength=9.20e-05, training.loss: 3.29e+02, lr: 1.000e+00, obs_data.norm: 3.98e+01, out.norm: 3.97e+01, rank: 1
iter=3, loss=2.22e-04, mse=7.55e-05, tik=1.47e-04, reg_strength=8.80e-05, training.loss: 2.22e+02, lr: 1.000e+00, obs_data.norm: 3.98e+01, out.norm: 3.99e+01, rank: 1
iter=4, loss=1.67e-04, mse=3.78e-05, tik=1.30e-04, reg_strength=8.40e-05, training.loss: 1.67e+02, lr: 1.000e+00, obs_data.norm: 3.98e+01, out.norm: 4.00e+01, rank: 1
iter=5, loss=1.38e-04, mse=2.65e-05, tik=1.11e-04, reg_strength=8.00e-05, training.loss: 1.38e+02, lr: 1.000e+00, obs_data.norm: 3.98e+01, out.norm: 4.00e+01, rank: 1
iter=6, loss=1.19e-04, mse=2.21e-05, tik=9.68e-05, reg_strength=7.60e-05, training.loss: 1.19e+02, lr: 1.000e+00, obs_data.norm: 3.98e+01, out.norm: 4.00e+01, rank: 1
iter=7, loss=1.05e-04, mse=1.83e-05, tik=8.65e-05, reg_strength=7.20e-05, training.loss: 1.05e+02, lr: 1.000e+00, obs_data.norm: 3.98e+01, out.norm: 4.01e+01, rank: 1
iter=8, loss=9.42e-05, mse=1.66e-05, tik=7.77e-05, reg_strength=6.80e-05, training.loss: 9.42e+01, lr: 1.000e+00, obs_data.norm: 3.98e+01, out.norm: 4.01e+01, rank: 1
iter=9, loss=8.53e-05, mse=1.46e-05, tik=7.08e-05, reg_strength=6.40e-05, training.loss: 8.53e+01, lr: 1.000e+00, obs_data.norm: 3.98e+01, out.norm: 4.01e+01, rank: 1
iter=10, loss=7.79e-05, mse=1.37e-05, tik=6.42e-05, reg_strength=6.00e-05, training.loss: 7.79e+01, lr: 1.000e+00, obs_data.norm: 3.98e+01, out.norm: 4.01e+01, rank: 1
iter=11, loss=7.14e-05, mse=1.30e-05, tik=5.84e-05, reg_strength=5.60e-05, training.loss: 7.14e+01, lr: 1.000e+00, obs_data.norm: 3.98e+01, out.norm: 4.01e+01, rank: 1
iter=12, loss=6.53e-05, mse=1.21e-05, tik=5.32e-05, reg_strength=5.20e-05, training.loss: 6.53e+01, lr: 1.000e+00, obs_data.norm: 3.98e+01, out.norm: 4.01e+01, rank: 1
iter=13, loss=6.00e-05, mse=1.16e-05, tik=4.83e-05, reg_strength=4.80e-05, training.loss: 6.00e+01, lr: 1.000e+00, obs_data.norm: 3.98e+01, out.norm: 4.01e+01, rank: 1
iter=14, loss=5.49e-05, mse=1.11e-05, tik=4.37e-05, reg_strength=4.40e-05, training.loss: 5.49e+01, lr: 1.000e+00, obs_data.norm: 3.98e+01, out.norm: 4.01e+01, rank: 1
iter=15, loss=5.00e-05, mse=1.06e-05, tik=3.94e-05, reg_strength=4.00e-05, training.loss: 5.00e+01, lr: 1.000e+00, obs_data.norm: 3.98e+01, out.norm: 4.01e+01, rank: 1
iter=16, loss=4.53e-05, mse=1.01e-05, tik=3.52e-05, reg_strength=3.60e-05, training.loss: 4.53e+01, lr: 1.000e+00, obs_data.norm: 3.98e+01, out.norm: 4.01e+01, rank: 1
iter=17, loss=4.08e-05, mse=9.58e-06, tik=3.12e-05, reg_strength=3.20e-05, training.loss: 4.08e+01, lr: 1.000e+00, obs_data.norm: 3.98e+01, out.norm: 4.01e+01, rank: 1
iter=18, loss=3.64e-05, mse=9.06e-06, tik=2.74e-05, reg_strength=2.80e-05, training.loss: 3.64e+01, lr: 1.000e+00, obs_data.norm: 3.98e+01, out.norm: 4.01e+01, rank: 1
iter=19, loss=3.21e-05, mse=8.53e-06, tik=2.35e-05, reg_strength=2.40e-05, training.loss: 3.21e+01, lr: 1.000e+00, obs_data.norm: 3.98e+01, out.norm: 4.01e+01, rank: 1
iter=20, loss=2.78e-05, mse=7.96e-06, tik=1.98e-05, reg_strength=2.00e-05, training.loss: 2.78e+01, lr: 1.000e+00, obs_data.norm: 3.98e+01, out.norm: 4.01e+01, rank: 1
iter=21, loss=2.35e-05, mse=7.33e-06, tik=1.61e-05, reg_strength=1.60e-05, training.loss: 2.35e+01, lr: 1.000e+00, obs_data.norm: 3.98e+01, out.norm: 4.01e+01, rank: 1
iter=22, loss=1.90e-05, mse=6.50e-06, tik=1.25e-05, reg_strength=1.20e-05, training.loss: 1.90e+01, lr: 1.000e+00, obs_data.norm: 3.98e+01, out.norm: 4.01e+01, rank: 1
iter=23, loss=1.44e-05, mse=5.53e-06, tik=8.86e-06, reg_strength=8.00e-06, training.loss: 1.44e+01, lr: 1.000e+00, obs_data.norm: 3.98e+01, out.norm: 4.01e+01, rank: 1
iter=24, loss=9.28e-06, mse=4.22e-06, tik=5.07e-06, reg_strength=4.00e-06, training.loss: 9.28e+00, lr: 1.000e+00, obs_data.norm: 3.98e+01, out.norm: 4.01e+01, rank: 1
Presaving loss
Presaving vp
Presaving out
Train time rank 1: 120.59 seconds.
