Preprocessing took 0.00 seconds.
   Loading /home/tyler/anaconda3/envs/dw/data/marmousi/deepwave_example/shots16/twolayer/vp_init.pt...torch.Size([600, 250])
   Loading /home/tyler/anaconda3/envs/dw/data/marmousi/deepwave_example/shots16/twolayer/src_amp_y.pt...torch.Size([16, 1, 300])
   Loading /home/tyler/anaconda3/envs/dw/data/marmousi/deepwave_example/shots16/twolayer/obs_data.pt...torch.Size([16, 100, 300])
   Loading /home/tyler/anaconda3/envs/dw/data/marmousi/deepwave_example/shots16/twolayer/src_loc_y.pt...torch.Size([16, 1, 2])
   Loading /home/tyler/anaconda3/envs/dw/data/marmousi/deepwave_example/shots16/twolayer/rec_loc_y.pt...torch.Size([16, 100, 2])
Preprocess time rank 1: 0.25 seconds.
iter=0, loss=3.66e-03, mse=3.66e-03, tik=0.00e+00, reg_strength=1.00e-06, training.loss: 3.66e+03, lr: 1.000e+00, obs_data.norm: 3.98e+01, out.norm: 4.07e+01, rank: 1
iter=1, loss=2.77e-03, mse=2.48e-03, tik=2.91e-04, reg_strength=9.60e-07, training.loss: 2.77e+03, lr: 1.000e+00, obs_data.norm: 3.98e+01, out.norm: 2.87e+01, rank: 1
iter=2, loss=2.21e-03, mse=2.05e-03, tik=1.67e-04, reg_strength=9.20e-07, training.loss: 2.21e+03, lr: 1.000e+00, obs_data.norm: 3.98e+01, out.norm: 3.02e+01, rank: 1
iter=3, loss=1.92e+00, mse=8.81e-03, tik=1.92e+00, reg_strength=8.80e-07, training.loss: 1.92e+06, lr: 1.000e+00, obs_data.norm: 3.98e+01, out.norm: 4.75e+01, rank: 1
iter=4, loss=inf, mse=9.20e-03, tik=inf, reg_strength=8.40e-07, training.loss: inf, lr: 1.000e+00, obs_data.norm: 3.98e+01, out.norm: 4.82e+01, rank: 1
iter=5, loss=inf, mse=9.20e-03, tik=inf, reg_strength=8.00e-07, training.loss: inf, lr: 1.000e+00, obs_data.norm: 3.98e+01, out.norm: 4.82e+01, rank: 1
iter=6, loss=inf, mse=9.20e-03, tik=inf, reg_strength=7.60e-07, training.loss: inf, lr: 1.000e+00, obs_data.norm: 3.98e+01, out.norm: 4.82e+01, rank: 1
iter=7, loss=inf, mse=9.20e-03, tik=inf, reg_strength=7.20e-07, training.loss: inf, lr: 1.000e+00, obs_data.norm: 3.98e+01, out.norm: 4.82e+01, rank: 1
iter=8, loss=inf, mse=9.20e-03, tik=inf, reg_strength=6.80e-07, training.loss: inf, lr: 1.000e+00, obs_data.norm: 3.98e+01, out.norm: 4.82e+01, rank: 1
iter=9, loss=inf, mse=9.20e-03, tik=inf, reg_strength=6.40e-07, training.loss: inf, lr: 1.000e+00, obs_data.norm: 3.98e+01, out.norm: 4.82e+01, rank: 1
iter=10, loss=inf, mse=9.20e-03, tik=inf, reg_strength=6.00e-07, training.loss: inf, lr: 1.000e+00, obs_data.norm: 3.98e+01, out.norm: 4.82e+01, rank: 1
iter=11, loss=inf, mse=9.20e-03, tik=inf, reg_strength=5.60e-07, training.loss: inf, lr: 1.000e+00, obs_data.norm: 3.98e+01, out.norm: 4.82e+01, rank: 1
iter=12, loss=inf, mse=9.20e-03, tik=inf, reg_strength=5.20e-07, training.loss: inf, lr: 1.000e+00, obs_data.norm: 3.98e+01, out.norm: 4.82e+01, rank: 1
iter=13, loss=inf, mse=9.20e-03, tik=inf, reg_strength=4.80e-07, training.loss: inf, lr: 1.000e+00, obs_data.norm: 3.98e+01, out.norm: 4.82e+01, rank: 1
iter=14, loss=inf, mse=9.20e-03, tik=inf, reg_strength=4.40e-07, training.loss: inf, lr: 1.000e+00, obs_data.norm: 3.98e+01, out.norm: 4.82e+01, rank: 1
iter=15, loss=inf, mse=9.20e-03, tik=inf, reg_strength=4.00e-07, training.loss: inf, lr: 1.000e+00, obs_data.norm: 3.98e+01, out.norm: 4.82e+01, rank: 1
iter=16, loss=inf, mse=9.20e-03, tik=inf, reg_strength=3.60e-07, training.loss: inf, lr: 1.000e+00, obs_data.norm: 3.98e+01, out.norm: 4.82e+01, rank: 1
iter=17, loss=inf, mse=9.20e-03, tik=inf, reg_strength=3.20e-07, training.loss: inf, lr: 1.000e+00, obs_data.norm: 3.98e+01, out.norm: 4.82e+01, rank: 1
iter=18, loss=inf, mse=9.20e-03, tik=inf, reg_strength=2.80e-07, training.loss: inf, lr: 1.000e+00, obs_data.norm: 3.98e+01, out.norm: 4.82e+01, rank: 1
iter=19, loss=inf, mse=9.20e-03, tik=inf, reg_strength=2.40e-07, training.loss: inf, lr: 1.000e+00, obs_data.norm: 3.98e+01, out.norm: 4.82e+01, rank: 1
iter=20, loss=inf, mse=9.20e-03, tik=inf, reg_strength=2.00e-07, training.loss: inf, lr: 1.000e+00, obs_data.norm: 3.98e+01, out.norm: 4.82e+01, rank: 1
iter=21, loss=inf, mse=9.20e-03, tik=inf, reg_strength=1.60e-07, training.loss: inf, lr: 1.000e+00, obs_data.norm: 3.98e+01, out.norm: 4.82e+01, rank: 1
iter=22, loss=inf, mse=9.20e-03, tik=inf, reg_strength=1.20e-07, training.loss: inf, lr: 1.000e+00, obs_data.norm: 3.98e+01, out.norm: 4.82e+01, rank: 1
iter=23, loss=inf, mse=9.20e-03, tik=inf, reg_strength=1.00e-07, training.loss: inf, lr: 1.000e+00, obs_data.norm: 3.98e+01, out.norm: 4.82e+01, rank: 1
iter=24, loss=inf, mse=9.20e-03, tik=inf, reg_strength=1.00e-07, training.loss: inf, lr: 1.000e+00, obs_data.norm: 3.98e+01, out.norm: 4.82e+01, rank: 1
Presaving loss
Presaving vp
Presaving out
Train time rank 1: 24.24 seconds.
