Preprocessing took 0.00 seconds.
   Loading /home/tyler/anaconda3/envs/dw/data/marmousi/deepwave_example/shots16/vp_init.pt...torch.Size([600, 250])
   Loading /home/tyler/anaconda3/envs/dw/data/marmousi/deepwave_example/shots16/src_amp_y.pt...torch.Size([16, 1, 300])
   Loading /home/tyler/anaconda3/envs/dw/data/marmousi/deepwave_example/shots16/obs_data.pt...torch.Size([16, 100, 300])
   Loading /home/tyler/anaconda3/envs/dw/data/marmousi/deepwave_example/shots16/src_loc_y.pt...torch.Size([16, 1, 2])
   Loading /home/tyler/anaconda3/envs/dw/data/marmousi/deepwave_example/shots16/rec_loc_y.pt...torch.Size([16, 100, 2])
Preprocess time rank 1: 0.33 seconds.
rank: 1, iter: 1, loss: 1.85e+02, training.loss: 1.85e+02, lr: 1.000e+00, obs_data.norm: 4.18e+01, out.norm: 4.01e+01, rank: 1
rank: 1, iter: 2, loss: 9.70e+01, training.loss: 9.70e+01, lr: 1.000e+00, obs_data.norm: 4.18e+01, out.norm: 4.00e+01, rank: 1
rank: 1, iter: 3, loss: 6.19e+01, training.loss: 6.19e+01, lr: 1.000e+00, obs_data.norm: 4.18e+01, out.norm: 4.13e+01, rank: 1
rank: 1, iter: 4, loss: 4.75e+01, training.loss: 4.75e+01, lr: 1.000e+00, obs_data.norm: 4.18e+01, out.norm: 4.11e+01, rank: 1
rank: 1, iter: 5, loss: 3.81e+01, training.loss: 3.81e+01, lr: 1.000e+00, obs_data.norm: 4.18e+01, out.norm: 4.14e+01, rank: 1
rank: 1, iter: 6, loss: 3.08e+01, training.loss: 3.08e+01, lr: 1.000e+00, obs_data.norm: 4.18e+01, out.norm: 4.14e+01, rank: 1
rank: 1, iter: 7, loss: 2.57e+01, training.loss: 2.57e+01, lr: 1.000e+00, obs_data.norm: 4.18e+01, out.norm: 4.15e+01, rank: 1
rank: 1, iter: 8, loss: 2.23e+01, training.loss: 2.23e+01, lr: 1.000e+00, obs_data.norm: 4.18e+01, out.norm: 4.16e+01, rank: 1
rank: 1, iter: 9, loss: 1.92e+01, training.loss: 1.92e+01, lr: 1.000e+00, obs_data.norm: 4.18e+01, out.norm: 4.16e+01, rank: 1
rank: 1, iter: 10, loss: 1.65e+01, training.loss: 1.65e+01, lr: 1.000e+00, obs_data.norm: 4.18e+01, out.norm: 4.17e+01, rank: 1
rank: 1, iter: 11, loss: 1.42e+01, training.loss: 1.42e+01, lr: 1.000e+00, obs_data.norm: 4.18e+01, out.norm: 4.17e+01, rank: 1
rank: 1, iter: 12, loss: 1.23e+01, training.loss: 1.23e+01, lr: 1.000e+00, obs_data.norm: 4.18e+01, out.norm: 4.18e+01, rank: 1
rank: 1, iter: 13, loss: 1.10e+01, training.loss: 1.10e+01, lr: 1.000e+00, obs_data.norm: 4.18e+01, out.norm: 4.18e+01, rank: 1
rank: 1, iter: 14, loss: 9.75e+00, training.loss: 9.75e+00, lr: 1.000e+00, obs_data.norm: 4.18e+01, out.norm: 4.18e+01, rank: 1
rank: 1, iter: 15, loss: 8.81e+00, training.loss: 8.81e+00, lr: 1.000e+00, obs_data.norm: 4.18e+01, out.norm: 4.18e+01, rank: 1
rank: 1, iter: 16, loss: 8.15e+00, training.loss: 8.15e+00, lr: 1.000e+00, obs_data.norm: 4.18e+01, out.norm: 4.18e+01, rank: 1
rank: 1, iter: 17, loss: 7.56e+00, training.loss: 7.56e+00, lr: 1.000e+00, obs_data.norm: 4.18e+01, out.norm: 4.18e+01, rank: 1
rank: 1, iter: 18, loss: 7.14e+00, training.loss: 7.14e+00, lr: 1.000e+00, obs_data.norm: 4.18e+01, out.norm: 4.18e+01, rank: 1
rank: 1, iter: 19, loss: 6.78e+00, training.loss: 6.78e+00, lr: 1.000e+00, obs_data.norm: 4.18e+01, out.norm: 4.18e+01, rank: 1
rank: 1, iter: 20, loss: 6.42e+00, training.loss: 6.42e+00, lr: 1.000e+00, obs_data.norm: 4.18e+01, out.norm: 4.18e+01, rank: 1
rank: 1, iter: 21, loss: 6.12e+00, training.loss: 6.12e+00, lr: 1.000e+00, obs_data.norm: 4.18e+01, out.norm: 4.18e+01, rank: 1
rank: 1, iter: 22, loss: 5.84e+00, training.loss: 5.84e+00, lr: 1.000e+00, obs_data.norm: 4.18e+01, out.norm: 4.18e+01, rank: 1
rank: 1, iter: 23, loss: 5.60e+00, training.loss: 5.60e+00, lr: 1.000e+00, obs_data.norm: 4.18e+01, out.norm: 4.18e+01, rank: 1
rank: 1, iter: 24, loss: 5.37e+00, training.loss: 5.37e+00, lr: 1.000e+00, obs_data.norm: 4.18e+01, out.norm: 4.18e+01, rank: 1
rank: 1, iter: 25, loss: 5.15e+00, training.loss: 5.15e+00, lr: 1.000e+00, obs_data.norm: 4.18e+01, out.norm: 4.18e+01, rank: 1
Presaving loss
Presaving vp
Presaving out
Train time rank 1: 119.31 seconds.
