Preprocessing took 0.00 seconds.
   Loading /home/tyler/anaconda3/envs/dw/data/marmousi/deepwave_example/shots16/twolayer/vp_init.pt...torch.Size([600, 250])
   Loading /home/tyler/anaconda3/envs/dw/data/marmousi/deepwave_example/shots16/twolayer/src_amp_y.pt...torch.Size([16, 1, 300])
   Loading /home/tyler/anaconda3/envs/dw/data/marmousi/deepwave_example/shots16/twolayer/obs_data.pt...torch.Size([16, 100, 300])
   Loading /home/tyler/anaconda3/envs/dw/data/marmousi/deepwave_example/shots16/twolayer/src_loc_y.pt...torch.Size([16, 1, 2])
   Loading /home/tyler/anaconda3/envs/dw/data/marmousi/deepwave_example/shots16/twolayer/rec_loc_y.pt...torch.Size([16, 100, 2])
Preprocess time rank 0: 0.36 seconds.
iter=0, loss=3.13e-03, mse=3.13e-03, tik=0.00e+00, reg_strength=1.00e-07, training.loss: 3.13e+03, lr: 1.000e+00, obs_data.norm: 3.94e+01, out.norm: 4.04e+01, rank: 0
iter=1, loss=2.07e-03, mse=2.02e-03, tik=4.53e-05, reg_strength=1.00e-07, training.loss: 2.07e+03, lr: 1.000e+00, obs_data.norm: 3.94e+01, out.norm: 2.92e+01, rank: 0
iter=2, loss=1.91e-03, mse=1.87e-03, tik=4.01e-05, reg_strength=1.00e-07, training.loss: 1.91e+03, lr: 1.000e+00, obs_data.norm: 3.94e+01, out.norm: 3.02e+01, rank: 0
iter=3, loss=1.82e-03, mse=1.79e-03, tik=3.69e-05, reg_strength=1.00e-07, training.loss: 1.82e+03, lr: 1.000e+00, obs_data.norm: 3.94e+01, out.norm: 3.08e+01, rank: 0
iter=4, loss=1.78e-03, mse=1.74e-03, tik=3.48e-05, reg_strength=1.00e-07, training.loss: 1.78e+03, lr: 1.000e+00, obs_data.norm: 3.94e+01, out.norm: 3.10e+01, rank: 0
iter=5, loss=1.75e-03, mse=1.72e-03, tik=3.21e-05, reg_strength=1.00e-07, training.loss: 1.75e+03, lr: 1.000e+00, obs_data.norm: 3.94e+01, out.norm: 3.10e+01, rank: 0
iter=6, loss=1.70e-03, mse=1.67e-03, tik=3.02e-05, reg_strength=1.00e-07, training.loss: 1.70e+03, lr: 1.000e+00, obs_data.norm: 3.94e+01, out.norm: 3.14e+01, rank: 0
iter=7, loss=1.63e-03, mse=1.60e-03, tik=2.86e-05, reg_strength=1.00e-07, training.loss: 1.63e+03, lr: 1.000e+00, obs_data.norm: 3.94e+01, out.norm: 3.18e+01, rank: 0
iter=8, loss=1.44e-03, mse=1.41e-03, tik=3.12e-05, reg_strength=1.00e-07, training.loss: 1.44e+03, lr: 1.000e+00, obs_data.norm: 3.94e+01, out.norm: 3.34e+01, rank: 0
iter=9, loss=7.06e-03, mse=5.89e-03, tik=1.17e-03, reg_strength=1.00e-07, training.loss: 7.06e+03, lr: 1.000e+00, obs_data.norm: 3.94e+01, out.norm: 3.28e+01, rank: 0
iter=10, loss=7.13e-03, mse=5.18e-03, tik=1.95e-03, reg_strength=1.00e-07, training.loss: 7.13e+03, lr: 1.000e+00, obs_data.norm: 3.94e+01, out.norm: 3.10e+01, rank: 0
iter=11, loss=5.84e-03, mse=3.35e-03, tik=2.49e-03, reg_strength=1.00e-07, training.loss: 5.84e+03, lr: 1.000e+00, obs_data.norm: 3.94e+01, out.norm: 3.48e+01, rank: 0
iter=12, loss=6.54e-01, mse=5.69e-03, tik=6.48e-01, reg_strength=1.00e-07, training.loss: 6.54e+05, lr: 1.000e+00, obs_data.norm: 3.94e+01, out.norm: 4.17e+01, rank: 0
iter=13, loss=inf, mse=6.17e-03, tik=inf, reg_strength=1.00e-07, training.loss: inf, lr: 1.000e+00, obs_data.norm: 3.94e+01, out.norm: 3.29e+01, rank: 0
iter=14, loss=inf, mse=6.17e-03, tik=inf, reg_strength=1.00e-07, training.loss: inf, lr: 1.000e+00, obs_data.norm: 3.94e+01, out.norm: 3.29e+01, rank: 0
iter=15, loss=inf, mse=6.17e-03, tik=inf, reg_strength=1.00e-07, training.loss: inf, lr: 1.000e+00, obs_data.norm: 3.94e+01, out.norm: 3.29e+01, rank: 0
iter=16, loss=inf, mse=6.17e-03, tik=inf, reg_strength=1.00e-07, training.loss: inf, lr: 1.000e+00, obs_data.norm: 3.94e+01, out.norm: 3.29e+01, rank: 0
iter=17, loss=inf, mse=6.17e-03, tik=inf, reg_strength=1.00e-07, training.loss: inf, lr: 1.000e+00, obs_data.norm: 3.94e+01, out.norm: 3.29e+01, rank: 0
iter=18, loss=inf, mse=6.17e-03, tik=inf, reg_strength=1.00e-07, training.loss: inf, lr: 1.000e+00, obs_data.norm: 3.94e+01, out.norm: 3.29e+01, rank: 0
iter=19, loss=inf, mse=6.17e-03, tik=inf, reg_strength=1.00e-07, training.loss: inf, lr: 1.000e+00, obs_data.norm: 3.94e+01, out.norm: 3.29e+01, rank: 0
iter=20, loss=inf, mse=6.17e-03, tik=inf, reg_strength=1.00e-07, training.loss: inf, lr: 1.000e+00, obs_data.norm: 3.94e+01, out.norm: 3.29e+01, rank: 0
iter=21, loss=inf, mse=6.17e-03, tik=inf, reg_strength=1.00e-07, training.loss: inf, lr: 1.000e+00, obs_data.norm: 3.94e+01, out.norm: 3.29e+01, rank: 0
iter=22, loss=inf, mse=6.17e-03, tik=inf, reg_strength=1.00e-07, training.loss: inf, lr: 1.000e+00, obs_data.norm: 3.94e+01, out.norm: 3.29e+01, rank: 0
iter=23, loss=inf, mse=6.17e-03, tik=inf, reg_strength=1.00e-07, training.loss: inf, lr: 1.000e+00, obs_data.norm: 3.94e+01, out.norm: 3.29e+01, rank: 0
iter=24, loss=inf, mse=6.17e-03, tik=inf, reg_strength=1.00e-07, training.loss: inf, lr: 1.000e+00, obs_data.norm: 3.94e+01, out.norm: 3.29e+01, rank: 0
Presaving loss
Presaving vp
Presaving out
Train time rank 0: 65.20 seconds.
