Preprocessing took 0.00 seconds.
   Loading /home/tyler/anaconda3/envs/dw/data/marmousi/deepwave_example/shots16/twolayer/vp_init.pt...torch.Size([600, 250])
   Loading /home/tyler/anaconda3/envs/dw/data/marmousi/deepwave_example/shots16/twolayer/src_amp_y.pt...torch.Size([16, 1, 300])
   Loading /home/tyler/anaconda3/envs/dw/data/marmousi/deepwave_example/shots16/twolayer/obs_data.pt...torch.Size([16, 100, 300])
   Loading /home/tyler/anaconda3/envs/dw/data/marmousi/deepwave_example/shots16/twolayer/src_loc_y.pt...torch.Size([16, 1, 2])
   Loading /home/tyler/anaconda3/envs/dw/data/marmousi/deepwave_example/shots16/twolayer/rec_loc_y.pt...torch.Size([16, 100, 2])
Preprocess time rank 1: 0.24 seconds.
iter=0, loss=3.66e-03, mse=3.66e-03, tik=0.00e+00, reg_strength=1.00e-07, training.loss: 3.66e+03, lr: 1.000e+00, obs_data.norm: 3.98e+01, out.norm: 4.07e+01, rank: 1
iter=1, loss=2.51e-03, mse=2.47e-03, tik=4.53e-05, reg_strength=1.00e-07, training.loss: 2.51e+03, lr: 1.000e+00, obs_data.norm: 3.98e+01, out.norm: 2.83e+01, rank: 1
iter=2, loss=2.12e-03, mse=2.08e-03, tik=4.01e-05, reg_strength=1.00e-07, training.loss: 2.12e+03, lr: 1.000e+00, obs_data.norm: 3.98e+01, out.norm: 2.98e+01, rank: 1
iter=3, loss=1.96e-03, mse=1.93e-03, tik=3.69e-05, reg_strength=1.00e-07, training.loss: 1.96e+03, lr: 1.000e+00, obs_data.norm: 3.98e+01, out.norm: 3.04e+01, rank: 1
iter=4, loss=1.89e-03, mse=1.86e-03, tik=3.48e-05, reg_strength=1.00e-07, training.loss: 1.89e+03, lr: 1.000e+00, obs_data.norm: 3.98e+01, out.norm: 3.07e+01, rank: 1
iter=5, loss=1.82e-03, mse=1.79e-03, tik=3.21e-05, reg_strength=1.00e-07, training.loss: 1.82e+03, lr: 1.000e+00, obs_data.norm: 3.98e+01, out.norm: 3.10e+01, rank: 1
iter=6, loss=1.75e-03, mse=1.72e-03, tik=3.02e-05, reg_strength=1.00e-07, training.loss: 1.75e+03, lr: 1.000e+00, obs_data.norm: 3.98e+01, out.norm: 3.14e+01, rank: 1
iter=7, loss=1.63e-03, mse=1.60e-03, tik=2.86e-05, reg_strength=1.00e-07, training.loss: 1.63e+03, lr: 1.000e+00, obs_data.norm: 3.98e+01, out.norm: 3.20e+01, rank: 1
iter=8, loss=1.55e-03, mse=1.52e-03, tik=3.12e-05, reg_strength=1.00e-07, training.loss: 1.55e+03, lr: 1.000e+00, obs_data.norm: 3.98e+01, out.norm: 3.36e+01, rank: 1
iter=9, loss=7.46e-03, mse=6.29e-03, tik=1.17e-03, reg_strength=1.00e-07, training.loss: 7.46e+03, lr: 1.000e+00, obs_data.norm: 3.98e+01, out.norm: 3.19e+01, rank: 1
iter=10, loss=7.37e-03, mse=5.42e-03, tik=1.95e-03, reg_strength=1.00e-07, training.loss: 7.37e+03, lr: 1.000e+00, obs_data.norm: 3.98e+01, out.norm: 3.09e+01, rank: 1
iter=11, loss=6.03e-03, mse=3.54e-03, tik=2.49e-03, reg_strength=1.00e-07, training.loss: 6.03e+03, lr: 1.000e+00, obs_data.norm: 3.98e+01, out.norm: 3.45e+01, rank: 1
iter=12, loss=6.55e-01, mse=6.50e-03, tik=6.48e-01, reg_strength=1.00e-07, training.loss: 6.55e+05, lr: 1.000e+00, obs_data.norm: 3.98e+01, out.norm: 4.20e+01, rank: 1
iter=13, loss=inf, mse=6.66e-03, tik=inf, reg_strength=1.00e-07, training.loss: inf, lr: 1.000e+00, obs_data.norm: 3.98e+01, out.norm: 3.21e+01, rank: 1
iter=14, loss=inf, mse=6.66e-03, tik=inf, reg_strength=1.00e-07, training.loss: inf, lr: 1.000e+00, obs_data.norm: 3.98e+01, out.norm: 3.21e+01, rank: 1
iter=15, loss=inf, mse=6.66e-03, tik=inf, reg_strength=1.00e-07, training.loss: inf, lr: 1.000e+00, obs_data.norm: 3.98e+01, out.norm: 3.21e+01, rank: 1
iter=16, loss=inf, mse=6.66e-03, tik=inf, reg_strength=1.00e-07, training.loss: inf, lr: 1.000e+00, obs_data.norm: 3.98e+01, out.norm: 3.21e+01, rank: 1
iter=17, loss=inf, mse=6.66e-03, tik=inf, reg_strength=1.00e-07, training.loss: inf, lr: 1.000e+00, obs_data.norm: 3.98e+01, out.norm: 3.21e+01, rank: 1
iter=18, loss=inf, mse=6.66e-03, tik=inf, reg_strength=1.00e-07, training.loss: inf, lr: 1.000e+00, obs_data.norm: 3.98e+01, out.norm: 3.21e+01, rank: 1
iter=19, loss=inf, mse=6.66e-03, tik=inf, reg_strength=1.00e-07, training.loss: inf, lr: 1.000e+00, obs_data.norm: 3.98e+01, out.norm: 3.21e+01, rank: 1
iter=20, loss=inf, mse=6.66e-03, tik=inf, reg_strength=1.00e-07, training.loss: inf, lr: 1.000e+00, obs_data.norm: 3.98e+01, out.norm: 3.21e+01, rank: 1
iter=21, loss=inf, mse=6.66e-03, tik=inf, reg_strength=1.00e-07, training.loss: inf, lr: 1.000e+00, obs_data.norm: 3.98e+01, out.norm: 3.21e+01, rank: 1
iter=22, loss=inf, mse=6.66e-03, tik=inf, reg_strength=1.00e-07, training.loss: inf, lr: 1.000e+00, obs_data.norm: 3.98e+01, out.norm: 3.21e+01, rank: 1
iter=23, loss=inf, mse=6.66e-03, tik=inf, reg_strength=1.00e-07, training.loss: inf, lr: 1.000e+00, obs_data.norm: 3.98e+01, out.norm: 3.21e+01, rank: 1
iter=24, loss=inf, mse=6.66e-03, tik=inf, reg_strength=1.00e-07, training.loss: inf, lr: 1.000e+00, obs_data.norm: 3.98e+01, out.norm: 3.21e+01, rank: 1
Presaving loss
Presaving vp
Presaving out
Train time rank 1: 65.20 seconds.
