Preprocessing took 0.00 seconds.
   Loading /home/tyler/anaconda3/envs/dw/data/marmousi/deepwave_example/shots16/twolayer/vp_init.pt...torch.Size([600, 250])
   Loading /home/tyler/anaconda3/envs/dw/data/marmousi/deepwave_example/shots16/twolayer/src_amp_y.pt...torch.Size([16, 1, 300])
   Loading /home/tyler/anaconda3/envs/dw/data/marmousi/deepwave_example/shots16/twolayer/obs_data.pt...torch.Size([16, 100, 300])
   Loading /home/tyler/anaconda3/envs/dw/data/marmousi/deepwave_example/shots16/twolayer/src_loc_y.pt...torch.Size([16, 1, 2])
   Loading /home/tyler/anaconda3/envs/dw/data/marmousi/deepwave_example/shots16/twolayer/rec_loc_y.pt...torch.Size([16, 100, 2])
Preprocess time rank 1: 0.26 seconds.
iter=0, loss=3.66e-03, mse=3.66e-03, tik=0.00e+00, reg_strength=1.00e-07, training.loss: 3.66e+03, lr: 1.000e+00, obs_data.norm: 3.98e+01, out.norm: 4.07e+01, rank: 1
iter=1, loss=2.51e-03, mse=2.47e-03, tik=4.34e-05, reg_strength=9.60e-08, training.loss: 2.51e+03, lr: 1.000e+00, obs_data.norm: 3.98e+01, out.norm: 2.83e+01, rank: 1
iter=2, loss=2.12e-03, mse=2.08e-03, tik=3.76e-05, reg_strength=9.20e-08, training.loss: 2.12e+03, lr: 1.000e+00, obs_data.norm: 3.98e+01, out.norm: 2.97e+01, rank: 1
iter=3, loss=1.96e-03, mse=1.93e-03, tik=3.32e-05, reg_strength=8.80e-08, training.loss: 1.96e+03, lr: 1.000e+00, obs_data.norm: 3.98e+01, out.norm: 3.04e+01, rank: 1
iter=4, loss=1.89e-03, mse=1.86e-03, tik=3.03e-05, reg_strength=8.40e-08, training.loss: 1.89e+03, lr: 1.000e+00, obs_data.norm: 3.98e+01, out.norm: 3.07e+01, rank: 1
iter=5, loss=1.82e-03, mse=1.79e-03, tik=2.73e-05, reg_strength=8.00e-08, training.loss: 1.82e+03, lr: 1.000e+00, obs_data.norm: 3.98e+01, out.norm: 3.09e+01, rank: 1
iter=6, loss=1.79e-03, mse=1.76e-03, tik=2.49e-05, reg_strength=7.60e-08, training.loss: 1.79e+03, lr: 1.000e+00, obs_data.norm: 3.98e+01, out.norm: 3.11e+01, rank: 1
iter=7, loss=1.65e-03, mse=1.63e-03, tik=2.36e-05, reg_strength=7.20e-08, training.loss: 1.65e+03, lr: 1.000e+00, obs_data.norm: 3.98e+01, out.norm: 3.19e+01, rank: 1
iter=8, loss=1.61e-03, mse=1.58e-03, tik=2.12e-05, reg_strength=6.80e-08, training.loss: 1.61e+03, lr: 1.000e+00, obs_data.norm: 3.98e+01, out.norm: 3.21e+01, rank: 1
iter=9, loss=1.59e-03, mse=1.57e-03, tik=2.09e-05, reg_strength=6.40e-08, training.loss: 1.59e+03, lr: 1.000e+00, obs_data.norm: 3.98e+01, out.norm: 3.21e+01, rank: 1
iter=10, loss=4.96e-03, mse=4.87e-03, tik=8.76e-05, reg_strength=6.00e-08, training.loss: 4.96e+03, lr: 1.000e+00, obs_data.norm: 3.98e+01, out.norm: 3.78e+01, rank: 1
iter=11, loss=2.98e-03, mse=2.78e-03, tik=1.95e-04, reg_strength=5.60e-08, training.loss: 2.98e+03, lr: 1.000e+00, obs_data.norm: 3.98e+01, out.norm: 3.50e+01, rank: 1
iter=12, loss=1.34e-03, mse=1.29e-03, tik=4.24e-05, reg_strength=5.20e-08, training.loss: 1.34e+03, lr: 1.000e+00, obs_data.norm: 3.98e+01, out.norm: 3.37e+01, rank: 1
iter=13, loss=8.16e-04, mse=7.87e-04, tik=2.90e-05, reg_strength=4.80e-08, training.loss: 8.16e+02, lr: 1.000e+00, obs_data.norm: 3.98e+01, out.norm: 3.61e+01, rank: 1
iter=14, loss=4.98e-04, mse=4.75e-04, tik=2.29e-05, reg_strength=4.40e-08, training.loss: 4.98e+02, lr: 1.000e+00, obs_data.norm: 3.98e+01, out.norm: 3.76e+01, rank: 1
iter=15, loss=3.49e-04, mse=3.30e-04, tik=1.90e-05, reg_strength=4.00e-08, training.loss: 3.49e+02, lr: 1.000e+00, obs_data.norm: 3.98e+01, out.norm: 3.85e+01, rank: 1
iter=16, loss=2.66e-04, mse=2.51e-04, tik=1.59e-05, reg_strength=3.60e-08, training.loss: 2.66e+02, lr: 1.000e+00, obs_data.norm: 3.98e+01, out.norm: 3.89e+01, rank: 1
iter=17, loss=2.23e-04, mse=2.09e-04, tik=1.33e-05, reg_strength=3.20e-08, training.loss: 2.23e+02, lr: 1.000e+00, obs_data.norm: 3.98e+01, out.norm: 3.91e+01, rank: 1
iter=18, loss=1.98e-04, mse=1.87e-04, tik=1.11e-05, reg_strength=2.80e-08, training.loss: 1.98e+02, lr: 1.000e+00, obs_data.norm: 3.98e+01, out.norm: 3.91e+01, rank: 1
iter=19, loss=1.76e-04, mse=1.67e-04, tik=8.98e-06, reg_strength=2.40e-08, training.loss: 1.76e+02, lr: 1.000e+00, obs_data.norm: 3.98e+01, out.norm: 3.92e+01, rank: 1
iter=20, loss=1.52e-04, mse=1.45e-04, tik=7.15e-06, reg_strength=2.00e-08, training.loss: 1.52e+02, lr: 1.000e+00, obs_data.norm: 3.98e+01, out.norm: 3.93e+01, rank: 1
iter=21, loss=1.37e-04, mse=1.32e-04, tik=5.56e-06, reg_strength=1.60e-08, training.loss: 1.37e+02, lr: 1.000e+00, obs_data.norm: 3.98e+01, out.norm: 3.93e+01, rank: 1
iter=22, loss=1.21e-04, mse=1.17e-04, tik=4.08e-06, reg_strength=1.20e-08, training.loss: 1.21e+02, lr: 1.000e+00, obs_data.norm: 3.98e+01, out.norm: 3.95e+01, rank: 1
iter=23, loss=1.14e-04, mse=1.11e-04, tik=3.35e-06, reg_strength=1.00e-08, training.loss: 1.14e+02, lr: 1.000e+00, obs_data.norm: 3.98e+01, out.norm: 3.96e+01, rank: 1
iter=24, loss=1.07e-04, mse=1.03e-04, tik=3.29e-06, reg_strength=1.00e-08, training.loss: 1.07e+02, lr: 1.000e+00, obs_data.norm: 3.98e+01, out.norm: 3.96e+01, rank: 1
Presaving loss
Presaving vp
Presaving out
Train time rank 1: 120.37 seconds.
