Preprocessing took 0.00 seconds.
   Loading /home/tyler/anaconda3/envs/dw/data/marmousi/deepwave_example/shots16/twolayer/vp_init.pt...torch.Size([600, 250])
   Loading /home/tyler/anaconda3/envs/dw/data/marmousi/deepwave_example/shots16/twolayer/src_amp_y.pt...torch.Size([16, 1, 300])
   Loading /home/tyler/anaconda3/envs/dw/data/marmousi/deepwave_example/shots16/twolayer/obs_data.pt...torch.Size([16, 100, 300])
   Loading /home/tyler/anaconda3/envs/dw/data/marmousi/deepwave_example/shots16/twolayer/src_loc_y.pt...torch.Size([16, 1, 2])
   Loading /home/tyler/anaconda3/envs/dw/data/marmousi/deepwave_example/shots16/twolayer/rec_loc_y.pt...torch.Size([16, 100, 2])
Preprocess time rank 0: 0.38 seconds.
iter=0, loss=3.13e-03, mse=3.13e-03, tik=0.00e+00, reg_strength=1.00e-07, training.loss: 3.13e+03, lr: 1.000e+00, obs_data.norm: 3.94e+01, out.norm: 4.04e+01, rank: 0
iter=1, loss=2.07e-03, mse=2.03e-03, tik=4.34e-05, reg_strength=9.60e-08, training.loss: 2.07e+03, lr: 1.000e+00, obs_data.norm: 3.94e+01, out.norm: 2.92e+01, rank: 0
iter=2, loss=1.91e-03, mse=1.87e-03, tik=3.76e-05, reg_strength=9.20e-08, training.loss: 1.91e+03, lr: 1.000e+00, obs_data.norm: 3.94e+01, out.norm: 3.01e+01, rank: 0
iter=3, loss=1.83e-03, mse=1.79e-03, tik=3.32e-05, reg_strength=8.80e-08, training.loss: 1.83e+03, lr: 1.000e+00, obs_data.norm: 3.94e+01, out.norm: 3.06e+01, rank: 0
iter=4, loss=1.77e-03, mse=1.74e-03, tik=3.03e-05, reg_strength=8.40e-08, training.loss: 1.77e+03, lr: 1.000e+00, obs_data.norm: 3.94e+01, out.norm: 3.10e+01, rank: 0
iter=5, loss=1.75e-03, mse=1.72e-03, tik=2.73e-05, reg_strength=8.00e-08, training.loss: 1.75e+03, lr: 1.000e+00, obs_data.norm: 3.94e+01, out.norm: 3.10e+01, rank: 0
iter=6, loss=1.72e-03, mse=1.70e-03, tik=2.49e-05, reg_strength=7.60e-08, training.loss: 1.72e+03, lr: 1.000e+00, obs_data.norm: 3.94e+01, out.norm: 3.11e+01, rank: 0
iter=7, loss=1.64e-03, mse=1.62e-03, tik=2.36e-05, reg_strength=7.20e-08, training.loss: 1.64e+03, lr: 1.000e+00, obs_data.norm: 3.94e+01, out.norm: 3.17e+01, rank: 0
iter=8, loss=1.61e-03, mse=1.59e-03, tik=2.12e-05, reg_strength=6.80e-08, training.loss: 1.61e+03, lr: 1.000e+00, obs_data.norm: 3.94e+01, out.norm: 3.18e+01, rank: 0
iter=9, loss=1.51e-03, mse=1.49e-03, tik=2.09e-05, reg_strength=6.40e-08, training.loss: 1.51e+03, lr: 1.000e+00, obs_data.norm: 3.94e+01, out.norm: 3.26e+01, rank: 0
iter=10, loss=3.99e-03, mse=3.90e-03, tik=8.76e-05, reg_strength=6.00e-08, training.loss: 3.99e+03, lr: 1.000e+00, obs_data.norm: 3.94e+01, out.norm: 3.68e+01, rank: 0
iter=11, loss=2.61e-03, mse=2.41e-03, tik=1.95e-04, reg_strength=5.60e-08, training.loss: 2.61e+03, lr: 1.000e+00, obs_data.norm: 3.94e+01, out.norm: 3.38e+01, rank: 0
iter=12, loss=1.30e-03, mse=1.26e-03, tik=4.24e-05, reg_strength=5.20e-08, training.loss: 1.30e+03, lr: 1.000e+00, obs_data.norm: 3.94e+01, out.norm: 3.36e+01, rank: 0
iter=13, loss=8.05e-04, mse=7.76e-04, tik=2.90e-05, reg_strength=4.80e-08, training.loss: 8.05e+02, lr: 1.000e+00, obs_data.norm: 3.94e+01, out.norm: 3.55e+01, rank: 0
iter=14, loss=5.68e-04, mse=5.45e-04, tik=2.29e-05, reg_strength=4.40e-08, training.loss: 5.68e+02, lr: 1.000e+00, obs_data.norm: 3.94e+01, out.norm: 3.66e+01, rank: 0
iter=15, loss=4.22e-04, mse=4.03e-04, tik=1.90e-05, reg_strength=4.00e-08, training.loss: 4.22e+02, lr: 1.000e+00, obs_data.norm: 3.94e+01, out.norm: 3.75e+01, rank: 0
iter=16, loss=3.43e-04, mse=3.27e-04, tik=1.59e-05, reg_strength=3.60e-08, training.loss: 3.43e+02, lr: 1.000e+00, obs_data.norm: 3.94e+01, out.norm: 3.79e+01, rank: 0
iter=17, loss=3.03e-04, mse=2.90e-04, tik=1.33e-05, reg_strength=3.20e-08, training.loss: 3.03e+02, lr: 1.000e+00, obs_data.norm: 3.94e+01, out.norm: 3.79e+01, rank: 0
iter=18, loss=2.72e-04, mse=2.61e-04, tik=1.11e-05, reg_strength=2.80e-08, training.loss: 2.72e+02, lr: 1.000e+00, obs_data.norm: 3.94e+01, out.norm: 3.80e+01, rank: 0
iter=19, loss=2.44e-04, mse=2.35e-04, tik=8.98e-06, reg_strength=2.40e-08, training.loss: 2.44e+02, lr: 1.000e+00, obs_data.norm: 3.94e+01, out.norm: 3.81e+01, rank: 0
iter=20, loss=2.16e-04, mse=2.09e-04, tik=7.15e-06, reg_strength=2.00e-08, training.loss: 2.16e+02, lr: 1.000e+00, obs_data.norm: 3.94e+01, out.norm: 3.82e+01, rank: 0
iter=21, loss=2.00e-04, mse=1.94e-04, tik=5.56e-06, reg_strength=1.60e-08, training.loss: 2.00e+02, lr: 1.000e+00, obs_data.norm: 3.94e+01, out.norm: 3.83e+01, rank: 0
iter=22, loss=1.75e-04, mse=1.71e-04, tik=4.08e-06, reg_strength=1.20e-08, training.loss: 1.75e+02, lr: 1.000e+00, obs_data.norm: 3.94e+01, out.norm: 3.84e+01, rank: 0
iter=23, loss=1.62e-04, mse=1.59e-04, tik=3.35e-06, reg_strength=1.00e-08, training.loss: 1.62e+02, lr: 1.000e+00, obs_data.norm: 3.94e+01, out.norm: 3.85e+01, rank: 0
iter=24, loss=1.51e-04, mse=1.48e-04, tik=3.29e-06, reg_strength=1.00e-08, training.loss: 1.51e+02, lr: 1.000e+00, obs_data.norm: 3.94e+01, out.norm: 3.86e+01, rank: 0
Presaving loss
Presaving vp
Presaving out
Train time rank 0: 120.37 seconds.
