Preprocessing took 0.00 seconds.
   Loading /home/tyler/anaconda3/envs/dw/data/marmousi/deepwave_example/shots16/twolayer/vp_init.pt...torch.Size([600, 250])
   Loading /home/tyler/anaconda3/envs/dw/data/marmousi/deepwave_example/shots16/twolayer/src_amp_y.pt...torch.Size([16, 1, 300])
   Loading /home/tyler/anaconda3/envs/dw/data/marmousi/deepwave_example/shots16/twolayer/obs_data.pt...torch.Size([16, 100, 300])
   Loading /home/tyler/anaconda3/envs/dw/data/marmousi/deepwave_example/shots16/twolayer/src_loc_y.pt...torch.Size([16, 1, 2])
   Loading /home/tyler/anaconda3/envs/dw/data/marmousi/deepwave_example/shots16/twolayer/rec_loc_y.pt...torch.Size([16, 100, 2])
Preprocess time rank 0: 0.40 seconds.
iter=0, loss=3.13e-03, mse=3.13e-03, tik=0.00e+00, reg_strength=1.00e-04, training.loss: 3.13e+03, lr: 1.000e+00, obs_data.norm: 3.94e+01, out.norm: 4.04e+01, rank: 0
iter=1, loss=1.09e-03, mse=4.78e-04, tik=6.12e-04, reg_strength=9.60e-05, training.loss: 1.09e+03, lr: 1.000e+00, obs_data.norm: 3.94e+01, out.norm: 3.68e+01, rank: 0
iter=2, loss=2.14e-04, mse=4.98e-05, tik=1.64e-04, reg_strength=9.20e-05, training.loss: 2.14e+02, lr: 1.000e+00, obs_data.norm: 3.94e+01, out.norm: 4.01e+01, rank: 0
iter=3, loss=1.68e-04, mse=2.31e-05, tik=1.45e-04, reg_strength=8.80e-05, training.loss: 1.68e+02, lr: 1.000e+00, obs_data.norm: 3.94e+01, out.norm: 4.00e+01, rank: 0
iter=4, loss=1.41e-04, mse=1.38e-05, tik=1.27e-04, reg_strength=8.40e-05, training.loss: 1.41e+02, lr: 1.000e+00, obs_data.norm: 3.94e+01, out.norm: 3.99e+01, rank: 0
iter=5, loss=1.19e-04, mse=1.09e-05, tik=1.08e-04, reg_strength=8.00e-05, training.loss: 1.19e+02, lr: 1.000e+00, obs_data.norm: 3.94e+01, out.norm: 3.98e+01, rank: 0
iter=6, loss=1.05e-04, mse=9.56e-06, tik=9.58e-05, reg_strength=7.60e-05, training.loss: 1.05e+02, lr: 1.000e+00, obs_data.norm: 3.94e+01, out.norm: 3.98e+01, rank: 0
iter=7, loss=9.41e-05, mse=8.86e-06, tik=8.52e-05, reg_strength=7.20e-05, training.loss: 9.41e+01, lr: 1.000e+00, obs_data.norm: 3.94e+01, out.norm: 3.98e+01, rank: 0
iter=8, loss=8.56e-05, mse=8.45e-06, tik=7.72e-05, reg_strength=6.80e-05, training.loss: 8.56e+01, lr: 1.000e+00, obs_data.norm: 3.94e+01, out.norm: 3.98e+01, rank: 0
iter=9, loss=7.80e-05, mse=7.96e-06, tik=7.00e-05, reg_strength=6.40e-05, training.loss: 7.80e+01, lr: 1.000e+00, obs_data.norm: 3.94e+01, out.norm: 3.98e+01, rank: 0
iter=10, loss=7.15e-05, mse=7.78e-06, tik=6.37e-05, reg_strength=6.00e-05, training.loss: 7.15e+01, lr: 1.000e+00, obs_data.norm: 3.94e+01, out.norm: 3.97e+01, rank: 0
iter=11, loss=6.56e-05, mse=7.48e-06, tik=5.81e-05, reg_strength=5.60e-05, training.loss: 6.56e+01, lr: 1.000e+00, obs_data.norm: 3.94e+01, out.norm: 3.97e+01, rank: 0
iter=12, loss=6.03e-05, mse=7.27e-06, tik=5.30e-05, reg_strength=5.20e-05, training.loss: 6.03e+01, lr: 1.000e+00, obs_data.norm: 3.94e+01, out.norm: 3.97e+01, rank: 0
iter=13, loss=5.52e-05, mse=7.11e-06, tik=4.81e-05, reg_strength=4.80e-05, training.loss: 5.52e+01, lr: 1.000e+00, obs_data.norm: 3.94e+01, out.norm: 3.97e+01, rank: 0
iter=14, loss=5.05e-05, mse=6.94e-06, tik=4.36e-05, reg_strength=4.40e-05, training.loss: 5.05e+01, lr: 1.000e+00, obs_data.norm: 3.94e+01, out.norm: 3.97e+01, rank: 0
iter=15, loss=4.61e-05, mse=6.77e-06, tik=3.93e-05, reg_strength=4.00e-05, training.loss: 4.61e+01, lr: 1.000e+00, obs_data.norm: 3.94e+01, out.norm: 3.97e+01, rank: 0
iter=16, loss=4.18e-05, mse=6.62e-06, tik=3.52e-05, reg_strength=3.60e-05, training.loss: 4.18e+01, lr: 1.000e+00, obs_data.norm: 3.94e+01, out.norm: 3.97e+01, rank: 0
iter=17, loss=3.77e-05, mse=6.46e-06, tik=3.12e-05, reg_strength=3.20e-05, training.loss: 3.77e+01, lr: 1.000e+00, obs_data.norm: 3.94e+01, out.norm: 3.97e+01, rank: 0
iter=18, loss=3.36e-05, mse=6.29e-06, tik=2.73e-05, reg_strength=2.80e-05, training.loss: 3.36e+01, lr: 1.000e+00, obs_data.norm: 3.94e+01, out.norm: 3.97e+01, rank: 0
iter=19, loss=2.97e-05, mse=6.13e-06, tik=2.35e-05, reg_strength=2.40e-05, training.loss: 2.97e+01, lr: 1.000e+00, obs_data.norm: 3.94e+01, out.norm: 3.97e+01, rank: 0
iter=20, loss=2.58e-05, mse=5.93e-06, tik=1.98e-05, reg_strength=2.00e-05, training.loss: 2.58e+01, lr: 1.000e+00, obs_data.norm: 3.94e+01, out.norm: 3.96e+01, rank: 0
iter=21, loss=2.19e-05, mse=5.71e-06, tik=1.62e-05, reg_strength=1.60e-05, training.loss: 2.19e+01, lr: 1.000e+00, obs_data.norm: 3.94e+01, out.norm: 3.96e+01, rank: 0
iter=22, loss=1.80e-05, mse=5.43e-06, tik=1.25e-05, reg_strength=1.20e-05, training.loss: 1.80e+01, lr: 1.000e+00, obs_data.norm: 3.94e+01, out.norm: 3.96e+01, rank: 0
iter=23, loss=1.39e-05, mse=5.06e-06, tik=8.87e-06, reg_strength=8.00e-06, training.loss: 1.39e+01, lr: 1.000e+00, obs_data.norm: 3.94e+01, out.norm: 3.96e+01, rank: 0
iter=24, loss=9.60e-06, mse=4.52e-06, tik=5.08e-06, reg_strength=4.00e-06, training.loss: 9.60e+00, lr: 1.000e+00, obs_data.norm: 3.94e+01, out.norm: 3.96e+01, rank: 0
Presaving loss
Presaving vp
Presaving out
Train time rank 0: 120.45 seconds.
