Preprocessing took 0.00 seconds.
   Loading /home/tyler/anaconda3/envs/dw/data/marmousi/deepwave_example/shots16/twolayer/vp_init.pt...torch.Size([600, 250])
   Loading /home/tyler/anaconda3/envs/dw/data/marmousi/deepwave_example/shots16/twolayer/src_amp_y.pt...torch.Size([16, 1, 300])
   Loading /home/tyler/anaconda3/envs/dw/data/marmousi/deepwave_example/shots16/twolayer/obs_data.pt...torch.Size([16, 100, 300])
   Loading /home/tyler/anaconda3/envs/dw/data/marmousi/deepwave_example/shots16/twolayer/src_loc_y.pt...torch.Size([16, 1, 2])
   Loading /home/tyler/anaconda3/envs/dw/data/marmousi/deepwave_example/shots16/twolayer/rec_loc_y.pt...torch.Size([16, 100, 2])
Preprocess time rank 1: 0.29 seconds.
iter=0, loss=3.66e-03, mse=3.66e-03, tik=0.00e+00, reg_strength=1.00e-04, training.loss: 3.66e+03, lr: 1.000e+00, obs_data.norm: 3.98e+01, out.norm: 4.07e+01, rank: 1
iter=1, loss=1.15e-03, mse=5.37e-04, tik=6.12e-04, reg_strength=9.60e-05, training.loss: 1.15e+03, lr: 1.000e+00, obs_data.norm: 3.98e+01, out.norm: 3.69e+01, rank: 1
iter=2, loss=3.07e-04, mse=1.42e-04, tik=1.64e-04, reg_strength=9.20e-05, training.loss: 3.07e+02, lr: 1.000e+00, obs_data.norm: 3.98e+01, out.norm: 3.97e+01, rank: 1
iter=3, loss=2.13e-04, mse=6.87e-05, tik=1.45e-04, reg_strength=8.80e-05, training.loss: 2.13e+02, lr: 1.000e+00, obs_data.norm: 3.98e+01, out.norm: 3.99e+01, rank: 1
iter=4, loss=1.62e-04, mse=3.50e-05, tik=1.27e-04, reg_strength=8.40e-05, training.loss: 1.62e+02, lr: 1.000e+00, obs_data.norm: 3.98e+01, out.norm: 4.00e+01, rank: 1
iter=5, loss=1.35e-04, mse=2.63e-05, tik=1.08e-04, reg_strength=8.00e-05, training.loss: 1.35e+02, lr: 1.000e+00, obs_data.norm: 3.98e+01, out.norm: 4.00e+01, rank: 1
iter=6, loss=1.16e-04, mse=2.07e-05, tik=9.58e-05, reg_strength=7.60e-05, training.loss: 1.16e+02, lr: 1.000e+00, obs_data.norm: 3.98e+01, out.norm: 4.00e+01, rank: 1
iter=7, loss=1.03e-04, mse=1.83e-05, tik=8.52e-05, reg_strength=7.20e-05, training.loss: 1.03e+02, lr: 1.000e+00, obs_data.norm: 3.98e+01, out.norm: 4.01e+01, rank: 1
iter=8, loss=9.29e-05, mse=1.58e-05, tik=7.72e-05, reg_strength=6.80e-05, training.loss: 9.29e+01, lr: 1.000e+00, obs_data.norm: 3.98e+01, out.norm: 4.01e+01, rank: 1
iter=9, loss=8.46e-05, mse=1.45e-05, tik=7.00e-05, reg_strength=6.40e-05, training.loss: 8.46e+01, lr: 1.000e+00, obs_data.norm: 3.98e+01, out.norm: 4.01e+01, rank: 1
iter=10, loss=7.74e-05, mse=1.37e-05, tik=6.37e-05, reg_strength=6.00e-05, training.loss: 7.74e+01, lr: 1.000e+00, obs_data.norm: 3.98e+01, out.norm: 4.01e+01, rank: 1
iter=11, loss=7.09e-05, mse=1.28e-05, tik=5.81e-05, reg_strength=5.60e-05, training.loss: 7.09e+01, lr: 1.000e+00, obs_data.norm: 3.98e+01, out.norm: 4.01e+01, rank: 1
iter=12, loss=6.51e-05, mse=1.21e-05, tik=5.30e-05, reg_strength=5.20e-05, training.loss: 6.51e+01, lr: 1.000e+00, obs_data.norm: 3.98e+01, out.norm: 4.01e+01, rank: 1
iter=13, loss=5.97e-05, mse=1.16e-05, tik=4.81e-05, reg_strength=4.80e-05, training.loss: 5.97e+01, lr: 1.000e+00, obs_data.norm: 3.98e+01, out.norm: 4.01e+01, rank: 1
iter=14, loss=5.47e-05, mse=1.11e-05, tik=4.36e-05, reg_strength=4.40e-05, training.loss: 5.47e+01, lr: 1.000e+00, obs_data.norm: 3.98e+01, out.norm: 4.01e+01, rank: 1
iter=15, loss=4.99e-05, mse=1.05e-05, tik=3.93e-05, reg_strength=4.00e-05, training.loss: 4.99e+01, lr: 1.000e+00, obs_data.norm: 3.98e+01, out.norm: 4.01e+01, rank: 1
iter=16, loss=4.53e-05, mse=1.01e-05, tik=3.52e-05, reg_strength=3.60e-05, training.loss: 4.53e+01, lr: 1.000e+00, obs_data.norm: 3.98e+01, out.norm: 4.01e+01, rank: 1
iter=17, loss=4.08e-05, mse=9.57e-06, tik=3.12e-05, reg_strength=3.20e-05, training.loss: 4.08e+01, lr: 1.000e+00, obs_data.norm: 3.98e+01, out.norm: 4.01e+01, rank: 1
iter=18, loss=3.64e-05, mse=9.05e-06, tik=2.73e-05, reg_strength=2.80e-05, training.loss: 3.64e+01, lr: 1.000e+00, obs_data.norm: 3.98e+01, out.norm: 4.01e+01, rank: 1
iter=19, loss=3.21e-05, mse=8.53e-06, tik=2.35e-05, reg_strength=2.40e-05, training.loss: 3.21e+01, lr: 1.000e+00, obs_data.norm: 3.98e+01, out.norm: 4.01e+01, rank: 1
iter=20, loss=2.78e-05, mse=7.92e-06, tik=1.98e-05, reg_strength=2.00e-05, training.loss: 2.78e+01, lr: 1.000e+00, obs_data.norm: 3.98e+01, out.norm: 4.01e+01, rank: 1
iter=21, loss=2.35e-05, mse=7.29e-06, tik=1.62e-05, reg_strength=1.60e-05, training.loss: 2.35e+01, lr: 1.000e+00, obs_data.norm: 3.98e+01, out.norm: 4.01e+01, rank: 1
iter=22, loss=1.90e-05, mse=6.48e-06, tik=1.25e-05, reg_strength=1.20e-05, training.loss: 1.90e+01, lr: 1.000e+00, obs_data.norm: 3.98e+01, out.norm: 4.01e+01, rank: 1
iter=23, loss=1.44e-05, mse=5.53e-06, tik=8.87e-06, reg_strength=8.00e-06, training.loss: 1.44e+01, lr: 1.000e+00, obs_data.norm: 3.98e+01, out.norm: 4.01e+01, rank: 1
iter=24, loss=9.28e-06, mse=4.20e-06, tik=5.08e-06, reg_strength=4.00e-06, training.loss: 9.28e+00, lr: 1.000e+00, obs_data.norm: 3.98e+01, out.norm: 4.01e+01, rank: 1
Presaving loss
Presaving vp
Presaving out
Train time rank 1: 120.45 seconds.
