Preprocessing took 0.00 seconds.
   Loading /home/tyler/anaconda3/envs/dw/data/marmousi/deepwave_example/shots16/twolayer/vp_init.pt...torch.Size([600, 250])
   Loading /home/tyler/anaconda3/envs/dw/data/marmousi/deepwave_example/shots16/twolayer/src_amp_y.pt...torch.Size([16, 1, 300])
   Loading /home/tyler/anaconda3/envs/dw/data/marmousi/deepwave_example/shots16/twolayer/obs_data.pt...torch.Size([16, 100, 300])
   Loading /home/tyler/anaconda3/envs/dw/data/marmousi/deepwave_example/shots16/twolayer/src_loc_y.pt...torch.Size([16, 1, 2])
   Loading /home/tyler/anaconda3/envs/dw/data/marmousi/deepwave_example/shots16/twolayer/rec_loc_y.pt...torch.Size([16, 100, 2])
Preprocess time rank 0: 0.33 seconds.
iter=0, loss=3.13e-03, mse=3.13e-03, tik=0.00e+00, reg_strength=1.00e-06, training.loss: 3.13e+03, lr: 1.000e+00, obs_data.norm: 3.94e+01, out.norm: 4.04e+01, rank: 0
iter=1, loss=2.31e-03, mse=2.01e-03, tik=2.91e-04, reg_strength=9.60e-07, training.loss: 2.31e+03, lr: 1.000e+00, obs_data.norm: 3.94e+01, out.norm: 2.97e+01, rank: 0
iter=2, loss=1.98e-03, mse=1.82e-03, tik=1.67e-04, reg_strength=9.20e-07, training.loss: 1.98e+03, lr: 1.000e+00, obs_data.norm: 3.94e+01, out.norm: 3.06e+01, rank: 0
iter=3, loss=1.84e-03, mse=1.70e-03, tik=1.42e-04, reg_strength=8.80e-07, training.loss: 1.84e+03, lr: 1.000e+00, obs_data.norm: 3.94e+01, out.norm: 3.20e+01, rank: 0
iter=4, loss=7.49e-03, mse=4.24e-03, tik=3.26e-03, reg_strength=8.40e-07, training.loss: 7.49e+03, lr: 1.000e+00, obs_data.norm: 3.94e+01, out.norm: 2.96e+01, rank: 0
iter=5, loss=3.11e+00, mse=4.70e-03, tik=3.11e+00, reg_strength=8.00e-07, training.loss: 3.11e+06, lr: 1.000e+00, obs_data.norm: 3.94e+01, out.norm: 3.14e+01, rank: 0
iter=6, loss=inf, mse=4.62e-03, tik=inf, reg_strength=7.60e-07, training.loss: inf, lr: 1.000e+00, obs_data.norm: 3.94e+01, out.norm: 3.17e+01, rank: 0
iter=7, loss=inf, mse=4.62e-03, tik=inf, reg_strength=7.20e-07, training.loss: inf, lr: 1.000e+00, obs_data.norm: 3.94e+01, out.norm: 3.17e+01, rank: 0
iter=8, loss=inf, mse=4.62e-03, tik=inf, reg_strength=6.80e-07, training.loss: inf, lr: 1.000e+00, obs_data.norm: 3.94e+01, out.norm: 3.17e+01, rank: 0
iter=9, loss=inf, mse=4.62e-03, tik=inf, reg_strength=6.40e-07, training.loss: inf, lr: 1.000e+00, obs_data.norm: 3.94e+01, out.norm: 3.17e+01, rank: 0
iter=10, loss=inf, mse=4.62e-03, tik=inf, reg_strength=6.00e-07, training.loss: inf, lr: 1.000e+00, obs_data.norm: 3.94e+01, out.norm: 3.17e+01, rank: 0
iter=11, loss=inf, mse=4.62e-03, tik=inf, reg_strength=5.60e-07, training.loss: inf, lr: 1.000e+00, obs_data.norm: 3.94e+01, out.norm: 3.17e+01, rank: 0
iter=12, loss=inf, mse=4.62e-03, tik=inf, reg_strength=5.20e-07, training.loss: inf, lr: 1.000e+00, obs_data.norm: 3.94e+01, out.norm: 3.17e+01, rank: 0
iter=13, loss=inf, mse=4.62e-03, tik=inf, reg_strength=4.80e-07, training.loss: inf, lr: 1.000e+00, obs_data.norm: 3.94e+01, out.norm: 3.17e+01, rank: 0
iter=14, loss=inf, mse=4.62e-03, tik=inf, reg_strength=4.40e-07, training.loss: inf, lr: 1.000e+00, obs_data.norm: 3.94e+01, out.norm: 3.17e+01, rank: 0
iter=15, loss=inf, mse=4.62e-03, tik=inf, reg_strength=4.00e-07, training.loss: inf, lr: 1.000e+00, obs_data.norm: 3.94e+01, out.norm: 3.17e+01, rank: 0
iter=16, loss=inf, mse=4.62e-03, tik=inf, reg_strength=3.60e-07, training.loss: inf, lr: 1.000e+00, obs_data.norm: 3.94e+01, out.norm: 3.17e+01, rank: 0
iter=17, loss=inf, mse=4.62e-03, tik=inf, reg_strength=3.20e-07, training.loss: inf, lr: 1.000e+00, obs_data.norm: 3.94e+01, out.norm: 3.17e+01, rank: 0
iter=18, loss=inf, mse=4.62e-03, tik=inf, reg_strength=2.80e-07, training.loss: inf, lr: 1.000e+00, obs_data.norm: 3.94e+01, out.norm: 3.17e+01, rank: 0
iter=19, loss=inf, mse=4.62e-03, tik=inf, reg_strength=2.40e-07, training.loss: inf, lr: 1.000e+00, obs_data.norm: 3.94e+01, out.norm: 3.17e+01, rank: 0
iter=20, loss=inf, mse=4.62e-03, tik=inf, reg_strength=2.00e-07, training.loss: inf, lr: 1.000e+00, obs_data.norm: 3.94e+01, out.norm: 3.17e+01, rank: 0
iter=21, loss=inf, mse=4.62e-03, tik=inf, reg_strength=1.60e-07, training.loss: inf, lr: 1.000e+00, obs_data.norm: 3.94e+01, out.norm: 3.17e+01, rank: 0
iter=22, loss=inf, mse=4.62e-03, tik=inf, reg_strength=1.20e-07, training.loss: inf, lr: 1.000e+00, obs_data.norm: 3.94e+01, out.norm: 3.17e+01, rank: 0
iter=23, loss=inf, mse=4.62e-03, tik=inf, reg_strength=8.00e-08, training.loss: inf, lr: 1.000e+00, obs_data.norm: 3.94e+01, out.norm: 3.17e+01, rank: 0
iter=24, loss=inf, mse=4.62e-03, tik=inf, reg_strength=4.00e-08, training.loss: inf, lr: 1.000e+00, obs_data.norm: 3.94e+01, out.norm: 3.17e+01, rank: 0
Presaving loss
Presaving vp
Presaving out
Train time rank 0: 31.41 seconds.
