Preprocessing took 0.00 seconds.
   Loading /home/tyler/anaconda3/envs/dw/data/marmousi/deepwave_example/shots16/twolayer/vp_init.pt...torch.Size([600, 250])
   Loading /home/tyler/anaconda3/envs/dw/data/marmousi/deepwave_example/shots16/twolayer/src_amp_y.pt...torch.Size([16, 1, 300])
   Loading /home/tyler/anaconda3/envs/dw/data/marmousi/deepwave_example/shots16/twolayer/obs_data.pt...torch.Size([16, 100, 300])
   Loading /home/tyler/anaconda3/envs/dw/data/marmousi/deepwave_example/shots16/twolayer/src_loc_y.pt...torch.Size([16, 1, 2])
   Loading /home/tyler/anaconda3/envs/dw/data/marmousi/deepwave_example/shots16/twolayer/rec_loc_y.pt...torch.Size([16, 100, 2])
Preprocess time rank 0: 0.34 seconds.
iter=0, loss=3.13e-03, mse=3.13e-03, tik=0.00e+00, reg_strength=1.00e-05, training.loss: 3.13e+03, lr: 1.000e+00, obs_data.norm: 3.94e+01, out.norm: 4.04e+01, rank: 0
iter=1, loss=2.73e-04, mse=1.65e-04, tik=1.08e-04, reg_strength=9.60e-06, training.loss: 2.73e+02, lr: 1.000e+00, obs_data.norm: 3.94e+01, out.norm: 3.81e+01, rank: 0
iter=2, loss=3.19e-03, mse=2.02e-03, tik=1.17e-03, reg_strength=9.20e-06, training.loss: 3.19e+03, lr: 1.000e+00, obs_data.norm: 3.94e+01, out.norm: 3.40e+01, rank: 0
iter=3, loss=1.47e-03, mse=9.57e-04, tik=5.09e-04, reg_strength=8.80e-06, training.loss: 1.47e+03, lr: 1.000e+00, obs_data.norm: 3.94e+01, out.norm: 3.64e+01, rank: 0
iter=4, loss=1.37e-04, mse=2.90e-05, tik=1.08e-04, reg_strength=8.40e-06, training.loss: 1.37e+02, lr: 1.000e+00, obs_data.norm: 3.94e+01, out.norm: 3.93e+01, rank: 0
iter=5, loss=3.27e-05, mse=6.78e-06, tik=2.59e-05, reg_strength=8.00e-06, training.loss: 3.27e+01, lr: 1.000e+00, obs_data.norm: 3.94e+01, out.norm: 3.96e+01, rank: 0
iter=6, loss=2.13e-05, mse=5.83e-06, tik=1.54e-05, reg_strength=7.60e-06, training.loss: 2.13e+01, lr: 1.000e+00, obs_data.norm: 3.94e+01, out.norm: 3.96e+01, rank: 0
iter=7, loss=1.80e-05, mse=5.40e-06, tik=1.25e-05, reg_strength=7.20e-06, training.loss: 1.80e+01, lr: 1.000e+00, obs_data.norm: 3.94e+01, out.norm: 3.96e+01, rank: 0
iter=8, loss=1.60e-05, mse=5.17e-06, tik=1.08e-05, reg_strength=6.80e-06, training.loss: 1.60e+01, lr: 1.000e+00, obs_data.norm: 3.94e+01, out.norm: 3.96e+01, rank: 0
iter=9, loss=1.46e-05, mse=5.00e-06, tik=9.63e-06, reg_strength=6.40e-06, training.loss: 1.46e+01, lr: 1.000e+00, obs_data.norm: 3.94e+01, out.norm: 3.96e+01, rank: 0
iter=10, loss=1.36e-05, mse=4.89e-06, tik=8.67e-06, reg_strength=6.00e-06, training.loss: 1.36e+01, lr: 1.000e+00, obs_data.norm: 3.94e+01, out.norm: 3.96e+01, rank: 0
iter=11, loss=1.27e-05, mse=4.79e-06, tik=7.91e-06, reg_strength=5.60e-06, training.loss: 1.27e+01, lr: 1.000e+00, obs_data.norm: 3.94e+01, out.norm: 3.96e+01, rank: 0
iter=12, loss=1.19e-05, mse=4.72e-06, tik=7.22e-06, reg_strength=5.20e-06, training.loss: 1.19e+01, lr: 1.000e+00, obs_data.norm: 3.94e+01, out.norm: 3.96e+01, rank: 0
iter=13, loss=1.12e-05, mse=4.64e-06, tik=6.58e-06, reg_strength=4.80e-06, training.loss: 1.12e+01, lr: 1.000e+00, obs_data.norm: 3.94e+01, out.norm: 3.96e+01, rank: 0
iter=14, loss=1.06e-05, mse=4.56e-06, tik=6.01e-06, reg_strength=4.40e-06, training.loss: 1.06e+01, lr: 1.000e+00, obs_data.norm: 3.94e+01, out.norm: 3.96e+01, rank: 0
iter=15, loss=9.99e-06, mse=4.51e-06, tik=5.49e-06, reg_strength=4.00e-06, training.loss: 9.99e+00, lr: 1.000e+00, obs_data.norm: 3.94e+01, out.norm: 3.96e+01, rank: 0
iter=16, loss=9.40e-06, mse=4.41e-06, tik=4.99e-06, reg_strength=3.60e-06, training.loss: 9.40e+00, lr: 1.000e+00, obs_data.norm: 3.94e+01, out.norm: 3.96e+01, rank: 0
iter=17, loss=8.84e-06, mse=4.33e-06, tik=4.51e-06, reg_strength=3.20e-06, training.loss: 8.84e+00, lr: 1.000e+00, obs_data.norm: 3.94e+01, out.norm: 3.96e+01, rank: 0
iter=18, loss=8.27e-06, mse=4.23e-06, tik=4.04e-06, reg_strength=2.80e-06, training.loss: 8.27e+00, lr: 1.000e+00, obs_data.norm: 3.94e+01, out.norm: 3.96e+01, rank: 0
iter=19, loss=7.69e-06, mse=4.14e-06, tik=3.55e-06, reg_strength=2.40e-06, training.loss: 7.69e+00, lr: 1.000e+00, obs_data.norm: 3.94e+01, out.norm: 3.96e+01, rank: 0
iter=20, loss=7.10e-06, mse=4.03e-06, tik=3.08e-06, reg_strength=2.00e-06, training.loss: 7.10e+00, lr: 1.000e+00, obs_data.norm: 3.94e+01, out.norm: 3.95e+01, rank: 0
iter=21, loss=6.49e-06, mse=3.90e-06, tik=2.59e-06, reg_strength=1.60e-06, training.loss: 6.49e+00, lr: 1.000e+00, obs_data.norm: 3.94e+01, out.norm: 3.95e+01, rank: 0
iter=22, loss=5.83e-06, mse=3.75e-06, tik=2.08e-06, reg_strength=1.20e-06, training.loss: 5.83e+00, lr: 1.000e+00, obs_data.norm: 3.94e+01, out.norm: 3.95e+01, rank: 0
iter=23, loss=5.10e-06, mse=3.54e-06, tik=1.56e-06, reg_strength=8.00e-07, training.loss: 5.10e+00, lr: 1.000e+00, obs_data.norm: 3.94e+01, out.norm: 3.95e+01, rank: 0
iter=24, loss=4.21e-06, mse=3.19e-06, tik=1.02e-06, reg_strength=4.00e-07, training.loss: 4.21e+00, lr: 1.000e+00, obs_data.norm: 3.94e+01, out.norm: 3.95e+01, rank: 0
Presaving loss
Presaving vp
Presaving out
Train time rank 0: 120.36 seconds.
