Preprocessing took 0.00 seconds.
   Loading /home/tyler/anaconda3/envs/dw/data/marmousi/deepwave_example/shots16/twolayer/vp_init.pt...torch.Size([600, 250])
   Loading /home/tyler/anaconda3/envs/dw/data/marmousi/deepwave_example/shots16/twolayer/src_amp_y.pt...torch.Size([16, 1, 300])
   Loading /home/tyler/anaconda3/envs/dw/data/marmousi/deepwave_example/shots16/twolayer/obs_data.pt...torch.Size([16, 100, 300])
   Loading /home/tyler/anaconda3/envs/dw/data/marmousi/deepwave_example/shots16/twolayer/src_loc_y.pt...torch.Size([16, 1, 2])
   Loading /home/tyler/anaconda3/envs/dw/data/marmousi/deepwave_example/shots16/twolayer/rec_loc_y.pt...torch.Size([16, 100, 2])
Preprocess time rank 1: 0.30 seconds.
iter=0, loss=3.66e-03, mse=3.66e-03, tik=0.00e+00, reg_strength=1.00e-05, training.loss: 3.66e+03, lr: 1.000e+00, obs_data.norm: 3.98e+01, out.norm: 4.07e+01, rank: 1
iter=1, loss=8.00e-04, mse=6.92e-04, tik=1.08e-04, reg_strength=9.60e-06, training.loss: 8.00e+02, lr: 1.000e+00, obs_data.norm: 3.98e+01, out.norm: 3.57e+01, rank: 1
iter=2, loss=3.55e-03, mse=2.53e-03, tik=1.01e-03, reg_strength=9.20e-06, training.loss: 3.55e+03, lr: 1.000e+00, obs_data.norm: 3.98e+01, out.norm: 3.48e+01, rank: 1
iter=3, loss=5.00e-04, mse=2.13e-04, tik=2.87e-04, reg_strength=8.80e-06, training.loss: 5.00e+02, lr: 1.000e+00, obs_data.norm: 3.98e+01, out.norm: 3.83e+01, rank: 1
iter=4, loss=6.94e-05, mse=1.87e-05, tik=5.07e-05, reg_strength=8.40e-06, training.loss: 6.94e+01, lr: 1.000e+00, obs_data.norm: 3.98e+01, out.norm: 3.99e+01, rank: 1
iter=5, loss=2.91e-05, mse=1.03e-05, tik=1.87e-05, reg_strength=8.00e-06, training.loss: 2.91e+01, lr: 1.000e+00, obs_data.norm: 3.98e+01, out.norm: 4.00e+01, rank: 1
iter=6, loss=2.15e-05, mse=7.39e-06, tik=1.41e-05, reg_strength=7.60e-06, training.loss: 2.15e+01, lr: 1.000e+00, obs_data.norm: 3.98e+01, out.norm: 4.00e+01, rank: 1
iter=7, loss=1.78e-05, mse=5.98e-06, tik=1.18e-05, reg_strength=7.20e-06, training.loss: 1.78e+01, lr: 1.000e+00, obs_data.norm: 3.98e+01, out.norm: 4.01e+01, rank: 1
iter=8, loss=1.58e-05, mse=5.42e-06, tik=1.04e-05, reg_strength=6.80e-06, training.loss: 1.58e+01, lr: 1.000e+00, obs_data.norm: 3.98e+01, out.norm: 4.01e+01, rank: 1
iter=9, loss=1.45e-05, mse=5.14e-06, tik=9.37e-06, reg_strength=6.40e-06, training.loss: 1.45e+01, lr: 1.000e+00, obs_data.norm: 3.98e+01, out.norm: 4.01e+01, rank: 1
iter=10, loss=1.34e-05, mse=4.95e-06, tik=8.48e-06, reg_strength=6.00e-06, training.loss: 1.34e+01, lr: 1.000e+00, obs_data.norm: 3.98e+01, out.norm: 4.01e+01, rank: 1
iter=11, loss=1.25e-05, mse=4.81e-06, tik=7.73e-06, reg_strength=5.60e-06, training.loss: 1.25e+01, lr: 1.000e+00, obs_data.norm: 3.98e+01, out.norm: 4.01e+01, rank: 1
iter=12, loss=1.17e-05, mse=4.63e-06, tik=7.10e-06, reg_strength=5.20e-06, training.loss: 1.17e+01, lr: 1.000e+00, obs_data.norm: 3.98e+01, out.norm: 4.01e+01, rank: 1
iter=13, loss=1.10e-05, mse=4.49e-06, tik=6.50e-06, reg_strength=4.80e-06, training.loss: 1.10e+01, lr: 1.000e+00, obs_data.norm: 3.98e+01, out.norm: 4.01e+01, rank: 1
iter=14, loss=1.03e-05, mse=4.33e-06, tik=5.97e-06, reg_strength=4.40e-06, training.loss: 1.03e+01, lr: 1.000e+00, obs_data.norm: 3.98e+01, out.norm: 4.01e+01, rank: 1
iter=15, loss=9.64e-06, mse=4.15e-06, tik=5.49e-06, reg_strength=4.00e-06, training.loss: 9.64e+00, lr: 1.000e+00, obs_data.norm: 3.98e+01, out.norm: 4.01e+01, rank: 1
iter=16, loss=8.97e-06, mse=3.98e-06, tik=4.99e-06, reg_strength=3.60e-06, training.loss: 8.97e+00, lr: 1.000e+00, obs_data.norm: 3.98e+01, out.norm: 4.01e+01, rank: 1
iter=17, loss=8.34e-06, mse=3.83e-06, tik=4.50e-06, reg_strength=3.20e-06, training.loss: 8.34e+00, lr: 1.000e+00, obs_data.norm: 3.98e+01, out.norm: 4.01e+01, rank: 1
iter=18, loss=7.70e-06, mse=3.67e-06, tik=4.02e-06, reg_strength=2.80e-06, training.loss: 7.70e+00, lr: 1.000e+00, obs_data.norm: 3.98e+01, out.norm: 4.01e+01, rank: 1
iter=19, loss=7.06e-06, mse=3.52e-06, tik=3.54e-06, reg_strength=2.40e-06, training.loss: 7.06e+00, lr: 1.000e+00, obs_data.norm: 3.98e+01, out.norm: 4.01e+01, rank: 1
iter=20, loss=6.42e-06, mse=3.34e-06, tik=3.08e-06, reg_strength=2.00e-06, training.loss: 6.42e+00, lr: 1.000e+00, obs_data.norm: 3.98e+01, out.norm: 4.01e+01, rank: 1
iter=21, loss=5.76e-06, mse=3.17e-06, tik=2.59e-06, reg_strength=1.60e-06, training.loss: 5.76e+00, lr: 1.000e+00, obs_data.norm: 3.98e+01, out.norm: 4.01e+01, rank: 1
iter=22, loss=5.08e-06, mse=3.00e-06, tik=2.07e-06, reg_strength=1.20e-06, training.loss: 5.08e+00, lr: 1.000e+00, obs_data.norm: 3.98e+01, out.norm: 4.00e+01, rank: 1
iter=23, loss=4.34e-06, mse=2.79e-06, tik=1.55e-06, reg_strength=8.00e-07, training.loss: 4.34e+00, lr: 1.000e+00, obs_data.norm: 3.98e+01, out.norm: 4.00e+01, rank: 1
iter=24, loss=3.49e-06, mse=2.48e-06, tik=1.01e-06, reg_strength=4.00e-07, training.loss: 3.49e+00, lr: 1.000e+00, obs_data.norm: 3.98e+01, out.norm: 4.00e+01, rank: 1
Presaving loss
Presaving vp
Presaving out
Train time rank 1: 120.38 seconds.
