Preprocessing took 0.00 seconds.
   Loading /home/tyler/anaconda3/envs/dw/data/marmousi/deepwave_example/shots16/twolayer/vp_init.pt...torch.Size([600, 250])
   Loading /home/tyler/anaconda3/envs/dw/data/marmousi/deepwave_example/shots16/twolayer/src_amp_y.pt...torch.Size([16, 1, 300])
   Loading /home/tyler/anaconda3/envs/dw/data/marmousi/deepwave_example/shots16/twolayer/obs_data.pt...torch.Size([16, 100, 300])
   Loading /home/tyler/anaconda3/envs/dw/data/marmousi/deepwave_example/shots16/twolayer/src_loc_y.pt...torch.Size([16, 1, 2])
   Loading /home/tyler/anaconda3/envs/dw/data/marmousi/deepwave_example/shots16/twolayer/rec_loc_y.pt...torch.Size([16, 100, 2])
Preprocess time rank 0: 0.42 seconds.
iter=0, loss=3.13e-03, mse=3.13e-03, tik=0.00e+00, reg_strength=1.00e-05, training.loss: 3.13e+03, lr: 1.000e+00, obs_data.norm: 3.94e+01, out.norm: 4.04e+01, rank: 0
iter=1, loss=2.73e-04, mse=1.65e-04, tik=1.08e-04, reg_strength=9.60e-06, training.loss: 2.73e+02, lr: 1.000e+00, obs_data.norm: 3.94e+01, out.norm: 3.81e+01, rank: 0
iter=2, loss=2.87e-03, mse=1.86e-03, tik=1.01e-03, reg_strength=9.20e-06, training.loss: 2.87e+03, lr: 1.000e+00, obs_data.norm: 3.94e+01, out.norm: 3.25e+01, rank: 0
iter=3, loss=4.39e-04, mse=1.52e-04, tik=2.87e-04, reg_strength=8.80e-06, training.loss: 4.39e+02, lr: 1.000e+00, obs_data.norm: 3.94e+01, out.norm: 3.86e+01, rank: 0
iter=4, loss=6.32e-05, mse=1.26e-05, tik=5.07e-05, reg_strength=8.40e-06, training.loss: 6.32e+01, lr: 1.000e+00, obs_data.norm: 3.94e+01, out.norm: 3.97e+01, rank: 0
iter=5, loss=2.53e-05, mse=6.52e-06, tik=1.87e-05, reg_strength=8.00e-06, training.loss: 2.53e+01, lr: 1.000e+00, obs_data.norm: 3.94e+01, out.norm: 3.96e+01, rank: 0
iter=6, loss=1.98e-05, mse=5.66e-06, tik=1.41e-05, reg_strength=7.60e-06, training.loss: 1.98e+01, lr: 1.000e+00, obs_data.norm: 3.94e+01, out.norm: 3.96e+01, rank: 0
iter=7, loss=1.72e-05, mse=5.32e-06, tik=1.18e-05, reg_strength=7.20e-06, training.loss: 1.72e+01, lr: 1.000e+00, obs_data.norm: 3.94e+01, out.norm: 3.96e+01, rank: 0
iter=8, loss=1.55e-05, mse=5.10e-06, tik=1.04e-05, reg_strength=6.80e-06, training.loss: 1.55e+01, lr: 1.000e+00, obs_data.norm: 3.94e+01, out.norm: 3.96e+01, rank: 0
iter=9, loss=1.43e-05, mse=4.97e-06, tik=9.37e-06, reg_strength=6.40e-06, training.loss: 1.43e+01, lr: 1.000e+00, obs_data.norm: 3.94e+01, out.norm: 3.96e+01, rank: 0
iter=10, loss=1.33e-05, mse=4.86e-06, tik=8.48e-06, reg_strength=6.00e-06, training.loss: 1.33e+01, lr: 1.000e+00, obs_data.norm: 3.94e+01, out.norm: 3.96e+01, rank: 0
iter=11, loss=1.25e-05, mse=4.79e-06, tik=7.73e-06, reg_strength=5.60e-06, training.loss: 1.25e+01, lr: 1.000e+00, obs_data.norm: 3.94e+01, out.norm: 3.96e+01, rank: 0
iter=12, loss=1.18e-05, mse=4.71e-06, tik=7.10e-06, reg_strength=5.20e-06, training.loss: 1.18e+01, lr: 1.000e+00, obs_data.norm: 3.94e+01, out.norm: 3.96e+01, rank: 0
iter=13, loss=1.11e-05, mse=4.64e-06, tik=6.50e-06, reg_strength=4.80e-06, training.loss: 1.11e+01, lr: 1.000e+00, obs_data.norm: 3.94e+01, out.norm: 3.96e+01, rank: 0
iter=14, loss=1.05e-05, mse=4.56e-06, tik=5.97e-06, reg_strength=4.40e-06, training.loss: 1.05e+01, lr: 1.000e+00, obs_data.norm: 3.94e+01, out.norm: 3.96e+01, rank: 0
iter=15, loss=9.97e-06, mse=4.48e-06, tik=5.49e-06, reg_strength=4.00e-06, training.loss: 9.97e+00, lr: 1.000e+00, obs_data.norm: 3.94e+01, out.norm: 3.96e+01, rank: 0
iter=16, loss=9.38e-06, mse=4.39e-06, tik=4.99e-06, reg_strength=3.60e-06, training.loss: 9.38e+00, lr: 1.000e+00, obs_data.norm: 3.94e+01, out.norm: 3.96e+01, rank: 0
iter=17, loss=8.82e-06, mse=4.31e-06, tik=4.50e-06, reg_strength=3.20e-06, training.loss: 8.82e+00, lr: 1.000e+00, obs_data.norm: 3.94e+01, out.norm: 3.96e+01, rank: 0
iter=18, loss=8.25e-06, mse=4.22e-06, tik=4.02e-06, reg_strength=2.80e-06, training.loss: 8.25e+00, lr: 1.000e+00, obs_data.norm: 3.94e+01, out.norm: 3.96e+01, rank: 0
iter=19, loss=7.67e-06, mse=4.14e-06, tik=3.54e-06, reg_strength=2.40e-06, training.loss: 7.67e+00, lr: 1.000e+00, obs_data.norm: 3.94e+01, out.norm: 3.96e+01, rank: 0
iter=20, loss=7.09e-06, mse=4.02e-06, tik=3.08e-06, reg_strength=2.00e-06, training.loss: 7.09e+00, lr: 1.000e+00, obs_data.norm: 3.94e+01, out.norm: 3.95e+01, rank: 0
iter=21, loss=6.48e-06, mse=3.89e-06, tik=2.59e-06, reg_strength=1.60e-06, training.loss: 6.48e+00, lr: 1.000e+00, obs_data.norm: 3.94e+01, out.norm: 3.95e+01, rank: 0
iter=22, loss=5.82e-06, mse=3.75e-06, tik=2.07e-06, reg_strength=1.20e-06, training.loss: 5.82e+00, lr: 1.000e+00, obs_data.norm: 3.94e+01, out.norm: 3.95e+01, rank: 0
iter=23, loss=5.10e-06, mse=3.55e-06, tik=1.55e-06, reg_strength=8.00e-07, training.loss: 5.10e+00, lr: 1.000e+00, obs_data.norm: 3.94e+01, out.norm: 3.95e+01, rank: 0
iter=24, loss=4.21e-06, mse=3.20e-06, tik=1.01e-06, reg_strength=4.00e-07, training.loss: 4.21e+00, lr: 1.000e+00, obs_data.norm: 3.94e+01, out.norm: 3.95e+01, rank: 0
Presaving loss
Presaving vp
Presaving out
Train time rank 0: 120.38 seconds.
