Preprocessing took 0.00 seconds.
   Loading /home/tyler/anaconda3/envs/dw/data/marmousi/deepwave_example/shots16/twolayer/vp_init.pt...torch.Size([600, 250])
   Loading /home/tyler/anaconda3/envs/dw/data/marmousi/deepwave_example/shots16/twolayer/src_amp_y.pt...torch.Size([16, 1, 300])
   Loading /home/tyler/anaconda3/envs/dw/data/marmousi/deepwave_example/shots16/twolayer/obs_data.pt...torch.Size([16, 100, 300])
   Loading /home/tyler/anaconda3/envs/dw/data/marmousi/deepwave_example/shots16/twolayer/src_loc_y.pt...torch.Size([16, 1, 2])
   Loading /home/tyler/anaconda3/envs/dw/data/marmousi/deepwave_example/shots16/twolayer/rec_loc_y.pt...torch.Size([16, 100, 2])
Preprocess time rank 1: 0.27 seconds.
iter=0, loss=3.66e-03, mse=3.66e-03, tik=0.00e+00, reg_strength=1.00e-05, training.loss: 3.66e+03, lr: 1.000e+00, obs_data.norm: 3.98e+01, out.norm: 4.07e+01, rank: 1
iter=1, loss=8.00e-04, mse=6.92e-04, tik=1.08e-04, reg_strength=9.60e-06, training.loss: 8.00e+02, lr: 1.000e+00, obs_data.norm: 3.98e+01, out.norm: 3.57e+01, rank: 1
iter=2, loss=3.17e-03, mse=2.11e-03, tik=1.05e-03, reg_strength=9.20e-06, training.loss: 3.17e+03, lr: 1.000e+00, obs_data.norm: 3.98e+01, out.norm: 3.34e+01, rank: 1
iter=3, loss=5.64e-04, mse=2.80e-04, tik=2.84e-04, reg_strength=8.80e-06, training.loss: 5.64e+02, lr: 1.000e+00, obs_data.norm: 3.98e+01, out.norm: 3.79e+01, rank: 1
iter=4, loss=7.57e-05, mse=1.85e-05, tik=5.72e-05, reg_strength=8.40e-06, training.loss: 7.57e+01, lr: 1.000e+00, obs_data.norm: 3.98e+01, out.norm: 3.98e+01, rank: 1
iter=5, loss=2.98e-05, mse=1.02e-05, tik=1.96e-05, reg_strength=8.00e-06, training.loss: 2.98e+01, lr: 1.000e+00, obs_data.norm: 3.98e+01, out.norm: 4.00e+01, rank: 1
iter=6, loss=2.17e-05, mse=7.56e-06, tik=1.41e-05, reg_strength=7.60e-06, training.loss: 2.17e+01, lr: 1.000e+00, obs_data.norm: 3.98e+01, out.norm: 4.00e+01, rank: 1
iter=7, loss=1.79e-05, mse=6.04e-06, tik=1.19e-05, reg_strength=7.20e-06, training.loss: 1.79e+01, lr: 1.000e+00, obs_data.norm: 3.98e+01, out.norm: 4.01e+01, rank: 1
iter=8, loss=1.58e-05, mse=5.42e-06, tik=1.04e-05, reg_strength=6.80e-06, training.loss: 1.58e+01, lr: 1.000e+00, obs_data.norm: 3.98e+01, out.norm: 4.01e+01, rank: 1
iter=9, loss=1.45e-05, mse=5.16e-06, tik=9.37e-06, reg_strength=6.40e-06, training.loss: 1.45e+01, lr: 1.000e+00, obs_data.norm: 3.98e+01, out.norm: 4.01e+01, rank: 1
iter=10, loss=1.35e-05, mse=4.96e-06, tik=8.50e-06, reg_strength=6.00e-06, training.loss: 1.35e+01, lr: 1.000e+00, obs_data.norm: 3.98e+01, out.norm: 4.01e+01, rank: 1
iter=11, loss=1.25e-05, mse=4.79e-06, tik=7.75e-06, reg_strength=5.60e-06, training.loss: 1.25e+01, lr: 1.000e+00, obs_data.norm: 3.98e+01, out.norm: 4.01e+01, rank: 1
iter=12, loss=1.17e-05, mse=4.65e-06, tik=7.08e-06, reg_strength=5.20e-06, training.loss: 1.17e+01, lr: 1.000e+00, obs_data.norm: 3.98e+01, out.norm: 4.01e+01, rank: 1
iter=13, loss=1.10e-05, mse=4.51e-06, tik=6.49e-06, reg_strength=4.80e-06, training.loss: 1.10e+01, lr: 1.000e+00, obs_data.norm: 3.98e+01, out.norm: 4.01e+01, rank: 1
iter=14, loss=1.03e-05, mse=4.31e-06, tik=5.98e-06, reg_strength=4.40e-06, training.loss: 1.03e+01, lr: 1.000e+00, obs_data.norm: 3.98e+01, out.norm: 4.01e+01, rank: 1
iter=15, loss=9.63e-06, mse=4.17e-06, tik=5.46e-06, reg_strength=4.00e-06, training.loss: 9.63e+00, lr: 1.000e+00, obs_data.norm: 3.98e+01, out.norm: 4.01e+01, rank: 1
iter=16, loss=8.98e-06, mse=4.02e-06, tik=4.96e-06, reg_strength=3.60e-06, training.loss: 8.98e+00, lr: 1.000e+00, obs_data.norm: 3.98e+01, out.norm: 4.01e+01, rank: 1
iter=17, loss=8.34e-06, mse=3.87e-06, tik=4.47e-06, reg_strength=3.20e-06, training.loss: 8.34e+00, lr: 1.000e+00, obs_data.norm: 3.98e+01, out.norm: 4.01e+01, rank: 1
iter=18, loss=7.70e-06, mse=3.70e-06, tik=4.01e-06, reg_strength=2.80e-06, training.loss: 7.70e+00, lr: 1.000e+00, obs_data.norm: 3.98e+01, out.norm: 4.01e+01, rank: 1
iter=19, loss=7.06e-06, mse=3.52e-06, tik=3.54e-06, reg_strength=2.40e-06, training.loss: 7.06e+00, lr: 1.000e+00, obs_data.norm: 3.98e+01, out.norm: 4.01e+01, rank: 1
iter=20, loss=6.42e-06, mse=3.34e-06, tik=3.08e-06, reg_strength=2.00e-06, training.loss: 6.42e+00, lr: 1.000e+00, obs_data.norm: 3.98e+01, out.norm: 4.01e+01, rank: 1
iter=21, loss=5.76e-06, mse=3.18e-06, tik=2.58e-06, reg_strength=1.60e-06, training.loss: 5.76e+00, lr: 1.000e+00, obs_data.norm: 3.98e+01, out.norm: 4.00e+01, rank: 1
iter=22, loss=5.07e-06, mse=3.00e-06, tik=2.07e-06, reg_strength=1.20e-06, training.loss: 5.07e+00, lr: 1.000e+00, obs_data.norm: 3.98e+01, out.norm: 4.00e+01, rank: 1
iter=23, loss=4.34e-06, mse=2.80e-06, tik=1.54e-06, reg_strength=8.00e-07, training.loss: 4.34e+00, lr: 1.000e+00, obs_data.norm: 3.98e+01, out.norm: 4.00e+01, rank: 1
iter=24, loss=3.52e-06, mse=2.61e-06, tik=9.05e-07, reg_strength=4.00e-07, training.loss: 3.52e+00, lr: 1.000e+00, obs_data.norm: 3.98e+01, out.norm: 4.00e+01, rank: 1
Presaving loss
Presaving vp
Presaving out
Train time rank 1: 120.18 seconds.
