Preprocessing took 0.00 seconds.
   Loading /home/tyler/anaconda3/envs/dw/data/marmousi/deepwave_example/shots16/twolayer/vp_init.pt...torch.Size([600, 250])
   Loading /home/tyler/anaconda3/envs/dw/data/marmousi/deepwave_example/shots16/twolayer/src_amp_y.pt...torch.Size([16, 1, 300])
   Loading /home/tyler/anaconda3/envs/dw/data/marmousi/deepwave_example/shots16/twolayer/obs_data.pt...torch.Size([16, 100, 300])
   Loading /home/tyler/anaconda3/envs/dw/data/marmousi/deepwave_example/shots16/twolayer/src_loc_y.pt...torch.Size([16, 1, 2])
   Loading /home/tyler/anaconda3/envs/dw/data/marmousi/deepwave_example/shots16/twolayer/rec_loc_y.pt...torch.Size([16, 100, 2])
Preprocess time rank 0: 0.31 seconds.
iter=0, loss=3.13e-03, mse=3.13e-03, tik=0.00e+00, reg_strength=1.00e-05, training.loss: 3.13e+03, lr: 1.000e+00, obs_data.norm: 3.94e+01, out.norm: 4.04e+01, rank: 0
iter=1, loss=2.73e-04, mse=1.65e-04, tik=1.08e-04, reg_strength=9.60e-06, training.loss: 2.73e+02, lr: 1.000e+00, obs_data.norm: 3.94e+01, out.norm: 3.81e+01, rank: 0
iter=2, loss=2.72e-03, mse=1.67e-03, tik=1.05e-03, reg_strength=9.20e-06, training.loss: 2.72e+03, lr: 1.000e+00, obs_data.norm: 3.94e+01, out.norm: 3.28e+01, rank: 0
iter=3, loss=4.92e-04, mse=2.08e-04, tik=2.84e-04, reg_strength=8.80e-06, training.loss: 4.92e+02, lr: 1.000e+00, obs_data.norm: 3.94e+01, out.norm: 3.77e+01, rank: 0
iter=4, loss=6.97e-05, mse=1.25e-05, tik=5.72e-05, reg_strength=8.40e-06, training.loss: 6.97e+01, lr: 1.000e+00, obs_data.norm: 3.94e+01, out.norm: 3.95e+01, rank: 0
iter=5, loss=2.57e-05, mse=6.12e-06, tik=1.96e-05, reg_strength=8.00e-06, training.loss: 2.57e+01, lr: 1.000e+00, obs_data.norm: 3.94e+01, out.norm: 3.96e+01, rank: 0
iter=6, loss=1.97e-05, mse=5.54e-06, tik=1.41e-05, reg_strength=7.60e-06, training.loss: 1.97e+01, lr: 1.000e+00, obs_data.norm: 3.94e+01, out.norm: 3.96e+01, rank: 0
iter=7, loss=1.72e-05, mse=5.32e-06, tik=1.19e-05, reg_strength=7.20e-06, training.loss: 1.72e+01, lr: 1.000e+00, obs_data.norm: 3.94e+01, out.norm: 3.96e+01, rank: 0
iter=8, loss=1.55e-05, mse=5.11e-06, tik=1.04e-05, reg_strength=6.80e-06, training.loss: 1.55e+01, lr: 1.000e+00, obs_data.norm: 3.94e+01, out.norm: 3.96e+01, rank: 0
iter=9, loss=1.44e-05, mse=4.99e-06, tik=9.37e-06, reg_strength=6.40e-06, training.loss: 1.44e+01, lr: 1.000e+00, obs_data.norm: 3.94e+01, out.norm: 3.96e+01, rank: 0
iter=10, loss=1.34e-05, mse=4.87e-06, tik=8.50e-06, reg_strength=6.00e-06, training.loss: 1.34e+01, lr: 1.000e+00, obs_data.norm: 3.94e+01, out.norm: 3.96e+01, rank: 0
iter=11, loss=1.25e-05, mse=4.78e-06, tik=7.75e-06, reg_strength=5.60e-06, training.loss: 1.25e+01, lr: 1.000e+00, obs_data.norm: 3.94e+01, out.norm: 3.96e+01, rank: 0
iter=12, loss=1.18e-05, mse=4.71e-06, tik=7.08e-06, reg_strength=5.20e-06, training.loss: 1.18e+01, lr: 1.000e+00, obs_data.norm: 3.94e+01, out.norm: 3.96e+01, rank: 0
iter=13, loss=1.11e-05, mse=4.64e-06, tik=6.49e-06, reg_strength=4.80e-06, training.loss: 1.11e+01, lr: 1.000e+00, obs_data.norm: 3.94e+01, out.norm: 3.96e+01, rank: 0
iter=14, loss=1.05e-05, mse=4.56e-06, tik=5.98e-06, reg_strength=4.40e-06, training.loss: 1.05e+01, lr: 1.000e+00, obs_data.norm: 3.94e+01, out.norm: 3.96e+01, rank: 0
iter=15, loss=9.94e-06, mse=4.49e-06, tik=5.46e-06, reg_strength=4.00e-06, training.loss: 9.94e+00, lr: 1.000e+00, obs_data.norm: 3.94e+01, out.norm: 3.96e+01, rank: 0
iter=16, loss=9.37e-06, mse=4.41e-06, tik=4.96e-06, reg_strength=3.60e-06, training.loss: 9.37e+00, lr: 1.000e+00, obs_data.norm: 3.94e+01, out.norm: 3.96e+01, rank: 0
iter=17, loss=8.80e-06, mse=4.34e-06, tik=4.47e-06, reg_strength=3.20e-06, training.loss: 8.80e+00, lr: 1.000e+00, obs_data.norm: 3.94e+01, out.norm: 3.96e+01, rank: 0
iter=18, loss=8.24e-06, mse=4.24e-06, tik=4.01e-06, reg_strength=2.80e-06, training.loss: 8.24e+00, lr: 1.000e+00, obs_data.norm: 3.94e+01, out.norm: 3.96e+01, rank: 0
iter=19, loss=7.68e-06, mse=4.13e-06, tik=3.54e-06, reg_strength=2.40e-06, training.loss: 7.68e+00, lr: 1.000e+00, obs_data.norm: 3.94e+01, out.norm: 3.96e+01, rank: 0
iter=20, loss=7.09e-06, mse=4.02e-06, tik=3.08e-06, reg_strength=2.00e-06, training.loss: 7.09e+00, lr: 1.000e+00, obs_data.norm: 3.94e+01, out.norm: 3.95e+01, rank: 0
iter=21, loss=6.48e-06, mse=3.90e-06, tik=2.58e-06, reg_strength=1.60e-06, training.loss: 6.48e+00, lr: 1.000e+00, obs_data.norm: 3.94e+01, out.norm: 3.95e+01, rank: 0
iter=22, loss=5.82e-06, mse=3.75e-06, tik=2.07e-06, reg_strength=1.20e-06, training.loss: 5.82e+00, lr: 1.000e+00, obs_data.norm: 3.94e+01, out.norm: 3.95e+01, rank: 0
iter=23, loss=5.09e-06, mse=3.55e-06, tik=1.54e-06, reg_strength=8.00e-07, training.loss: 5.09e+00, lr: 1.000e+00, obs_data.norm: 3.94e+01, out.norm: 3.95e+01, rank: 0
iter=24, loss=4.25e-06, mse=3.35e-06, tik=9.05e-07, reg_strength=4.00e-07, training.loss: 4.25e+00, lr: 1.000e+00, obs_data.norm: 3.94e+01, out.norm: 3.95e+01, rank: 0
Presaving loss
Presaving vp
Presaving out
Train time rank 0: 120.19 seconds.
