Preprocessing took 0.01 seconds.
   Loading /home/tyler/anaconda3/envs/dw/data/marmousi/deepwave_example/shots16/vp_init.pt...torch.Size([600, 250])
   Loading /home/tyler/anaconda3/envs/dw/data/marmousi/deepwave_example/shots16/src_amp_y.pt...torch.Size([16, 1, 300])
   Loading /home/tyler/anaconda3/envs/dw/data/marmousi/deepwave_example/shots16/obs_data.pt...torch.Size([16, 100, 300])
   Loading /home/tyler/anaconda3/envs/dw/data/marmousi/deepwave_example/shots16/src_loc_y.pt...torch.Size([16, 1, 2])
   Loading /home/tyler/anaconda3/envs/dw/data/marmousi/deepwave_example/shots16/rec_loc_y.pt...torch.Size([16, 100, 2])
Preprocess time rank 1: 1.06 seconds.
iter=0, loss=7.53e-03, mse=7.53e-03, tik=9.36e-07, reg_strength=1.00e-06, training.loss: 7.53e+03, lr: 1.000e+00, obs_data.norm: 4.18e+01, out.norm: 4.01e+01, rank: 1
iter=1, loss=3.92e-03, mse=3.64e-03, tik=2.78e-04, reg_strength=8.00e-07, training.loss: 3.92e+03, lr: 1.000e+00, obs_data.norm: 4.18e+01, out.norm: 2.47e+01, rank: 1
iter=2, loss=2.72e-03, mse=2.50e-03, tik=2.14e-04, reg_strength=6.00e-07, training.loss: 2.72e+03, lr: 1.000e+00, obs_data.norm: 4.18e+01, out.norm: 2.98e+01, rank: 1
iter=3, loss=1.40e-03, mse=1.29e-03, tik=1.19e-04, reg_strength=4.00e-07, training.loss: 1.40e+03, lr: 1.000e+00, obs_data.norm: 4.18e+01, out.norm: 3.61e+01, rank: 1
iter=4, loss=6.37e-04, mse=5.99e-04, tik=3.84e-05, reg_strength=2.00e-07, training.loss: 6.37e+02, lr: 1.000e+00, obs_data.norm: 4.18e+01, out.norm: 3.96e+01, rank: 1
Presaving loss on rank 1
Presaving vp on rank 1
Presaving out on rank 1
Presaving loss on rank 1
Presaving vp on rank 1
Presaving out on rank 1
yo
destroyed
Train time rank 1: 23.52 seconds.
