Preprocessing took 0.00 seconds.
   Loading /home/tyler/anaconda3/envs/dw/data/marmousi/vp_init.pt...torch.Size([2301, 751])
   Loading /home/tyler/anaconda3/envs/dw/data/marmousi/src_amp_y.pt...torch.Size([115, 1, 750])
   Loading /home/tyler/anaconda3/envs/dw/data/marmousi/obs_data.pt...torch.Size([115, 384, 750])
   Loading /home/tyler/anaconda3/envs/dw/data/marmousi/src_loc_y.pt...torch.Size([115, 1, 2])
   Loading /home/tyler/anaconda3/envs/dw/data/marmousi/rec_loc_y.pt...torch.Size([115, 384, 2])
Preprocess time rank 0: 0.82 seconds.
    taper_batch: call == 1...took 64.82015991210938s
iter=14, loss=9.68e-04, mse=9.63e-04, tik=4.80e-06, reg_strength=5.33e-07, training.loss: 9.30e+02, lr: 1.000e+00, obs_data.norm: 1.15e+02, out.norm: 2.31e+01, rank: 0
    taper_batch: call == 2...took 65.52242517471313s
    taper_batch: call == 3...took 65.61316800117493s
    taper_batch: call == 4...took 65.76971387863159s
    taper_batch: call == 5...took 65.62269282341003s
    taper_batch: call == 6...took 65.65747451782227s
    taper_batch: call == 7...took 65.7818112373352s
    taper_batch: call == 8...took 65.758380651474s
    taper_batch: call == 9...took 65.64704203605652s
    taper_batch: call == 10...took 65.73474287986755s
    taper_batch: call == 11...took 65.62933707237244s
iter=29, loss=2.39e-04, mse=2.36e-04, tik=2.76e-06, reg_strength=1.00e-07, training.loss: 2.90e+02, lr: 1.000e+00, obs_data.norm: 1.15e+02, out.norm: 1.91e+01, rank: 0
    taper_batch: call == 12...took 65.57108306884766s
    taper_batch: call == 13...took 65.61912798881531s
    taper_batch: call == 14...took 65.71555972099304s
    taper_batch: call == 15...took 65.48948121070862s
    taper_batch: call == 16...took 65.6363935470581s
    taper_batch: call == 17...took 65.69541645050049s
    taper_batch: call == 18...took 65.52058029174805s
    taper_batch: call == 19...took 65.51234030723572s
    taper_batch: call == 20...took 65.68730568885803s
    taper_batch: call == 21...took 65.63392567634583s
iter=44, loss=1.18e-04, mse=1.15e-04, tik=2.66e-06, reg_strength=1.00e-07, training.loss: 1.54e+02, lr: 1.000e+00, obs_data.norm: 1.15e+02, out.norm: 1.70e+01, rank: 0
    taper_batch: call == 22...took 65.50879836082458s
    taper_batch: call == 23...took 65.55787706375122s
    taper_batch: call == 24...took 65.50645041465759s
    taper_batch: call == 25...took 65.56855893135071s
    taper_batch: call == 26...took 65.70334768295288s
    taper_batch: call == 27...took 65.65465927124023s
    taper_batch: call == 28...took 65.55259323120117s
    taper_batch: call == 29...took 65.42792797088623s
    taper_batch: call == 30...took 65.60150241851807s
    taper_batch: call == 31...took 65.63787174224854s
iter=59, loss=6.59e-05, mse=6.29e-05, tik=2.97e-06, reg_strength=1.00e-07, training.loss: 7.46e+01, lr: 1.000e+00, obs_data.norm: 1.15e+02, out.norm: 1.84e+01, rank: 0
    taper_batch: call == 32...took 65.64728331565857s
    taper_batch: call == 33...took 65.65636086463928s
    taper_batch: call == 34...took 65.50350975990295s
    taper_batch: call == 35...took 65.46413040161133s
    taper_batch: call == 36...took 65.69114756584167s
    taper_batch: call == 37...took 65.62873363494873s
    taper_batch: call == 38...took 65.66784930229187s
    taper_batch: call == 39...took 65.55657029151917s
    taper_batch: call == 40...took 65.52051663398743s
    taper_batch: call == 41...took 65.6408519744873s
iter=74, loss=5.61e-05, mse=5.26e-05, tik=3.43e-06, reg_strength=1.00e-07, training.loss: 5.71e+01, lr: 1.000e+00, obs_data.norm: 1.15e+02, out.norm: 1.84e+01, rank: 0
    taper_batch: call == 42...took 65.72694277763367s
    taper_batch: call == 43...took 65.48440027236938s
    taper_batch: call == 44...took 65.75141453742981s
    taper_batch: call == 45...took 65.6555643081665s
    taper_batch: call == 46...took 65.67653131484985s
    taper_batch: call == 47...took 65.5563416481018s
    taper_batch: call == 48...took 65.53955316543579s
    taper_batch: call == 49...took 65.52441215515137s
    taper_batch: call == 50...took 65.70447444915771s
    taper_batch: call == 51...took 65.59813737869263s
iter=89, loss=5.08e-05, mse=4.74e-05, tik=3.43e-06, reg_strength=1.00e-07, training.loss: 5.06e+01, lr: 1.000e+00, obs_data.norm: 1.15e+02, out.norm: 1.85e+01, rank: 0
    taper_batch: call == 52...took 65.52546381950378s
    taper_batch: call == 53...took 65.5765323638916s
    taper_batch: call == 54...took 65.61967897415161s
    taper_batch: call == 55...took 65.66459083557129s
    taper_batch: call == 56...took 65.74895143508911s
    taper_batch: call == 57...took 65.62346839904785s
    taper_batch: call == 58...took 65.5533971786499s
    taper_batch: call == 59...took 65.53870224952698s
    taper_batch: call == 60...took 65.6842143535614s
    taper_batch: call == 61...took 65.6576840877533s
iter=104, loss=4.59e-05, mse=4.27e-05, tik=3.17e-06, reg_strength=1.00e-07, training.loss: 4.20e+01, lr: 1.000e+00, obs_data.norm: 1.15e+02, out.norm: 1.85e+01, rank: 0
    taper_batch: call == 62...took 65.53014898300171s
    taper_batch: call == 63...took 65.58451986312866s
    taper_batch: call == 64...took 65.53606796264648s
    taper_batch: call == 65...took 65.5557792186737s
    taper_batch: call == 66...took 65.71209001541138s
    taper_batch: call == 67...took 65.68557381629944s
    taper_batch: call == 68...took 65.59905815124512s
    taper_batch: call == 69...took 65.6892991065979s
    taper_batch: call == 70...took 65.65698170661926s
    taper_batch: call == 71...took 65.51643061637878s
iter=119, loss=4.28e-05, mse=3.96e-05, tik=3.26e-06, reg_strength=1.00e-07, training.loss: 3.67e+01, lr: 1.000e+00, obs_data.norm: 1.15e+02, out.norm: 1.86e+01, rank: 0
    taper_batch: call == 72...took 65.59530830383301s
    taper_batch: call == 73...took 65.56723856925964s
    taper_batch: call == 74...took 65.74484539031982s
    taper_batch: call == 75...took 65.68642377853394s
    taper_batch: call == 76...took 65.55516386032104s
    taper_batch: call == 77...took 65.61379814147949s
    taper_batch: call == 78...took 65.57776284217834s
    taper_batch: call == 79...took 65.65127468109131s
    taper_batch: call == 80...took 65.69342851638794s
    taper_batch: call == 81...took 65.66282176971436s
iter=134, loss=3.93e-05, mse=3.56e-05, tik=3.65e-06, reg_strength=1.00e-07, training.loss: 3.24e+01, lr: 1.000e+00, obs_data.norm: 1.15e+02, out.norm: 1.86e+01, rank: 0
    taper_batch: call == 82...took 65.59612202644348s
    taper_batch: call == 83...took 65.49489140510559s
    taper_batch: call == 84...took 65.66783165931702s
    taper_batch: call == 85...took 65.6178719997406s
    taper_batch: call == 86...took 65.688481092453s
    taper_batch: call == 87...took 65.6106526851654s
    taper_batch: call == 88...took 65.58118629455566s
    taper_batch: call == 89...took 65.73635625839233s
    taper_batch: call == 90...took 65.74114274978638s
    taper_batch: call == 91...took 65.74486970901489s
iter=149, loss=3.60e-05, mse=3.21e-05, tik=3.91e-06, reg_strength=1.00e-07, training.loss: 2.87e+01, lr: 1.000e+00, obs_data.norm: 1.15e+02, out.norm: 1.86e+01, rank: 0
    taper_batch: call == 92...took 65.72860312461853s
    taper_batch: call == 93...took 65.51565384864807s
    taper_batch: call == 94...took 65.79082012176514s
    taper_batch: call == 95...took 65.62370729446411s
    taper_batch: call == 96...took 65.62055730819702s
    taper_batch: call == 97...took 65.60478377342224s
    taper_batch: call == 98...took 65.78823208808899s
    taper_batch: call == 99...took 65.6869854927063s
    taper_batch: call == 100...took 65.57768249511719s
    taper_batch: call == 101...took 65.60804867744446s
iter=164, loss=3.29e-05, mse=2.88e-05, tik=4.17e-06, reg_strength=1.00e-07, training.loss: 2.58e+01, lr: 1.000e+00, obs_data.norm: 1.15e+02, out.norm: 1.85e+01, rank: 0
    taper_batch: call == 102...took 65.64848136901855s
    taper_batch: call == 103...took 65.67793893814087s
    taper_batch: call == 104...took 65.59479594230652s
    taper_batch: call == 105...took 65.65229606628418s
    taper_batch: call == 106...took 65.67453718185425s
    taper_batch: call == 107...took 65.64016628265381s
    taper_batch: call == 108...took 65.61421251296997s
    taper_batch: call == 109...took 65.6412844657898s
    taper_batch: call == 110...took 65.67155003547668s
    taper_batch: call == 111...took 65.82693338394165s
iter=179, loss=2.98e-05, mse=2.55e-05, tik=4.30e-06, reg_strength=1.00e-07, training.loss: 2.32e+01, lr: 1.000e+00, obs_data.norm: 1.15e+02, out.norm: 1.86e+01, rank: 0
    taper_batch: call == 112...took 65.60700416564941s
    taper_batch: call == 113...took 65.64195537567139s
    taper_batch: call == 114...took 65.53738832473755s
    taper_batch: call == 115...took 65.7362608909607s
    taper_batch: call == 116...took 65.69705843925476s
    taper_batch: call == 117...took 65.54910016059875s
    taper_batch: call == 118...took 65.60517716407776s
    taper_batch: call == 119...took 65.48160910606384s
    taper_batch: call == 120...took 65.59026408195496s
    taper_batch: call == 121...took 66.08453845977783s
iter=194, loss=2.71e-05, mse=2.27e-05, tik=4.39e-06, reg_strength=1.00e-07, training.loss: 2.15e+01, lr: 1.000e+00, obs_data.norm: 1.15e+02, out.norm: 1.88e+01, rank: 0
    taper_batch: call == 122...took 65.60151600837708s
    taper_batch: call == 123...took 65.64225435256958s
    taper_batch: call == 124...took 65.65721654891968s
    taper_batch: call == 125...took 65.63879871368408s
    taper_batch: call == 126...took 65.6513123512268s
    taper_batch: call == 127...took 65.67901372909546s
    taper_batch: call == 128...took 65.67463946342468s
    taper_batch: call == 129...took 65.67039012908936s
    taper_batch: call == 130...took 65.6566846370697s
    taper_batch: call == 131...took 65.83162999153137s
iter=209, loss=2.55e-05, mse=2.11e-05, tik=4.46e-06, reg_strength=1.00e-07, training.loss: 2.02e+01, lr: 1.000e+00, obs_data.norm: 1.15e+02, out.norm: 1.86e+01, rank: 0
    taper_batch: call == 132...took 65.64865493774414s
    taper_batch: call == 133...took 65.67950129508972s
    taper_batch: call == 134...took 65.66599941253662s
    taper_batch: call == 135...took 65.65278506278992s
    taper_batch: call == 136...took 65.67622208595276s
    taper_batch: call == 137...took 65.68096280097961s
    taper_batch: call == 138...took 65.64175319671631s
    taper_batch: call == 139...took 65.65861010551453s
    taper_batch: call == 140...took 65.65778970718384s
    taper_batch: call == 141...took 65.81765985488892s
iter=224, loss=2.44e-05, mse=2.00e-05, tik=4.47e-06, reg_strength=1.00e-07, training.loss: 1.92e+01, lr: 1.000e+00, obs_data.norm: 1.15e+02, out.norm: 1.86e+01, rank: 0
    taper_batch: call == 142...took 65.68690967559814s
    taper_batch: call == 143...took 65.68188261985779s
    taper_batch: call == 144...took 65.65942454338074s
    taper_batch: call == 145...took 65.68012475967407s
    taper_batch: call == 146...took 65.66994214057922s
    taper_batch: call == 147...took 65.6880350112915s
    taper_batch: call == 148...took 65.66928267478943s
    taper_batch: call == 149...took 65.65123414993286s
    taper_batch: call == 150...took 65.66614198684692s
    taper_batch: call == 151...took 65.84164762496948s
iter=239, loss=2.31e-05, mse=1.86e-05, tik=4.49e-06, reg_strength=1.00e-07, training.loss: 1.82e+01, lr: 1.000e+00, obs_data.norm: 1.15e+02, out.norm: 1.87e+01, rank: 0
    taper_batch: call == 152...took 65.65219616889954s
    taper_batch: call == 153...took 65.66282367706299s
    taper_batch: call == 154...took 65.67901802062988s
    taper_batch: call == 155...took 65.6759991645813s
    taper_batch: call == 156...took 65.65921592712402s
    taper_batch: call == 157...took 65.68413949012756s
    taper_batch: call == 158...took 65.67544078826904s
    taper_batch: call == 159...took 65.66783928871155s
    taper_batch: call == 160...took 65.67511892318726s
    taper_batch: call == 161...took 65.89511203765869s
iter=254, loss=2.20e-05, mse=1.74e-05, tik=4.55e-06, reg_strength=1.00e-07, training.loss: 1.73e+01, lr: 1.000e+00, obs_data.norm: 1.15e+02, out.norm: 1.87e+01, rank: 0
    taper_batch: call == 162...took 65.67450523376465s
    taper_batch: call == 163...took 65.66501784324646s
    taper_batch: call == 164...took 65.68052339553833s
    taper_batch: call == 165...took 65.64944529533386s
    taper_batch: call == 166...took 65.64809679985046s
    taper_batch: call == 167...took 65.67001533508301s
    taper_batch: call == 168...took 65.6589002609253s
    taper_batch: call == 169...took 65.65164756774902s
    taper_batch: call == 170...took 65.66320061683655s
    taper_batch: call == 171...took 65.80699920654297s
iter=269, loss=2.07e-05, mse=1.62e-05, tik=4.58e-06, reg_strength=1.00e-07, training.loss: 1.64e+01, lr: 1.000e+00, obs_data.norm: 1.15e+02, out.norm: 1.86e+01, rank: 0
    taper_batch: call == 172...took 65.64521741867065s
    taper_batch: call == 173...took 65.65468430519104s
    taper_batch: call == 174...took 65.65365767478943s
    taper_batch: call == 175...took 65.6532027721405s
    taper_batch: call == 176...took 65.6363594532013s
    taper_batch: call == 177...took 65.62707710266113s
    taper_batch: call == 178...took 65.66722011566162s
    taper_batch: call == 179...took 65.6519558429718s
    taper_batch: call == 180...took 65.65966844558716s
    taper_batch: call == 181...took 65.83102297782898s
iter=284, loss=1.99e-05, mse=1.53e-05, tik=4.64e-06, reg_strength=1.00e-07, training.loss: 1.56e+01, lr: 1.000e+00, obs_data.norm: 1.15e+02, out.norm: 1.88e+01, rank: 0
    taper_batch: call == 182...took 65.63030481338501s
    taper_batch: call == 183...took 65.63235569000244s
    taper_batch: call == 184...took 65.6664366722107s
    taper_batch: call == 185...took 65.66220664978027s
    taper_batch: call == 186...took 65.6701729297638s
    taper_batch: call == 187...took 65.66760301589966s
    taper_batch: call == 188...took 65.63236260414124s
    taper_batch: call == 189...took 65.64739322662354s
    taper_batch: call == 190...took 65.65746283531189s
    taper_batch: call == 191...took 65.83204221725464s
iter=299, loss=1.89e-05, mse=1.42e-05, tik=4.72e-06, reg_strength=1.00e-07, training.loss: 1.49e+01, lr: 1.000e+00, obs_data.norm: 1.15e+02, out.norm: 1.86e+01, rank: 0
    taper_batch: call == 192...took 65.66454410552979s
    taper_batch: call == 193...took 65.64308786392212s
    taper_batch: call == 194...took 65.65073370933533s
    taper_batch: call == 195...took 65.66102051734924s
    taper_batch: call == 196...took 65.65367388725281s
    taper_batch: call == 197...took 65.65992212295532s
    taper_batch: call == 198...took 65.65037298202515s
    taper_batch: call == 199...took 65.67665505409241s
    taper_batch: call == 200...took 65.65246844291687s
    taper_batch: call == 201...took 65.77004957199097s
iter=314, loss=1.82e-05, mse=1.34e-05, tik=4.82e-06, reg_strength=1.00e-07, training.loss: 1.44e+01, lr: 1.000e+00, obs_data.norm: 1.15e+02, out.norm: 1.87e+01, rank: 0
    taper_batch: call == 202...took 65.66001152992249s
    taper_batch: call == 203...took 65.64868497848511s
    taper_batch: call == 204...took 65.66258454322815s
    taper_batch: call == 205...took 65.68996930122375s
    taper_batch: call == 206...took 65.68339943885803s
    taper_batch: call == 207...took 65.65502643585205s
    taper_batch: call == 208...took 65.6215009689331s
    taper_batch: call == 209...took 65.64629125595093s
    taper_batch: call == 210...took 65.64821743965149s
    taper_batch: call == 211...took 65.82824921607971s
iter=329, loss=1.76e-05, mse=1.27e-05, tik=4.87e-06, reg_strength=1.00e-07, training.loss: 1.38e+01, lr: 1.000e+00, obs_data.norm: 1.15e+02, out.norm: 1.87e+01, rank: 0
    taper_batch: call == 212...took 65.65118217468262s
    taper_batch: call == 213...took 65.70573353767395s
    taper_batch: call == 214...took 65.64984083175659s
    taper_batch: call == 215...took 65.68429255485535s
    taper_batch: call == 216...took 65.6075451374054s
    taper_batch: call == 217...took 65.75459456443787s
    taper_batch: call == 218...took 65.61678338050842s
    taper_batch: call == 219...took 65.67004489898682s
    taper_batch: call == 220...took 65.58642292022705s
    taper_batch: call == 221...took 65.63110399246216s
iter=344, loss=1.69e-05, mse=1.20e-05, tik=4.94e-06, reg_strength=1.00e-07, training.loss: 1.33e+01, lr: 1.000e+00, obs_data.norm: 1.15e+02, out.norm: 1.87e+01, rank: 0
    taper_batch: call == 222...took 65.74604296684265s
    taper_batch: call == 223...took 65.7859001159668s
    taper_batch: call == 224...took 65.7869963645935s
    taper_batch: call == 225...took 65.76610851287842s
    taper_batch: call == 226...took 65.8244776725769s
    taper_batch: call == 227...took 65.80419516563416s
    taper_batch: call == 228...took 65.74504470825195s
    taper_batch: call == 229...took 65.76945495605469s
    taper_batch: call == 230...took 65.7366271018982s
    taper_batch: call == 231...took 65.85274314880371s
iter=359, loss=1.66e-05, mse=1.16e-05, tik=4.97e-06, reg_strength=1.00e-07, training.loss: 1.30e+01, lr: 1.000e+00, obs_data.norm: 1.15e+02, out.norm: 1.87e+01, rank: 0
    taper_batch: call == 232...took 65.7651720046997s
    taper_batch: call == 233...took 65.75127649307251s
    taper_batch: call == 234...took 65.77078247070312s
    taper_batch: call == 235...took 65.76524710655212s
    taper_batch: call == 236...took 65.78979563713074s
    taper_batch: call == 237...took 65.75939011573792s
    taper_batch: call == 238...took 65.86428427696228s
    taper_batch: call == 239...took 65.77058362960815s
    taper_batch: call == 240...took 65.8445782661438s
    taper_batch: call == 241...took 65.6882393360138s
iter=374, loss=1.63e-05, mse=1.13e-05, tik=5.00e-06, reg_strength=1.00e-07, training.loss: 1.28e+01, lr: 1.000e+00, obs_data.norm: 1.15e+02, out.norm: 1.87e+01, rank: 0
    taper_batch: call == 242...took 65.7480103969574s
    taper_batch: call == 243...took 65.79322934150696s
    taper_batch: call == 244...took 65.71969318389893s
    taper_batch: call == 245...took 65.76356959342957s
    taper_batch: call == 246...took 65.77370548248291s
    taper_batch: call == 247...took 65.7659010887146s
    taper_batch: call == 248...took 65.732497215271s
    taper_batch: call == 249...took 65.76153492927551s
    taper_batch: call == 250...took 65.76566696166992s
    taper_batch: call == 251...took 65.8481137752533s
iter=389, loss=1.59e-05, mse=1.09e-05, tik=5.02e-06, reg_strength=1.00e-07, training.loss: 1.25e+01, lr: 1.000e+00, obs_data.norm: 1.15e+02, out.norm: 1.87e+01, rank: 0
    taper_batch: call == 252...took 65.77114534378052s
    taper_batch: call == 253...took 65.81793761253357s
    taper_batch: call == 254...took 65.8156385421753s
    taper_batch: call == 255...took 65.77410340309143s
    taper_batch: call == 256...took 65.82265710830688s
    taper_batch: call == 257...took 65.77359080314636s
    taper_batch: call == 258...took 65.78391027450562s
    taper_batch: call == 259...took 65.77365112304688s
    taper_batch: call == 260...took 65.83772015571594s
    taper_batch: call == 261...took 65.7206814289093s
iter=404, loss=1.56e-05, mse=1.06e-05, tik=5.05e-06, reg_strength=1.00e-07, training.loss: 1.23e+01, lr: 1.000e+00, obs_data.norm: 1.15e+02, out.norm: 1.87e+01, rank: 0
    taper_batch: call == 262...took 65.76795983314514s
    taper_batch: call == 263...took 65.82529997825623s
    taper_batch: call == 264...took 65.85247921943665s
    taper_batch: call == 265...took 65.76525044441223s
    taper_batch: call == 266...took 65.83025455474854s
    taper_batch: call == 267...took 65.77577471733093s
    taper_batch: call == 268...took 65.73800349235535s
    taper_batch: call == 269...took 65.77070093154907s
    taper_batch: call == 270...took 65.74256491661072s
    taper_batch: call == 271...took 65.83831787109375s
iter=419, loss=1.53e-05, mse=1.03e-05, tik=5.04e-06, reg_strength=1.00e-07, training.loss: 1.21e+01, lr: 1.000e+00, obs_data.norm: 1.15e+02, out.norm: 1.87e+01, rank: 0
    taper_batch: call == 272...took 65.77259707450867s
    taper_batch: call == 273...took 65.74212598800659s
    taper_batch: call == 274...took 65.76032280921936s
    taper_batch: call == 275...took 65.76967883110046s
    taper_batch: call == 276...took 65.85632634162903s
    taper_batch: call == 277...took 65.76025938987732s
    taper_batch: call == 278...took 65.83111047744751s
    taper_batch: call == 279...took 65.75541377067566s
    taper_batch: call == 280...took 65.83755135536194s
    taper_batch: call == 281...took 65.74905705451965s
iter=434, loss=1.51e-05, mse=1.00e-05, tik=5.06e-06, reg_strength=1.00e-07, training.loss: 1.19e+01, lr: 1.000e+00, obs_data.norm: 1.15e+02, out.norm: 1.87e+01, rank: 0
    taper_batch: call == 282...took 65.76258587837219s
    taper_batch: call == 283...took 65.80925035476685s
    taper_batch: call == 284...took 65.84625172615051s
    taper_batch: call == 285...took 65.76551747322083s
    taper_batch: call == 286...took 65.80901169776917s
    taper_batch: call == 287...took 65.76533007621765s
    taper_batch: call == 288...took 65.85856008529663s
    taper_batch: call == 289...took 65.75625109672546s
    taper_batch: call == 290...took 65.8315818309784s
    taper_batch: call == 291...took 65.67049813270569s
iter=449, loss=1.46e-05, mse=9.57e-06, tik=5.06e-06, reg_strength=1.00e-07, training.loss: 1.17e+01, lr: 1.000e+00, obs_data.norm: 1.15e+02, out.norm: 1.87e+01, rank: 0
    taper_batch: call == 292...took 65.76736688613892s
    taper_batch: call == 293...took 65.72338771820068s
    taper_batch: call == 294...took 65.75970554351807s
    taper_batch: call == 295...took 65.76995635032654s
    taper_batch: call == 296...took 65.75052881240845s
    taper_batch: call == 297...took 65.76285743713379s
    taper_batch: call == 298...took 65.76370024681091s
    taper_batch: call == 299...took 65.76252603530884s
    taper_batch: call == 300...took 65.85903859138489s
Presaving loss
Presaving vp
Presaving out
Train time rank 0: 19722.15 seconds.
