Preprocessing took 0.00 seconds.
   Loading /home/tyler/anaconda3/envs/dw/data/marmousi/deepwave_example/shots16/twolayer/vp_init.pt...torch.Size([600, 250])
   Loading /home/tyler/anaconda3/envs/dw/data/marmousi/deepwave_example/shots16/twolayer/src_amp_y.pt...torch.Size([16, 1, 300])
   Loading /home/tyler/anaconda3/envs/dw/data/marmousi/deepwave_example/shots16/twolayer/obs_data.pt...torch.Size([16, 100, 300])
   Loading /home/tyler/anaconda3/envs/dw/data/marmousi/deepwave_example/shots16/twolayer/src_loc_y.pt...torch.Size([16, 1, 2])
   Loading /home/tyler/anaconda3/envs/dw/data/marmousi/deepwave_example/shots16/twolayer/rec_loc_y.pt...torch.Size([16, 100, 2])
Preprocess time rank 0: 0.38 seconds.
iter=0, loss=3.13e-03, mse=3.13e-03, tik=0.00e+00, reg_strength=1.00e-07, training.loss: 3.13e+03, lr: 1.000e+00, obs_data.norm: 3.94e+01, out.norm: 4.04e+01, rank: 0
iter=1, loss=2.07e-03, mse=2.02e-03, tik=4.53e-05, reg_strength=1.00e-07, training.loss: 2.07e+03, lr: 1.000e+00, obs_data.norm: 3.94e+01, out.norm: 2.92e+01, rank: 0
iter=2, loss=1.91e-03, mse=1.87e-03, tik=4.01e-05, reg_strength=1.00e-07, training.loss: 1.91e+03, lr: 1.000e+00, obs_data.norm: 3.94e+01, out.norm: 3.02e+01, rank: 0
iter=3, loss=1.83e-03, mse=1.79e-03, tik=3.69e-05, reg_strength=1.00e-07, training.loss: 1.83e+03, lr: 1.000e+00, obs_data.norm: 3.94e+01, out.norm: 3.08e+01, rank: 0
iter=4, loss=1.78e-03, mse=1.74e-03, tik=3.49e-05, reg_strength=1.00e-07, training.loss: 1.78e+03, lr: 1.000e+00, obs_data.norm: 3.94e+01, out.norm: 3.10e+01, rank: 0
iter=5, loss=1.75e-03, mse=1.72e-03, tik=3.22e-05, reg_strength=1.00e-07, training.loss: 1.75e+03, lr: 1.000e+00, obs_data.norm: 3.94e+01, out.norm: 3.10e+01, rank: 0
iter=6, loss=1.69e-03, mse=1.66e-03, tik=3.09e-05, reg_strength=1.00e-07, training.loss: 1.69e+03, lr: 1.000e+00, obs_data.norm: 3.94e+01, out.norm: 3.16e+01, rank: 0
iter=7, loss=1.63e-03, mse=1.60e-03, tik=2.88e-05, reg_strength=1.00e-07, training.loss: 1.63e+03, lr: 1.000e+00, obs_data.norm: 3.94e+01, out.norm: 3.18e+01, rank: 0
iter=8, loss=1.52e-03, mse=1.49e-03, tik=2.92e-05, reg_strength=1.00e-07, training.loss: 1.52e+03, lr: 1.000e+00, obs_data.norm: 3.94e+01, out.norm: 3.26e+01, rank: 0
iter=9, loss=3.12e-03, mse=3.03e-03, tik=8.57e-05, reg_strength=1.00e-07, training.loss: 3.12e+03, lr: 1.000e+00, obs_data.norm: 3.94e+01, out.norm: 3.01e+01, rank: 0
iter=10, loss=3.06e-03, mse=2.51e-03, tik=5.49e-04, reg_strength=1.00e-07, training.loss: 3.06e+03, lr: 1.000e+00, obs_data.norm: 3.94e+01, out.norm: 3.60e+01, rank: 0
iter=11, loss=1.90e-03, mse=1.73e-03, tik=1.71e-04, reg_strength=1.00e-07, training.loss: 1.90e+03, lr: 1.000e+00, obs_data.norm: 3.94e+01, out.norm: 3.52e+01, rank: 0
iter=12, loss=1.35e-03, mse=1.23e-03, tik=1.23e-04, reg_strength=1.00e-07, training.loss: 1.35e+03, lr: 1.000e+00, obs_data.norm: 3.94e+01, out.norm: 3.40e+01, rank: 0
iter=13, loss=9.90e-04, mse=8.99e-04, tik=9.14e-05, reg_strength=1.00e-07, training.loss: 9.90e+02, lr: 1.000e+00, obs_data.norm: 3.94e+01, out.norm: 3.46e+01, rank: 0
iter=14, loss=7.89e-04, mse=7.20e-04, tik=6.88e-05, reg_strength=1.00e-07, training.loss: 7.89e+02, lr: 1.000e+00, obs_data.norm: 3.94e+01, out.norm: 3.53e+01, rank: 0
iter=15, loss=6.32e-04, mse=5.76e-04, tik=5.57e-05, reg_strength=1.00e-07, training.loss: 6.32e+02, lr: 1.000e+00, obs_data.norm: 3.94e+01, out.norm: 3.65e+01, rank: 0
iter=16, loss=5.31e-04, mse=4.81e-04, tik=5.04e-05, reg_strength=1.00e-07, training.loss: 5.31e+02, lr: 1.000e+00, obs_data.norm: 3.94e+01, out.norm: 3.69e+01, rank: 0
iter=17, loss=4.55e-04, mse=4.09e-04, tik=4.62e-05, reg_strength=1.00e-07, training.loss: 4.55e+02, lr: 1.000e+00, obs_data.norm: 3.94e+01, out.norm: 3.73e+01, rank: 0
iter=18, loss=3.95e-04, mse=3.53e-04, tik=4.23e-05, reg_strength=1.00e-07, training.loss: 3.95e+02, lr: 1.000e+00, obs_data.norm: 3.94e+01, out.norm: 3.77e+01, rank: 0
iter=19, loss=3.45e-04, mse=3.06e-04, tik=3.89e-05, reg_strength=1.00e-07, training.loss: 3.45e+02, lr: 1.000e+00, obs_data.norm: 3.94e+01, out.norm: 3.79e+01, rank: 0
iter=20, loss=2.98e-04, mse=2.62e-04, tik=3.57e-05, reg_strength=1.00e-07, training.loss: 2.98e+02, lr: 1.000e+00, obs_data.norm: 3.94e+01, out.norm: 3.81e+01, rank: 0
iter=21, loss=2.68e-04, mse=2.36e-04, tik=3.22e-05, reg_strength=1.00e-07, training.loss: 2.68e+02, lr: 1.000e+00, obs_data.norm: 3.94e+01, out.norm: 3.84e+01, rank: 0
iter=22, loss=2.43e-04, mse=2.13e-04, tik=2.96e-05, reg_strength=1.00e-07, training.loss: 2.43e+02, lr: 1.000e+00, obs_data.norm: 3.94e+01, out.norm: 3.84e+01, rank: 0
iter=23, loss=2.19e-04, mse=1.92e-04, tik=2.67e-05, reg_strength=1.00e-07, training.loss: 2.19e+02, lr: 1.000e+00, obs_data.norm: 3.94e+01, out.norm: 3.85e+01, rank: 0
iter=24, loss=1.96e-04, mse=1.72e-04, tik=2.46e-05, reg_strength=1.00e-07, training.loss: 1.96e+02, lr: 1.000e+00, obs_data.norm: 3.94e+01, out.norm: 3.85e+01, rank: 0
Presaving loss
Presaving vp
Presaving out
Train time rank 0: 120.18 seconds.
