Preprocessing took 0.00 seconds.
   Loading /home/tyler/anaconda3/envs/dw/data/marmousi/deepwave_example/shots16/twolayer/vp_init.pt...torch.Size([600, 250])
   Loading /home/tyler/anaconda3/envs/dw/data/marmousi/deepwave_example/shots16/twolayer/src_amp_y.pt...torch.Size([16, 1, 300])
   Loading /home/tyler/anaconda3/envs/dw/data/marmousi/deepwave_example/shots16/twolayer/obs_data.pt...torch.Size([16, 100, 300])
   Loading /home/tyler/anaconda3/envs/dw/data/marmousi/deepwave_example/shots16/twolayer/src_loc_y.pt...torch.Size([16, 1, 2])
   Loading /home/tyler/anaconda3/envs/dw/data/marmousi/deepwave_example/shots16/twolayer/rec_loc_y.pt...torch.Size([16, 100, 2])
Preprocess time rank 1: 0.25 seconds.
iter=0, loss=3.66e-03, mse=3.66e-03, tik=0.00e+00, reg_strength=1.00e-07, training.loss: 3.66e+03, lr: 1.000e+00, obs_data.norm: 3.98e+01, out.norm: 4.07e+01, rank: 1
iter=1, loss=2.51e-03, mse=2.47e-03, tik=4.53e-05, reg_strength=1.00e-07, training.loss: 2.51e+03, lr: 1.000e+00, obs_data.norm: 3.98e+01, out.norm: 2.83e+01, rank: 1
iter=2, loss=2.12e-03, mse=2.08e-03, tik=4.01e-05, reg_strength=1.00e-07, training.loss: 2.12e+03, lr: 1.000e+00, obs_data.norm: 3.98e+01, out.norm: 2.98e+01, rank: 1
iter=3, loss=1.96e-03, mse=1.93e-03, tik=3.69e-05, reg_strength=1.00e-07, training.loss: 1.96e+03, lr: 1.000e+00, obs_data.norm: 3.98e+01, out.norm: 3.04e+01, rank: 1
iter=4, loss=1.89e-03, mse=1.86e-03, tik=3.49e-05, reg_strength=1.00e-07, training.loss: 1.89e+03, lr: 1.000e+00, obs_data.norm: 3.98e+01, out.norm: 3.07e+01, rank: 1
iter=5, loss=1.82e-03, mse=1.79e-03, tik=3.22e-05, reg_strength=1.00e-07, training.loss: 1.82e+03, lr: 1.000e+00, obs_data.norm: 3.98e+01, out.norm: 3.10e+01, rank: 1
iter=6, loss=1.76e-03, mse=1.72e-03, tik=3.09e-05, reg_strength=1.00e-07, training.loss: 1.76e+03, lr: 1.000e+00, obs_data.norm: 3.98e+01, out.norm: 3.11e+01, rank: 1
iter=7, loss=1.63e-03, mse=1.60e-03, tik=2.88e-05, reg_strength=1.00e-07, training.loss: 1.63e+03, lr: 1.000e+00, obs_data.norm: 3.98e+01, out.norm: 3.21e+01, rank: 1
iter=8, loss=1.61e-03, mse=1.58e-03, tik=2.92e-05, reg_strength=1.00e-07, training.loss: 1.61e+03, lr: 1.000e+00, obs_data.norm: 3.98e+01, out.norm: 3.22e+01, rank: 1
iter=9, loss=3.57e-03, mse=3.48e-03, tik=8.57e-05, reg_strength=1.00e-07, training.loss: 3.57e+03, lr: 1.000e+00, obs_data.norm: 3.98e+01, out.norm: 2.75e+01, rank: 1
iter=10, loss=3.48e-03, mse=2.93e-03, tik=5.49e-04, reg_strength=1.00e-07, training.loss: 3.48e+03, lr: 1.000e+00, obs_data.norm: 3.98e+01, out.norm: 3.42e+01, rank: 1
iter=11, loss=2.41e-03, mse=2.23e-03, tik=1.71e-04, reg_strength=1.00e-07, training.loss: 2.41e+03, lr: 1.000e+00, obs_data.norm: 3.98e+01, out.norm: 3.40e+01, rank: 1
iter=12, loss=1.69e-03, mse=1.57e-03, tik=1.23e-04, reg_strength=1.00e-07, training.loss: 1.69e+03, lr: 1.000e+00, obs_data.norm: 3.98e+01, out.norm: 3.41e+01, rank: 1
iter=13, loss=1.29e-03, mse=1.19e-03, tik=9.14e-05, reg_strength=1.00e-07, training.loss: 1.29e+03, lr: 1.000e+00, obs_data.norm: 3.98e+01, out.norm: 3.47e+01, rank: 1
iter=14, loss=9.90e-04, mse=9.21e-04, tik=6.88e-05, reg_strength=1.00e-07, training.loss: 9.90e+02, lr: 1.000e+00, obs_data.norm: 3.98e+01, out.norm: 3.56e+01, rank: 1
iter=15, loss=7.77e-04, mse=7.22e-04, tik=5.57e-05, reg_strength=1.00e-07, training.loss: 7.77e+02, lr: 1.000e+00, obs_data.norm: 3.98e+01, out.norm: 3.64e+01, rank: 1
iter=16, loss=6.51e-04, mse=6.01e-04, tik=5.04e-05, reg_strength=1.00e-07, training.loss: 6.51e+02, lr: 1.000e+00, obs_data.norm: 3.98e+01, out.norm: 3.69e+01, rank: 1
iter=17, loss=5.35e-04, mse=4.89e-04, tik=4.62e-05, reg_strength=1.00e-07, training.loss: 5.35e+02, lr: 1.000e+00, obs_data.norm: 3.98e+01, out.norm: 3.74e+01, rank: 1
iter=18, loss=4.58e-04, mse=4.16e-04, tik=4.23e-05, reg_strength=1.00e-07, training.loss: 4.58e+02, lr: 1.000e+00, obs_data.norm: 3.98e+01, out.norm: 3.79e+01, rank: 1
iter=19, loss=3.90e-04, mse=3.51e-04, tik=3.89e-05, reg_strength=1.00e-07, training.loss: 3.90e+02, lr: 1.000e+00, obs_data.norm: 3.98e+01, out.norm: 3.84e+01, rank: 1
iter=20, loss=3.42e-04, mse=3.06e-04, tik=3.57e-05, reg_strength=1.00e-07, training.loss: 3.42e+02, lr: 1.000e+00, obs_data.norm: 3.98e+01, out.norm: 3.85e+01, rank: 1
iter=21, loss=3.05e-04, mse=2.73e-04, tik=3.22e-05, reg_strength=1.00e-07, training.loss: 3.05e+02, lr: 1.000e+00, obs_data.norm: 3.98e+01, out.norm: 3.87e+01, rank: 1
iter=22, loss=2.72e-04, mse=2.42e-04, tik=2.96e-05, reg_strength=1.00e-07, training.loss: 2.72e+02, lr: 1.000e+00, obs_data.norm: 3.98e+01, out.norm: 3.88e+01, rank: 1
iter=23, loss=2.39e-04, mse=2.12e-04, tik=2.67e-05, reg_strength=1.00e-07, training.loss: 2.39e+02, lr: 1.000e+00, obs_data.norm: 3.98e+01, out.norm: 3.90e+01, rank: 1
iter=24, loss=2.02e-04, mse=1.77e-04, tik=2.46e-05, reg_strength=1.00e-07, training.loss: 2.02e+02, lr: 1.000e+00, obs_data.norm: 3.98e+01, out.norm: 3.92e+01, rank: 1
Presaving loss
Presaving vp
Presaving out
Train time rank 1: 120.18 seconds.
