Preprocessing took 0.00 seconds.
   Loading /home/tyler/anaconda3/envs/dw/data/marmousi/deepwave_example/shots16/twolayer/vp_init.pt...torch.Size([600, 250])
   Loading /home/tyler/anaconda3/envs/dw/data/marmousi/deepwave_example/shots16/twolayer/src_amp_y.pt...torch.Size([16, 1, 300])
   Loading /home/tyler/anaconda3/envs/dw/data/marmousi/deepwave_example/shots16/twolayer/obs_data.pt...torch.Size([16, 100, 300])
   Loading /home/tyler/anaconda3/envs/dw/data/marmousi/deepwave_example/shots16/twolayer/src_loc_y.pt...torch.Size([16, 1, 2])
   Loading /home/tyler/anaconda3/envs/dw/data/marmousi/deepwave_example/shots16/twolayer/rec_loc_y.pt...torch.Size([16, 100, 2])
Preprocess time rank 0: 0.35 seconds.
iter=0, loss=3.13e-03, mse=3.13e-03, tik=0.00e+00, reg_strength=1.00e-08, training.loss: 3.13e+03, lr: 1.000e+00, obs_data.norm: 3.94e+01, out.norm: 4.04e+01, rank: 0
iter=1, loss=2.03e-03, mse=2.03e-03, tik=4.98e-06, reg_strength=1.00e-08, training.loss: 2.03e+03, lr: 1.000e+00, obs_data.norm: 3.94e+01, out.norm: 2.91e+01, rank: 0
iter=2, loss=1.88e-03, mse=1.88e-03, tik=4.69e-06, reg_strength=1.00e-08, training.loss: 1.88e+03, lr: 1.000e+00, obs_data.norm: 3.94e+01, out.norm: 3.00e+01, rank: 0
iter=3, loss=1.82e-03, mse=1.82e-03, tik=4.48e-06, reg_strength=1.00e-08, training.loss: 1.82e+03, lr: 1.000e+00, obs_data.norm: 3.94e+01, out.norm: 3.03e+01, rank: 0
iter=4, loss=1.77e-03, mse=1.77e-03, tik=4.46e-06, reg_strength=1.00e-08, training.loss: 1.77e+03, lr: 1.000e+00, obs_data.norm: 3.94e+01, out.norm: 3.05e+01, rank: 0
iter=5, loss=1.74e-03, mse=1.74e-03, tik=4.43e-06, reg_strength=1.00e-08, training.loss: 1.74e+03, lr: 1.000e+00, obs_data.norm: 3.94e+01, out.norm: 3.08e+01, rank: 0
iter=6, loss=1.73e-03, mse=1.72e-03, tik=4.49e-06, reg_strength=1.00e-08, training.loss: 1.73e+03, lr: 1.000e+00, obs_data.norm: 3.94e+01, out.norm: 3.08e+01, rank: 0
iter=7, loss=1.71e-03, mse=1.71e-03, tik=4.60e-06, reg_strength=1.00e-08, training.loss: 1.71e+03, lr: 1.000e+00, obs_data.norm: 3.94e+01, out.norm: 3.10e+01, rank: 0
iter=8, loss=1.70e-03, mse=1.70e-03, tik=4.68e-06, reg_strength=1.00e-08, training.loss: 1.70e+03, lr: 1.000e+00, obs_data.norm: 3.94e+01, out.norm: 3.10e+01, rank: 0
iter=9, loss=1.69e-03, mse=1.69e-03, tik=4.72e-06, reg_strength=1.00e-08, training.loss: 1.69e+03, lr: 1.000e+00, obs_data.norm: 3.94e+01, out.norm: 3.11e+01, rank: 0
iter=10, loss=1.68e-03, mse=1.68e-03, tik=4.76e-06, reg_strength=1.00e-08, training.loss: 1.68e+03, lr: 1.000e+00, obs_data.norm: 3.94e+01, out.norm: 3.11e+01, rank: 0
iter=11, loss=1.67e-03, mse=1.67e-03, tik=4.84e-06, reg_strength=1.00e-08, training.loss: 1.67e+03, lr: 1.000e+00, obs_data.norm: 3.94e+01, out.norm: 3.11e+01, rank: 0
iter=12, loss=1.66e-03, mse=1.66e-03, tik=4.94e-06, reg_strength=1.00e-08, training.loss: 1.66e+03, lr: 1.000e+00, obs_data.norm: 3.94e+01, out.norm: 3.12e+01, rank: 0
iter=13, loss=1.66e-03, mse=1.65e-03, tik=5.24e-06, reg_strength=1.00e-08, training.loss: 1.66e+03, lr: 1.000e+00, obs_data.norm: 3.94e+01, out.norm: 3.13e+01, rank: 0
iter=14, loss=1.64e-03, mse=1.64e-03, tik=5.21e-06, reg_strength=1.00e-08, training.loss: 1.64e+03, lr: 1.000e+00, obs_data.norm: 3.94e+01, out.norm: 3.13e+01, rank: 0
iter=15, loss=1.62e-03, mse=1.62e-03, tik=5.26e-06, reg_strength=1.00e-08, training.loss: 1.62e+03, lr: 1.000e+00, obs_data.norm: 3.94e+01, out.norm: 3.14e+01, rank: 0
iter=16, loss=1.60e-03, mse=1.60e-03, tik=5.34e-06, reg_strength=1.00e-08, training.loss: 1.60e+03, lr: 1.000e+00, obs_data.norm: 3.94e+01, out.norm: 3.14e+01, rank: 0
iter=17, loss=1.59e-03, mse=1.59e-03, tik=5.33e-06, reg_strength=1.00e-08, training.loss: 1.59e+03, lr: 1.000e+00, obs_data.norm: 3.94e+01, out.norm: 3.16e+01, rank: 0
iter=18, loss=1.57e-03, mse=1.56e-03, tik=5.57e-06, reg_strength=1.00e-08, training.loss: 1.57e+03, lr: 1.000e+00, obs_data.norm: 3.94e+01, out.norm: 3.18e+01, rank: 0
iter=19, loss=1.56e-03, mse=1.55e-03, tik=5.38e-06, reg_strength=1.00e-08, training.loss: 1.56e+03, lr: 1.000e+00, obs_data.norm: 3.94e+01, out.norm: 3.18e+01, rank: 0
iter=20, loss=1.55e-03, mse=1.55e-03, tik=5.29e-06, reg_strength=1.00e-08, training.loss: 1.55e+03, lr: 1.000e+00, obs_data.norm: 3.94e+01, out.norm: 3.19e+01, rank: 0
iter=21, loss=1.54e-03, mse=1.54e-03, tik=5.20e-06, reg_strength=1.00e-08, training.loss: 1.54e+03, lr: 1.000e+00, obs_data.norm: 3.94e+01, out.norm: 3.19e+01, rank: 0
iter=22, loss=1.53e-03, mse=1.53e-03, tik=5.14e-06, reg_strength=1.00e-08, training.loss: 1.53e+03, lr: 1.000e+00, obs_data.norm: 3.94e+01, out.norm: 3.19e+01, rank: 0
iter=23, loss=1.53e-03, mse=1.52e-03, tik=5.00e-06, reg_strength=1.00e-08, training.loss: 1.53e+03, lr: 1.000e+00, obs_data.norm: 3.94e+01, out.norm: 3.19e+01, rank: 0
iter=24, loss=1.52e-03, mse=1.51e-03, tik=4.95e-06, reg_strength=1.00e-08, training.loss: 1.52e+03, lr: 1.000e+00, obs_data.norm: 3.94e+01, out.norm: 3.20e+01, rank: 0
Presaving loss
Presaving vp
Presaving out
Train time rank 0: 120.12 seconds.
