Preprocessing took 0.00 seconds.
   Loading /home/tyler/anaconda3/envs/dw/data/marmousi/deepwave_example/shots16/twolayer/vp_init.pt...torch.Size([600, 250])
   Loading /home/tyler/anaconda3/envs/dw/data/marmousi/deepwave_example/shots16/twolayer/src_amp_y.pt...torch.Size([16, 1, 300])
   Loading /home/tyler/anaconda3/envs/dw/data/marmousi/deepwave_example/shots16/twolayer/obs_data.pt...torch.Size([16, 100, 300])
   Loading /home/tyler/anaconda3/envs/dw/data/marmousi/deepwave_example/shots16/twolayer/src_loc_y.pt...torch.Size([16, 1, 2])
   Loading /home/tyler/anaconda3/envs/dw/data/marmousi/deepwave_example/shots16/twolayer/rec_loc_y.pt...torch.Size([16, 100, 2])
Preprocess time rank 0: 0.35 seconds.
iter=0, loss=3.13e-03, mse=3.13e-03, tik=0.00e+00, reg_strength=1.00e-09, training.loss: 3.13e+03, lr: 1.000e+00, obs_data.norm: 3.94e+01, out.norm: 4.04e+01, rank: 0
iter=1, loss=2.03e-03, mse=2.03e-03, tik=4.83e-07, reg_strength=9.60e-10, training.loss: 2.03e+03, lr: 1.000e+00, obs_data.norm: 3.94e+01, out.norm: 2.91e+01, rank: 0
iter=2, loss=1.89e-03, mse=1.89e-03, tik=4.38e-07, reg_strength=9.20e-10, training.loss: 1.89e+03, lr: 1.000e+00, obs_data.norm: 3.94e+01, out.norm: 2.98e+01, rank: 0
iter=3, loss=1.82e-03, mse=1.82e-03, tik=4.06e-07, reg_strength=8.80e-10, training.loss: 1.82e+03, lr: 1.000e+00, obs_data.norm: 3.94e+01, out.norm: 3.01e+01, rank: 0
iter=4, loss=1.78e-03, mse=1.77e-03, tik=3.85e-07, reg_strength=8.40e-10, training.loss: 1.78e+03, lr: 1.000e+00, obs_data.norm: 3.94e+01, out.norm: 3.05e+01, rank: 0
iter=5, loss=1.75e-03, mse=1.75e-03, tik=3.70e-07, reg_strength=8.00e-10, training.loss: 1.75e+03, lr: 1.000e+00, obs_data.norm: 3.94e+01, out.norm: 3.06e+01, rank: 0
iter=6, loss=1.72e-03, mse=1.72e-03, tik=3.61e-07, reg_strength=7.60e-10, training.loss: 1.72e+03, lr: 1.000e+00, obs_data.norm: 3.94e+01, out.norm: 3.08e+01, rank: 0
iter=7, loss=1.71e-03, mse=1.71e-03, tik=3.55e-07, reg_strength=7.20e-10, training.loss: 1.71e+03, lr: 1.000e+00, obs_data.norm: 3.94e+01, out.norm: 3.08e+01, rank: 0
iter=8, loss=1.70e-03, mse=1.70e-03, tik=3.43e-07, reg_strength=6.80e-10, training.loss: 1.70e+03, lr: 1.000e+00, obs_data.norm: 3.94e+01, out.norm: 3.08e+01, rank: 0
iter=9, loss=1.69e-03, mse=1.69e-03, tik=3.31e-07, reg_strength=6.40e-10, training.loss: 1.69e+03, lr: 1.000e+00, obs_data.norm: 3.94e+01, out.norm: 3.09e+01, rank: 0
iter=10, loss=1.68e-03, mse=1.68e-03, tik=3.19e-07, reg_strength=6.00e-10, training.loss: 1.68e+03, lr: 1.000e+00, obs_data.norm: 3.94e+01, out.norm: 3.11e+01, rank: 0
iter=11, loss=1.68e-03, mse=1.68e-03, tik=3.04e-07, reg_strength=5.60e-10, training.loss: 1.68e+03, lr: 1.000e+00, obs_data.norm: 3.94e+01, out.norm: 3.11e+01, rank: 0
iter=12, loss=1.68e-03, mse=1.67e-03, tik=2.86e-07, reg_strength=5.20e-10, training.loss: 1.68e+03, lr: 1.000e+00, obs_data.norm: 3.94e+01, out.norm: 3.11e+01, rank: 0
iter=13, loss=1.67e-03, mse=1.67e-03, tik=2.68e-07, reg_strength=4.80e-10, training.loss: 1.67e+03, lr: 1.000e+00, obs_data.norm: 3.94e+01, out.norm: 3.11e+01, rank: 0
iter=14, loss=1.66e-03, mse=1.66e-03, tik=2.52e-07, reg_strength=4.40e-10, training.loss: 1.66e+03, lr: 1.000e+00, obs_data.norm: 3.94e+01, out.norm: 3.11e+01, rank: 0
iter=15, loss=1.66e-03, mse=1.66e-03, tik=2.34e-07, reg_strength=4.00e-10, training.loss: 1.66e+03, lr: 1.000e+00, obs_data.norm: 3.94e+01, out.norm: 3.11e+01, rank: 0
iter=16, loss=1.65e-03, mse=1.65e-03, tik=2.16e-07, reg_strength=3.60e-10, training.loss: 1.65e+03, lr: 1.000e+00, obs_data.norm: 3.94e+01, out.norm: 3.12e+01, rank: 0
iter=17, loss=1.65e-03, mse=1.65e-03, tik=1.95e-07, reg_strength=3.20e-10, training.loss: 1.65e+03, lr: 1.000e+00, obs_data.norm: 3.94e+01, out.norm: 3.12e+01, rank: 0
iter=18, loss=1.64e-03, mse=1.64e-03, tik=1.78e-07, reg_strength=2.80e-10, training.loss: 1.64e+03, lr: 1.000e+00, obs_data.norm: 3.94e+01, out.norm: 3.12e+01, rank: 0
iter=19, loss=1.62e-03, mse=1.62e-03, tik=1.54e-07, reg_strength=2.40e-10, training.loss: 1.62e+03, lr: 1.000e+00, obs_data.norm: 3.94e+01, out.norm: 3.14e+01, rank: 0
iter=20, loss=1.62e-03, mse=1.62e-03, tik=1.31e-07, reg_strength=2.00e-10, training.loss: 1.62e+03, lr: 1.000e+00, obs_data.norm: 3.94e+01, out.norm: 3.14e+01, rank: 0
iter=21, loss=1.61e-03, mse=1.61e-03, tik=1.06e-07, reg_strength=1.60e-10, training.loss: 1.61e+03, lr: 1.000e+00, obs_data.norm: 3.94e+01, out.norm: 3.14e+01, rank: 0
iter=22, loss=1.60e-03, mse=1.60e-03, tik=8.07e-08, reg_strength=1.20e-10, training.loss: 1.60e+03, lr: 1.000e+00, obs_data.norm: 3.94e+01, out.norm: 3.15e+01, rank: 0
iter=23, loss=1.61e-03, mse=1.61e-03, tik=6.87e-08, reg_strength=1.00e-10, training.loss: 1.61e+03, lr: 1.000e+00, obs_data.norm: 3.94e+01, out.norm: 3.15e+01, rank: 0
iter=24, loss=1.58e-03, mse=1.58e-03, tik=6.90e-08, reg_strength=1.00e-10, training.loss: 1.58e+03, lr: 1.000e+00, obs_data.norm: 3.94e+01, out.norm: 3.15e+01, rank: 0
Presaving loss
Presaving vp
Presaving out
Train time rank 0: 120.32 seconds.
