Preprocessing took 0.00 seconds.
   Loading /home/tyler/anaconda3/envs/dw/data/marmousi/deepwave_example/shots16/twolayer/vp_init.pt...torch.Size([600, 250])
   Loading /home/tyler/anaconda3/envs/dw/data/marmousi/deepwave_example/shots16/twolayer/src_amp_y.pt...torch.Size([16, 1, 300])
   Loading /home/tyler/anaconda3/envs/dw/data/marmousi/deepwave_example/shots16/twolayer/obs_data.pt...torch.Size([16, 100, 300])
   Loading /home/tyler/anaconda3/envs/dw/data/marmousi/deepwave_example/shots16/twolayer/src_loc_y.pt...torch.Size([16, 1, 2])
   Loading /home/tyler/anaconda3/envs/dw/data/marmousi/deepwave_example/shots16/twolayer/rec_loc_y.pt...torch.Size([16, 100, 2])
Preprocess time rank 0: 0.36 seconds.
iter=0, loss=3.13e-03, mse=3.13e-03, tik=0.00e+00, reg_strength=1.00e-08, training.loss: 3.13e+03, lr: 1.000e+00, obs_data.norm: 3.94e+01, out.norm: 4.04e+01, rank: 0
iter=1, loss=2.03e-03, mse=2.03e-03, tik=4.79e-06, reg_strength=9.60e-09, training.loss: 2.03e+03, lr: 1.000e+00, obs_data.norm: 3.94e+01, out.norm: 2.91e+01, rank: 0
iter=2, loss=1.89e-03, mse=1.88e-03, tik=4.31e-06, reg_strength=9.20e-09, training.loss: 1.89e+03, lr: 1.000e+00, obs_data.norm: 3.94e+01, out.norm: 2.99e+01, rank: 0
iter=3, loss=1.82e-03, mse=1.82e-03, tik=3.97e-06, reg_strength=8.80e-09, training.loss: 1.82e+03, lr: 1.000e+00, obs_data.norm: 3.94e+01, out.norm: 3.02e+01, rank: 0
iter=4, loss=1.77e-03, mse=1.77e-03, tik=3.80e-06, reg_strength=8.40e-09, training.loss: 1.77e+03, lr: 1.000e+00, obs_data.norm: 3.94e+01, out.norm: 3.04e+01, rank: 0
iter=5, loss=1.74e-03, mse=1.74e-03, tik=3.59e-06, reg_strength=8.00e-09, training.loss: 1.74e+03, lr: 1.000e+00, obs_data.norm: 3.94e+01, out.norm: 3.08e+01, rank: 0
iter=6, loss=1.73e-03, mse=1.72e-03, tik=3.46e-06, reg_strength=7.60e-09, training.loss: 1.73e+03, lr: 1.000e+00, obs_data.norm: 3.94e+01, out.norm: 3.08e+01, rank: 0
iter=7, loss=1.71e-03, mse=1.71e-03, tik=3.36e-06, reg_strength=7.20e-09, training.loss: 1.71e+03, lr: 1.000e+00, obs_data.norm: 3.94e+01, out.norm: 3.09e+01, rank: 0
iter=8, loss=1.70e-03, mse=1.70e-03, tik=3.25e-06, reg_strength=6.80e-09, training.loss: 1.70e+03, lr: 1.000e+00, obs_data.norm: 3.94e+01, out.norm: 3.11e+01, rank: 0
iter=9, loss=1.69e-03, mse=1.69e-03, tik=3.13e-06, reg_strength=6.40e-09, training.loss: 1.69e+03, lr: 1.000e+00, obs_data.norm: 3.94e+01, out.norm: 3.11e+01, rank: 0
iter=10, loss=1.68e-03, mse=1.68e-03, tik=2.98e-06, reg_strength=6.00e-09, training.loss: 1.68e+03, lr: 1.000e+00, obs_data.norm: 3.94e+01, out.norm: 3.11e+01, rank: 0
iter=11, loss=1.68e-03, mse=1.68e-03, tik=2.80e-06, reg_strength=5.60e-09, training.loss: 1.68e+03, lr: 1.000e+00, obs_data.norm: 3.94e+01, out.norm: 3.11e+01, rank: 0
iter=12, loss=1.66e-03, mse=1.66e-03, tik=2.66e-06, reg_strength=5.20e-09, training.loss: 1.66e+03, lr: 1.000e+00, obs_data.norm: 3.94e+01, out.norm: 3.11e+01, rank: 0
iter=13, loss=1.66e-03, mse=1.65e-03, tik=2.51e-06, reg_strength=4.80e-09, training.loss: 1.66e+03, lr: 1.000e+00, obs_data.norm: 3.94e+01, out.norm: 3.12e+01, rank: 0
iter=14, loss=1.65e-03, mse=1.65e-03, tik=2.40e-06, reg_strength=4.40e-09, training.loss: 1.65e+03, lr: 1.000e+00, obs_data.norm: 3.94e+01, out.norm: 3.13e+01, rank: 0
iter=15, loss=1.64e-03, mse=1.63e-03, tik=2.27e-06, reg_strength=4.00e-09, training.loss: 1.64e+03, lr: 1.000e+00, obs_data.norm: 3.94e+01, out.norm: 3.13e+01, rank: 0
iter=16, loss=5.03e-03, mse=4.77e-03, tik=2.66e-04, reg_strength=3.60e-09, training.loss: 5.03e+03, lr: 1.000e+00, obs_data.norm: 3.94e+01, out.norm: 3.96e+01, rank: 0
iter=17, loss=5.96e-03, mse=4.97e-03, tik=9.92e-04, reg_strength=3.20e-09, training.loss: 5.96e+03, lr: 1.000e+00, obs_data.norm: 3.94e+01, out.norm: 3.07e+01, rank: 0
iter=18, loss=2.74e+02, mse=5.47e-03, tik=2.74e+02, reg_strength=2.80e-09, training.loss: 2.74e+08, lr: 1.000e+00, obs_data.norm: 3.94e+01, out.norm: 4.06e+01, rank: 0
iter=19, loss=inf, mse=4.75e-03, tik=inf, reg_strength=2.40e-09, training.loss: inf, lr: 1.000e+00, obs_data.norm: 3.94e+01, out.norm: 2.91e+01, rank: 0
iter=20, loss=inf, mse=4.75e-03, tik=inf, reg_strength=2.00e-09, training.loss: inf, lr: 1.000e+00, obs_data.norm: 3.94e+01, out.norm: 2.91e+01, rank: 0
iter=21, loss=inf, mse=4.75e-03, tik=inf, reg_strength=1.60e-09, training.loss: inf, lr: 1.000e+00, obs_data.norm: 3.94e+01, out.norm: 2.91e+01, rank: 0
iter=22, loss=inf, mse=4.75e-03, tik=inf, reg_strength=1.20e-09, training.loss: inf, lr: 1.000e+00, obs_data.norm: 3.94e+01, out.norm: 2.91e+01, rank: 0
iter=23, loss=inf, mse=4.75e-03, tik=inf, reg_strength=8.00e-10, training.loss: inf, lr: 1.000e+00, obs_data.norm: 3.94e+01, out.norm: 2.91e+01, rank: 0
iter=24, loss=inf, mse=4.75e-03, tik=inf, reg_strength=4.00e-10, training.loss: inf, lr: 1.000e+00, obs_data.norm: 3.94e+01, out.norm: 2.91e+01, rank: 0
Presaving loss
Presaving vp
Presaving out
Train time rank 0: 92.78 seconds.
